<?xml version="1.0" encoding="UTF-8"?>
<testsuite xmlns:xsi="http://www.w3.org/2001/XMLSchema-instance" xsi:noNamespaceSchemaLocation="https://maven.apache.org/surefire/maven-failsafe-plugin/xsd/failsafe-test-report.xsd" name="com.test.rest.api.SerenityTest_SkyScanner" time="4.046" tests="2" errors="2" skipped="0" failures="0">
  <properties>
    <property name="gopherProxySet" value="false"/>
    <property name="awt.toolkit" value="sun.lwawt.macosx.LWCToolkit"/>
    <property name="file.encoding.pkg" value="sun.io"/>
    <property name="java.specification.version" value="1.8"/>
    <property name="sun.cpu.isalist" value=""/>
    <property name="sun.jnu.encoding" value="UTF-8"/>
    <property name="java.class.path" value="/Users/ganeshranganathan/RestassureAPI/target/test-classes:/Users/ganeshranganathan/RestassureAPI/target/serenity-rest-assured-automation-0.0.1-SNAPSHOT.jar:/Users/ganeshranganathan/.m2/repository/net/serenity-bdd/serenity-core/2.0.69/serenity-core-2.0.69.jar:/Users/ganeshranganathan/.m2/repository/net/bytebuddy/byte-buddy/1.9.12/byte-buddy-1.9.12.jar:/Users/ganeshranganathan/.m2/repository/net/bytebuddy/byte-buddy-agent/1.9.12/byte-buddy-agent-1.9.12.jar:/Users/ganeshranganathan/.m2/repository/com/google/guava/guava/25.0-jre/guava-25.0-jre.jar:/Users/ganeshranganathan/.m2/repository/com/google/code/findbugs/jsr305/1.3.9/jsr305-1.3.9.jar:/Users/ganeshranganathan/.m2/repository/org/checkerframework/checker-compat-qual/2.0.0/checker-compat-qual-2.0.0.jar:/Users/ganeshranganathan/.m2/repository/com/google/errorprone/error_prone_annotations/2.1.3/error_prone_annotations-2.1.3.jar:/Users/ganeshranganathan/.m2/repository/com/google/j2objc/j2objc-annotations/1.1/j2objc-annotations-1.1.jar:/Users/ganeshranganathan/.m2/repository/org/codehaus/mojo/animal-sniffer-annotations/1.14/animal-sniffer-annotations-1.14.jar:/Users/ganeshranganathan/.m2/repository/com/google/inject/guice/4.2.2/guice-4.2.2.jar:/Users/ganeshranganathan/.m2/repository/javax/inject/javax.inject/1/javax.inject-1.jar:/Users/ganeshranganathan/.m2/repository/aopalliance/aopalliance/1.0/aopalliance-1.0.jar:/Users/ganeshranganathan/.m2/repository/cglib/cglib/3.2.5/cglib-3.2.5.jar:/Users/ganeshranganathan/.m2/repository/org/ow2/asm/asm/5.0.3/asm-5.0.3.jar:/Users/ganeshranganathan/.m2/repository/commons-codec/commons-codec/1.10/commons-codec-1.10.jar:/Users/ganeshranganathan/.m2/repository/org/objenesis/objenesis/2.6/objenesis-2.6.jar:/Users/ganeshranganathan/.m2/repository/org/slf4j/slf4j-api/1.7.25/slf4j-api-1.7.25.jar:/Users/ganeshranganathan/.m2/repository/xml-apis/xml-apis/1.4.01/xml-apis-1.4.01.jar:/Users/ganeshranganathan/.m2/repository/io/cucumber/cucumber-core/2.4.0/cucumber-core-2.4.0.jar:/Users/ganeshranganathan/.m2/repository/info/cukes/cucumber-html/0.2.6/cucumber-html-0.2.6.jar:/Users/ganeshranganathan/.m2/repository/io/cucumber/cucumber-jvm-deps/1.0.6/cucumber-jvm-deps-1.0.6.jar:/Users/ganeshranganathan/.m2/repository/io/cucumber/gherkin/5.0.0/gherkin-5.0.0.jar:/Users/ganeshranganathan/.m2/repository/io/cucumber/tag-expressions/1.1.1/tag-expressions-1.1.1.jar:/Users/ganeshranganathan/.m2/repository/commons-logging/commons-logging/1.2/commons-logging-1.2.jar:/Users/ganeshranganathan/.m2/repository/io/vavr/vavr/0.9.0/vavr-0.9.0.jar:/Users/ganeshranganathan/.m2/repository/io/vavr/vavr-match/0.9.0/vavr-match-0.9.0.jar:/Users/ganeshranganathan/.m2/repository/javax/xml/bind/jaxb-api/2.2.12/jaxb-api-2.2.12.jar:/Users/ganeshranganathan/.m2/repository/com/sun/xml/bind/jaxb-core/2.3.0.1/jaxb-core-2.3.0.1.jar:/Users/ganeshranganathan/.m2/repository/com/sun/xml/bind/jaxb-impl/2.3.0.1/jaxb-impl-2.3.0.1.jar:/Users/ganeshranganathan/.m2/repository/javax/activation/activation/1.1.1/activation-1.1.1.jar:/Users/ganeshranganathan/.m2/repository/org/mockito/mockito-core/2.25.0/mockito-core-2.25.0.jar:/Users/ganeshranganathan/.m2/repository/net/serenity-bdd/serenity-report-resources/2.0.69/serenity-report-resources-2.0.69.jar:/Users/ganeshranganathan/.m2/repository/net/serenity-bdd/serenity-model/2.0.69/serenity-model-2.0.69.jar:/Users/ganeshranganathan/.m2/repository/commons-net/commons-net/3.6/commons-net-3.6.jar:/Users/ganeshranganathan/.m2/repository/org/apache/commons/commons-text/1.6/commons-text-1.6.jar:/Users/ganeshranganathan/.m2/repository/net/serenity-bdd/serenity-reports/2.0.69/serenity-reports-2.0.69.jar:/Users/ganeshranganathan/.m2/repository/net/serenity-bdd/serenity-stats/2.0.69/serenity-stats-2.0.69.jar:/Users/ganeshranganathan/.m2/repository/org/jetbrains/kotlin/kotlin-stdlib/1.3.31/kotlin-stdlib-1.3.31.jar:/Users/ganeshranganathan/.m2/repository/org/jetbrains/kotlin/kotlin-stdlib-common/1.3.31/kotlin-stdlib-common-1.3.31.jar:/Users/ganeshranganathan/.m2/repository/org/jetbrains/annotations/13.0/annotations-13.0.jar:/Users/ganeshranganathan/.m2/repository/com/google/code/gson/gson/2.8.4/gson-2.8.4.jar:/Users/ganeshranganathan/.m2/repository/commons-io/commons-io/2.6/commons-io-2.6.jar:/Users/ganeshranganathan/.m2/repository/org/seleniumhq/selenium/selenium-server/3.141.59/selenium-server-3.141.59.jar:/Users/ganeshranganathan/.m2/repository/org/seleniumhq/selenium/selenium-firefox-driver/3.141.59/selenium-firefox-driver-3.141.59.jar:/Users/ganeshranganathan/.m2/repository/org/seleniumhq/selenium/selenium-ie-driver/3.141.59/selenium-ie-driver-3.141.59.jar:/Users/ganeshranganathan/.m2/repository/com/beust/jcommander/1.72/jcommander-1.72.jar:/Users/ganeshranganathan/.m2/repository/org/apache/commons/commons-exec/1.3/commons-exec-1.3.jar:/Users/ganeshranganathan/.m2/repository/net/jcip/jcip-annotations/1.0/jcip-annotations-1.0.jar:/Users/ganeshranganathan/.m2/repository/org/seleniumhq/selenium/jetty-repacked/9.4.12.v20180830/jetty-repacked-9.4.12.v20180830.jar:/Users/ganeshranganathan/.m2/repository/com/squareup/okhttp3/okhttp/3.11.0/okhttp-3.11.0.jar:/Users/ganeshranganathan/.m2/repository/com/squareup/okio/okio/1.14.0/okio-1.14.0.jar:/Users/ganeshranganathan/.m2/repository/javax/servlet/javax.servlet-api/3.1.0/javax.servlet-api-3.1.0.jar:/Users/ganeshranganathan/.m2/repository/org/yaml/snakeyaml/1.19/snakeyaml-1.19.jar:/Users/ganeshranganathan/.m2/repository/org/seleniumhq/selenium/selenium-java/3.141.59/selenium-java-3.141.59.jar:/Users/ganeshranganathan/.m2/repository/org/seleniumhq/selenium/selenium-api/3.141.59/selenium-api-3.141.59.jar:/Users/ganeshranganathan/.m2/repository/org/seleniumhq/selenium/selenium-chrome-driver/3.141.59/selenium-chrome-driver-3.141.59.jar:/Users/ganeshranganathan/.m2/repository/org/seleniumhq/selenium/selenium-edge-driver/3.141.59/selenium-edge-driver-3.141.59.jar:/Users/ganeshranganathan/.m2/repository/org/seleniumhq/selenium/selenium-remote-driver/3.141.59/selenium-remote-driver-3.141.59.jar:/Users/ganeshranganathan/.m2/repository/org/seleniumhq/selenium/selenium-safari-driver/3.141.59/selenium-safari-driver-3.141.59.jar:/Users/ganeshranganathan/.m2/repository/org/seleniumhq/selenium/selenium-opera-driver/3.141.59/selenium-opera-driver-3.141.59.jar:/Users/ganeshranganathan/.m2/repository/org/seleniumhq/selenium/selenium-support/3.141.59/selenium-support-3.141.59.jar:/Users/ganeshranganathan/.m2/repository/com/paulhammant/ngwebdriver/1.1.4/ngwebdriver-1.1.4.jar:/Users/ganeshranganathan/.m2/repository/com/codeborne/phantomjsdriver/1.4.4/phantomjsdriver-1.4.4.jar:/Users/ganeshranganathan/.m2/repository/org/eclipse/jetty/jetty-util/9.4.8.v20171121/jetty-util-9.4.8.v20171121.jar:/Users/ganeshranganathan/.m2/repository/org/eclipse/jetty/jetty-io/9.4.8.v20171121/jetty-io-9.4.8.v20171121.jar:/Users/ganeshranganathan/.m2/repository/org/seleniumhq/selenium/htmlunit-driver/2.33.1/htmlunit-driver-2.33.1.jar:/Users/ganeshranganathan/.m2/repository/io/appium/java-client/7.0.0/java-client-7.0.0.jar:/Users/ganeshranganathan/.m2/repository/commons-validator/commons-validator/1.6/commons-validator-1.6.jar:/Users/ganeshranganathan/.m2/repository/commons-beanutils/commons-beanutils/1.9.2/commons-beanutils-1.9.2.jar:/Users/ganeshranganathan/.m2/repository/commons-digester/commons-digester/1.8.1/commons-digester-1.8.1.jar:/Users/ganeshranganathan/.m2/repository/org/aspectj/aspectjweaver/1.9.1/aspectjweaver-1.9.1.jar:/Users/ganeshranganathan/.m2/repository/org/springframework/spring-context-support/5.1.2.RELEASE/spring-context-support-5.1.2.RELEASE.jar:/Users/ganeshranganathan/.m2/repository/org/springframework/spring-beans/5.1.2.RELEASE/spring-beans-5.1.2.RELEASE.jar:/Users/ganeshranganathan/.m2/repository/org/springframework/spring-context/5.1.2.RELEASE/spring-context-5.1.2.RELEASE.jar:/Users/ganeshranganathan/.m2/repository/org/springframework/spring-aop/5.1.2.RELEASE/spring-aop-5.1.2.RELEASE.jar:/Users/ganeshranganathan/.m2/repository/org/springframework/spring-expression/5.1.2.RELEASE/spring-expression-5.1.2.RELEASE.jar:/Users/ganeshranganathan/.m2/repository/org/springframework/spring-core/5.1.2.RELEASE/spring-core-5.1.2.RELEASE.jar:/Users/ganeshranganathan/.m2/repository/org/springframework/spring-jcl/5.1.2.RELEASE/spring-jcl-5.1.2.RELEASE.jar:/Users/ganeshranganathan/.m2/repository/org/glassfish/tyrus/tyrus-core/1.13.1/tyrus-core-1.13.1.jar:/Users/ganeshranganathan/.m2/repository/org/glassfish/tyrus/tyrus-spi/1.13.1/tyrus-spi-1.13.1.jar:/Users/ganeshranganathan/.m2/repository/javax/websocket/javax.websocket-api/1.1/javax.websocket-api-1.1.jar:/Users/ganeshranganathan/.m2/repository/org/codehaus/groovy/groovy/2.5.5/groovy-2.5.5.jar:/Users/ganeshranganathan/.m2/repository/net/sf/opencsv/opencsv/2.0/opencsv-2.0.jar:/Users/ganeshranganathan/.m2/repository/commons-beanutils/commons-beanutils-core/1.8.3/commons-beanutils-core-1.8.3.jar:/Users/ganeshranganathan/.m2/repository/joda-time/joda-time/2.7/joda-time-2.7.jar:/Users/ganeshranganathan/.m2/repository/com/thoughtworks/xstream/xstream/1.4.9/xstream-1.4.9.jar:/Users/ganeshranganathan/.m2/repository/xmlpull/xmlpull/1.1.3.1/xmlpull-1.1.3.1.jar:/Users/ganeshranganathan/.m2/repository/xpp3/xpp3_min/1.1.4c/xpp3_min-1.1.4c.jar:/Users/ganeshranganathan/.m2/repository/org/apache/commons/commons-lang3/3.8.1/commons-lang3-3.8.1.jar:/Users/ganeshranganathan/.m2/repository/commons-collections/commons-collections/3.2.2/commons-collections-3.2.2.jar:/Users/ganeshranganathan/.m2/repository/org/freemarker/freemarker/2.3.28/freemarker-2.3.28.jar:/Users/ganeshranganathan/.m2/repository/net/sourceforge/jexcelapi/jxl/2.6.12/jxl-2.6.12.jar:/Users/ganeshranganathan/.m2/repository/org/hamcrest/hamcrest-core/1.3/hamcrest-core-1.3.jar:/Users/ganeshranganathan/.m2/repository/org/hamcrest/hamcrest-library/1.3/hamcrest-library-1.3.jar:/Users/ganeshranganathan/.m2/repository/net/sourceforge/htmlunit/htmlunit/2.33/htmlunit-2.33.jar:/Users/ganeshranganathan/.m2/repository/net/sourceforge/htmlunit/htmlunit-core-js/2.33/htmlunit-core-js-2.33.jar:/Users/ganeshranganathan/.m2/repository/net/sourceforge/htmlunit/neko-htmlunit/2.33/neko-htmlunit-2.33.jar:/Users/ganeshranganathan/.m2/repository/xerces/xercesImpl/2.12.0/xercesImpl-2.12.0.jar:/Users/ganeshranganathan/.m2/repository/net/sourceforge/htmlunit/htmlunit-cssparser/1.2.0/htmlunit-cssparser-1.2.0.jar:/Users/ganeshranganathan/.m2/repository/org/eclipse/jetty/websocket/websocket-client/9.4.12.v20180830/websocket-client-9.4.12.v20180830.jar:/Users/ganeshranganathan/.m2/repository/org/eclipse/jetty/jetty-client/9.4.12.v20180830/jetty-client-9.4.12.v20180830.jar:/Users/ganeshranganathan/.m2/repository/org/eclipse/jetty/jetty-http/9.4.12.v20180830/jetty-http-9.4.12.v20180830.jar:/Users/ganeshranganathan/.m2/repository/org/eclipse/jetty/jetty-xml/9.4.12.v20180830/jetty-xml-9.4.12.v20180830.jar:/Users/ganeshranganathan/.m2/repository/org/eclipse/jetty/websocket/websocket-common/9.4.12.v20180830/websocket-common-9.4.12.v20180830.jar:/Users/ganeshranganathan/.m2/repository/org/eclipse/jetty/websocket/websocket-api/9.4.12.v20180830/websocket-api-9.4.12.v20180830.jar:/Users/ganeshranganathan/.m2/repository/org/apache/httpcomponents/httpclient/4.5.5/httpclient-4.5.5.jar:/Users/ganeshranganathan/.m2/repository/org/apache/httpcomponents/httpcore/4.4.9/httpcore-4.4.9.jar:/Users/ganeshranganathan/.m2/repository/org/apache/httpcomponents/httpmime/4.5.5/httpmime-4.5.5.jar:/Users/ganeshranganathan/.m2/repository/org/fluentlenium/fluentlenium-core/0.10.2/fluentlenium-core-0.10.2.jar:/Users/ganeshranganathan/.m2/repository/com/jhlabs/filters/2.0.235/filters-2.0.235.jar:/Users/ganeshranganathan/.m2/repository/org/asciidoctor/asciidoctorj/1.5.6/asciidoctorj-1.5.6.jar:/Users/ganeshranganathan/.m2/repository/org/jruby/jruby-complete/1.7.26/jruby-complete-1.7.26.jar:/Users/ganeshranganathan/.m2/repository/org/imgscalr/imgscalr-lib/4.2/imgscalr-lib-4.2.jar:/Users/ganeshranganathan/.m2/repository/javax/el/javax.el-api/2.2.4/javax.el-api-2.2.4.jar:/Users/ganeshranganathan/.m2/repository/org/glassfish/web/javax.el/2.2.4/javax.el-2.2.4.jar:/Users/ganeshranganathan/.m2/repository/xalan/xalan/2.7.2/xalan-2.7.2.jar:/Users/ganeshranganathan/.m2/repository/xalan/serializer/2.7.2/serializer-2.7.2.jar:/Users/ganeshranganathan/.m2/repository/org/awaitility/awaitility/3.1.0/awaitility-3.1.0.jar:/Users/ganeshranganathan/.m2/repository/com/typesafe/config/1.3.1/config-1.3.1.jar:/Users/ganeshranganathan/.m2/repository/org/jsoup/jsoup/1.10.3/jsoup-1.10.3.jar:/Users/ganeshranganathan/.m2/repository/com/google/jimfs/jimfs/1.1/jimfs-1.1.jar:/Users/ganeshranganathan/.m2/repository/es/nitaur/markdown/txtmark/0.16/txtmark-0.16.jar:/Users/ganeshranganathan/.m2/repository/com/vladsch/flexmark/flexmark-all/0.34.30/flexmark-all-0.34.30.jar:/Users/ganeshranganathan/.m2/repository/com/vladsch/flexmark/flexmark/0.34.30/flexmark-0.34.30.jar:/Users/ganeshranganathan/.m2/repository/com/vladsch/flexmark/flexmark-ext-abbreviation/0.34.30/flexmark-ext-abbreviation-0.34.30.jar:/Users/ganeshranganathan/.m2/repository/com/vladsch/flexmark/flexmark-ext-admonition/0.34.30/flexmark-ext-admonition-0.34.30.jar:/Users/ganeshranganathan/.m2/repository/com/vladsch/flexmark/flexmark-ext-anchorlink/0.34.30/flexmark-ext-anchorlink-0.34.30.jar:/Users/ganeshranganathan/.m2/repository/com/vladsch/flexmark/flexmark-ext-aside/0.34.30/flexmark-ext-aside-0.34.30.jar:/Users/ganeshranganathan/.m2/repository/com/vladsch/flexmark/flexmark-ext-attributes/0.34.30/flexmark-ext-attributes-0.34.30.jar:/Users/ganeshranganathan/.m2/repository/com/vladsch/flexmark/flexmark-ext-autolink/0.34.30/flexmark-ext-autolink-0.34.30.jar:/Users/ganeshranganathan/.m2/repository/org/nibor/autolink/autolink/0.6.0/autolink-0.6.0.jar:/Users/ganeshranganathan/.m2/repository/com/vladsch/flexmark/flexmark-ext-definition/0.34.30/flexmark-ext-definition-0.34.30.jar:/Users/ganeshranganathan/.m2/repository/com/vladsch/flexmark/flexmark-ext-emoji/0.34.30/flexmark-ext-emoji-0.34.30.jar:/Users/ganeshranganathan/.m2/repository/com/vladsch/flexmark/flexmark-ext-enumerated-reference/0.34.30/flexmark-ext-enumerated-reference-0.34.30.jar:/Users/ganeshranganathan/.m2/repository/com/vladsch/flexmark/flexmark-ext-escaped-character/0.34.30/flexmark-ext-escaped-character-0.34.30.jar:/Users/ganeshranganathan/.m2/repository/com/vladsch/flexmark/flexmark-ext-footnotes/0.34.30/flexmark-ext-footnotes-0.34.30.jar:/Users/ganeshranganathan/.m2/repository/com/vladsch/flexmark/flexmark-ext-gfm-issues/0.34.30/flexmark-ext-gfm-issues-0.34.30.jar:/Users/ganeshranganathan/.m2/repository/com/vladsch/flexmark/flexmark-ext-gfm-strikethrough/0.34.30/flexmark-ext-gfm-strikethrough-0.34.30.jar:/Users/ganeshranganathan/.m2/repository/com/vladsch/flexmark/flexmark-ext-gfm-tables/0.34.30/flexmark-ext-gfm-tables-0.34.30.jar:/Users/ganeshranganathan/.m2/repository/com/vladsch/flexmark/flexmark-ext-gfm-tasklist/0.34.30/flexmark-ext-gfm-tasklist-0.34.30.jar:/Users/ganeshranganathan/.m2/repository/com/vladsch/flexmark/flexmark-ext-gfm-users/0.34.30/flexmark-ext-gfm-users-0.34.30.jar:/Users/ganeshranganathan/.m2/repository/com/vladsch/flexmark/flexmark-ext-gitlab/0.34.30/flexmark-ext-gitlab-0.34.30.jar:/Users/ganeshranganathan/.m2/repository/com/vladsch/flexmark/flexmark-ext-jekyll-front-matter/0.34.30/flexmark-ext-jekyll-front-matter-0.34.30.jar:/Users/ganeshranganathan/.m2/repository/com/vladsch/flexmark/flexmark-ext-jekyll-tag/0.34.30/flexmark-ext-jekyll-tag-0.34.30.jar:/Users/ganeshranganathan/.m2/repository/com/vladsch/flexmark/flexmark-ext-media-tags/0.34.30/flexmark-ext-media-tags-0.34.30.jar:/Users/ganeshranganathan/.m2/repository/com/vladsch/flexmark/flexmark-test-util/0.34.30/flexmark-test-util-0.34.30.jar:/Users/ganeshranganathan/.m2/repository/com/vladsch/flexmark/flexmark-ext-ins/0.34.30/flexmark-ext-ins-0.34.30.jar:/Users/ganeshranganathan/.m2/repository/com/vladsch/flexmark/flexmark-ext-xwiki-macros/0.34.30/flexmark-ext-xwiki-macros-0.34.30.jar:/Users/ganeshranganathan/.m2/repository/com/vladsch/flexmark/flexmark-ext-superscript/0.34.30/flexmark-ext-superscript-0.34.30.jar:/Users/ganeshranganathan/.m2/repository/com/vladsch/flexmark/flexmark-ext-tables/0.34.30/flexmark-ext-tables-0.34.30.jar:/Users/ganeshranganathan/.m2/repository/com/vladsch/flexmark/flexmark-ext-toc/0.34.30/flexmark-ext-toc-0.34.30.jar:/Users/ganeshranganathan/.m2/repository/com/vladsch/flexmark/flexmark-ext-typographic/0.34.30/flexmark-ext-typographic-0.34.30.jar:/Users/ganeshranganathan/.m2/repository/com/vladsch/flexmark/flexmark-ext-wikilink/0.34.30/flexmark-ext-wikilink-0.34.30.jar:/Users/ganeshranganathan/.m2/repository/com/vladsch/flexmark/flexmark-ext-yaml-front-matter/0.34.30/flexmark-ext-yaml-front-matter-0.34.30.jar:/Users/ganeshranganathan/.m2/repository/com/vladsch/flexmark/flexmark-ext-youtube-embedded/0.34.30/flexmark-ext-youtube-embedded-0.34.30.jar:/Users/ganeshranganathan/.m2/repository/com/vladsch/flexmark/flexmark-formatter/0.34.30/flexmark-formatter-0.34.30.jar:/Users/ganeshranganathan/.m2/repository/com/vladsch/flexmark/flexmark-html-parser/0.34.30/flexmark-html-parser-0.34.30.jar:/Users/ganeshranganathan/.m2/repository/com/vladsch/flexmark/flexmark-jira-converter/0.34.30/flexmark-jira-converter-0.34.30.jar:/Users/ganeshranganathan/.m2/repository/com/vladsch/flexmark/flexmark-pdf-converter/0.34.30/flexmark-pdf-converter-0.34.30.jar:/Users/ganeshranganathan/.m2/repository/com/openhtmltopdf/openhtmltopdf-core/0.0.1-RC13/openhtmltopdf-core-0.0.1-RC13.jar:/Users/ganeshranganathan/.m2/repository/com/openhtmltopdf/openhtmltopdf-pdfbox/0.0.1-RC13/openhtmltopdf-pdfbox-0.0.1-RC13.jar:/Users/ganeshranganathan/.m2/repository/org/apache/pdfbox/pdfbox/2.0.8/pdfbox-2.0.8.jar:/Users/ganeshranganathan/.m2/repository/org/apache/pdfbox/fontbox/2.0.8/fontbox-2.0.8.jar:/Users/ganeshranganathan/.m2/repository/org/apache/pdfbox/xmpbox/2.0.8/xmpbox-2.0.8.jar:/Users/ganeshranganathan/.m2/repository/de/rototor/pdfbox/graphics2d/0.12/graphics2d-0.12.jar:/Users/ganeshranganathan/.m2/repository/com/openhtmltopdf/openhtmltopdf-rtl-support/0.0.1-RC13/openhtmltopdf-rtl-support-0.0.1-RC13.jar:/Users/ganeshranganathan/.m2/repository/com/ibm/icu/icu4j/59.1/icu4j-59.1.jar:/Users/ganeshranganathan/.m2/repository/com/openhtmltopdf/openhtmltopdf-jsoup-dom-converter/0.0.1-RC13/openhtmltopdf-jsoup-dom-converter-0.0.1-RC13.jar:/Users/ganeshranganathan/.m2/repository/com/vladsch/flexmark/flexmark-profile-pegdown/0.34.30/flexmark-profile-pegdown-0.34.30.jar:/Users/ganeshranganathan/.m2/repository/com/vladsch/flexmark/flexmark-util/0.34.30/flexmark-util-0.34.30.jar:/Users/ganeshranganathan/.m2/repository/com/vladsch/flexmark/flexmark-youtrack-converter/0.34.30/flexmark-youtrack-converter-0.34.30.jar:/Users/ganeshranganathan/.m2/repository/net/serenity-bdd/serenity-rest-assured/2.0.69/serenity-rest-assured-2.0.69.jar:/Users/ganeshranganathan/.m2/repository/io/rest-assured/rest-assured/3.3.0/rest-assured-3.3.0.jar:/Users/ganeshranganathan/.m2/repository/org/ccil/cowan/tagsoup/tagsoup/1.2.1/tagsoup-1.2.1.jar:/Users/ganeshranganathan/.m2/repository/io/rest-assured/json-path/3.3.0/json-path-3.3.0.jar:/Users/ganeshranganathan/.m2/repository/io/rest-assured/rest-assured-common/3.3.0/rest-assured-common-3.3.0.jar:/Users/ganeshranganathan/.m2/repository/io/rest-assured/xml-path/3.3.0/xml-path-3.3.0.jar:/Users/ganeshranganathan/.m2/repository/com/sun/xml/bind/jaxb-osgi/2.2.10/jaxb-osgi-2.2.10.jar:/Users/ganeshranganathan/.m2/repository/org/apache/sling/org.apache.sling.javax.activation/0.1.0/org.apache.sling.javax.activation-0.1.0.jar:/Users/ganeshranganathan/.m2/repository/org/codehaus/groovy/groovy-xml/2.5.5/groovy-xml-2.5.5.jar:/Users/ganeshranganathan/.m2/repository/org/codehaus/groovy/groovy-json/2.5.5/groovy-json-2.5.5.jar:/Users/ganeshranganathan/.m2/repository/net/serenity-bdd/serenity-junit/2.0.69/serenity-junit-2.0.69.jar:/Users/ganeshranganathan/.m2/repository/ch/qos/logback/logback-classic/1.0.13/logback-classic-1.0.13.jar:/Users/ganeshranganathan/.m2/repository/ch/qos/logback/logback-core/1.0.13/logback-core-1.0.13.jar:/Users/ganeshranganathan/.m2/repository/junit/junit/4.12/junit-4.12.jar:/Users/ganeshranganathan/.m2/repository/org/assertj/assertj-core/3.6.2/assertj-core-3.6.2.jar:/Users/ganeshranganathan/.m2/repository/org/hamcrest/hamcrest-all/1.3/hamcrest-all-1.3.jar:"/>
    <property name="java.vm.vendor" value="Oracle Corporation"/>
    <property name="sun.arch.data.model" value="64"/>
    <property name="java.vendor.url" value="http://java.oracle.com/"/>
    <property name="user.timezone" value="Australia/Sydney"/>
    <property name="java.vm.specification.version" value="1.8"/>
    <property name="os.name" value="Mac OS X"/>
    <property name="user.country" value="AU"/>
    <property name="sun.java.launcher" value="SUN_STANDARD"/>
    <property name="sun.boot.library.path" value="/Library/Java/JavaVirtualMachines/jdk1.8.0_211.jdk/Contents/Home/jre/lib"/>
    <property name="sun.java.command" value="/Users/ganeshranganathan/RestassureAPI/target/surefire/surefirebooter7385487425037970780.jar /Users/ganeshranganathan/RestassureAPI/target/surefire 2019-11-25T13-37-15_485-jvmRun3 surefire2626241808959525973tmp surefire_13551370857966009998tmp"/>
    <property name="surefire.test.class.path" value="/Users/ganeshranganathan/RestassureAPI/target/test-classes:/Users/ganeshranganathan/RestassureAPI/target/serenity-rest-assured-automation-0.0.1-SNAPSHOT.jar:/Users/ganeshranganathan/.m2/repository/net/serenity-bdd/serenity-core/2.0.69/serenity-core-2.0.69.jar:/Users/ganeshranganathan/.m2/repository/net/bytebuddy/byte-buddy/1.9.12/byte-buddy-1.9.12.jar:/Users/ganeshranganathan/.m2/repository/net/bytebuddy/byte-buddy-agent/1.9.12/byte-buddy-agent-1.9.12.jar:/Users/ganeshranganathan/.m2/repository/com/google/guava/guava/25.0-jre/guava-25.0-jre.jar:/Users/ganeshranganathan/.m2/repository/com/google/code/findbugs/jsr305/1.3.9/jsr305-1.3.9.jar:/Users/ganeshranganathan/.m2/repository/org/checkerframework/checker-compat-qual/2.0.0/checker-compat-qual-2.0.0.jar:/Users/ganeshranganathan/.m2/repository/com/google/errorprone/error_prone_annotations/2.1.3/error_prone_annotations-2.1.3.jar:/Users/ganeshranganathan/.m2/repository/com/google/j2objc/j2objc-annotations/1.1/j2objc-annotations-1.1.jar:/Users/ganeshranganathan/.m2/repository/org/codehaus/mojo/animal-sniffer-annotations/1.14/animal-sniffer-annotations-1.14.jar:/Users/ganeshranganathan/.m2/repository/com/google/inject/guice/4.2.2/guice-4.2.2.jar:/Users/ganeshranganathan/.m2/repository/javax/inject/javax.inject/1/javax.inject-1.jar:/Users/ganeshranganathan/.m2/repository/aopalliance/aopalliance/1.0/aopalliance-1.0.jar:/Users/ganeshranganathan/.m2/repository/cglib/cglib/3.2.5/cglib-3.2.5.jar:/Users/ganeshranganathan/.m2/repository/org/ow2/asm/asm/5.0.3/asm-5.0.3.jar:/Users/ganeshranganathan/.m2/repository/commons-codec/commons-codec/1.10/commons-codec-1.10.jar:/Users/ganeshranganathan/.m2/repository/org/objenesis/objenesis/2.6/objenesis-2.6.jar:/Users/ganeshranganathan/.m2/repository/org/slf4j/slf4j-api/1.7.25/slf4j-api-1.7.25.jar:/Users/ganeshranganathan/.m2/repository/xml-apis/xml-apis/1.4.01/xml-apis-1.4.01.jar:/Users/ganeshranganathan/.m2/repository/io/cucumber/cucumber-core/2.4.0/cucumber-core-2.4.0.jar:/Users/ganeshranganathan/.m2/repository/info/cukes/cucumber-html/0.2.6/cucumber-html-0.2.6.jar:/Users/ganeshranganathan/.m2/repository/io/cucumber/cucumber-jvm-deps/1.0.6/cucumber-jvm-deps-1.0.6.jar:/Users/ganeshranganathan/.m2/repository/io/cucumber/gherkin/5.0.0/gherkin-5.0.0.jar:/Users/ganeshranganathan/.m2/repository/io/cucumber/tag-expressions/1.1.1/tag-expressions-1.1.1.jar:/Users/ganeshranganathan/.m2/repository/commons-logging/commons-logging/1.2/commons-logging-1.2.jar:/Users/ganeshranganathan/.m2/repository/io/vavr/vavr/0.9.0/vavr-0.9.0.jar:/Users/ganeshranganathan/.m2/repository/io/vavr/vavr-match/0.9.0/vavr-match-0.9.0.jar:/Users/ganeshranganathan/.m2/repository/javax/xml/bind/jaxb-api/2.2.12/jaxb-api-2.2.12.jar:/Users/ganeshranganathan/.m2/repository/com/sun/xml/bind/jaxb-core/2.3.0.1/jaxb-core-2.3.0.1.jar:/Users/ganeshranganathan/.m2/repository/com/sun/xml/bind/jaxb-impl/2.3.0.1/jaxb-impl-2.3.0.1.jar:/Users/ganeshranganathan/.m2/repository/javax/activation/activation/1.1.1/activation-1.1.1.jar:/Users/ganeshranganathan/.m2/repository/org/mockito/mockito-core/2.25.0/mockito-core-2.25.0.jar:/Users/ganeshranganathan/.m2/repository/net/serenity-bdd/serenity-report-resources/2.0.69/serenity-report-resources-2.0.69.jar:/Users/ganeshranganathan/.m2/repository/net/serenity-bdd/serenity-model/2.0.69/serenity-model-2.0.69.jar:/Users/ganeshranganathan/.m2/repository/commons-net/commons-net/3.6/commons-net-3.6.jar:/Users/ganeshranganathan/.m2/repository/org/apache/commons/commons-text/1.6/commons-text-1.6.jar:/Users/ganeshranganathan/.m2/repository/net/serenity-bdd/serenity-reports/2.0.69/serenity-reports-2.0.69.jar:/Users/ganeshranganathan/.m2/repository/net/serenity-bdd/serenity-stats/2.0.69/serenity-stats-2.0.69.jar:/Users/ganeshranganathan/.m2/repository/org/jetbrains/kotlin/kotlin-stdlib/1.3.31/kotlin-stdlib-1.3.31.jar:/Users/ganeshranganathan/.m2/repository/org/jetbrains/kotlin/kotlin-stdlib-common/1.3.31/kotlin-stdlib-common-1.3.31.jar:/Users/ganeshranganathan/.m2/repository/org/jetbrains/annotations/13.0/annotations-13.0.jar:/Users/ganeshranganathan/.m2/repository/com/google/code/gson/gson/2.8.4/gson-2.8.4.jar:/Users/ganeshranganathan/.m2/repository/commons-io/commons-io/2.6/commons-io-2.6.jar:/Users/ganeshranganathan/.m2/repository/org/seleniumhq/selenium/selenium-server/3.141.59/selenium-server-3.141.59.jar:/Users/ganeshranganathan/.m2/repository/org/seleniumhq/selenium/selenium-firefox-driver/3.141.59/selenium-firefox-driver-3.141.59.jar:/Users/ganeshranganathan/.m2/repository/org/seleniumhq/selenium/selenium-ie-driver/3.141.59/selenium-ie-driver-3.141.59.jar:/Users/ganeshranganathan/.m2/repository/com/beust/jcommander/1.72/jcommander-1.72.jar:/Users/ganeshranganathan/.m2/repository/org/apache/commons/commons-exec/1.3/commons-exec-1.3.jar:/Users/ganeshranganathan/.m2/repository/net/jcip/jcip-annotations/1.0/jcip-annotations-1.0.jar:/Users/ganeshranganathan/.m2/repository/org/seleniumhq/selenium/jetty-repacked/9.4.12.v20180830/jetty-repacked-9.4.12.v20180830.jar:/Users/ganeshranganathan/.m2/repository/com/squareup/okhttp3/okhttp/3.11.0/okhttp-3.11.0.jar:/Users/ganeshranganathan/.m2/repository/com/squareup/okio/okio/1.14.0/okio-1.14.0.jar:/Users/ganeshranganathan/.m2/repository/javax/servlet/javax.servlet-api/3.1.0/javax.servlet-api-3.1.0.jar:/Users/ganeshranganathan/.m2/repository/org/yaml/snakeyaml/1.19/snakeyaml-1.19.jar:/Users/ganeshranganathan/.m2/repository/org/seleniumhq/selenium/selenium-java/3.141.59/selenium-java-3.141.59.jar:/Users/ganeshranganathan/.m2/repository/org/seleniumhq/selenium/selenium-api/3.141.59/selenium-api-3.141.59.jar:/Users/ganeshranganathan/.m2/repository/org/seleniumhq/selenium/selenium-chrome-driver/3.141.59/selenium-chrome-driver-3.141.59.jar:/Users/ganeshranganathan/.m2/repository/org/seleniumhq/selenium/selenium-edge-driver/3.141.59/selenium-edge-driver-3.141.59.jar:/Users/ganeshranganathan/.m2/repository/org/seleniumhq/selenium/selenium-remote-driver/3.141.59/selenium-remote-driver-3.141.59.jar:/Users/ganeshranganathan/.m2/repository/org/seleniumhq/selenium/selenium-safari-driver/3.141.59/selenium-safari-driver-3.141.59.jar:/Users/ganeshranganathan/.m2/repository/org/seleniumhq/selenium/selenium-opera-driver/3.141.59/selenium-opera-driver-3.141.59.jar:/Users/ganeshranganathan/.m2/repository/org/seleniumhq/selenium/selenium-support/3.141.59/selenium-support-3.141.59.jar:/Users/ganeshranganathan/.m2/repository/com/paulhammant/ngwebdriver/1.1.4/ngwebdriver-1.1.4.jar:/Users/ganeshranganathan/.m2/repository/com/codeborne/phantomjsdriver/1.4.4/phantomjsdriver-1.4.4.jar:/Users/ganeshranganathan/.m2/repository/org/eclipse/jetty/jetty-util/9.4.8.v20171121/jetty-util-9.4.8.v20171121.jar:/Users/ganeshranganathan/.m2/repository/org/eclipse/jetty/jetty-io/9.4.8.v20171121/jetty-io-9.4.8.v20171121.jar:/Users/ganeshranganathan/.m2/repository/org/seleniumhq/selenium/htmlunit-driver/2.33.1/htmlunit-driver-2.33.1.jar:/Users/ganeshranganathan/.m2/repository/io/appium/java-client/7.0.0/java-client-7.0.0.jar:/Users/ganeshranganathan/.m2/repository/commons-validator/commons-validator/1.6/commons-validator-1.6.jar:/Users/ganeshranganathan/.m2/repository/commons-beanutils/commons-beanutils/1.9.2/commons-beanutils-1.9.2.jar:/Users/ganeshranganathan/.m2/repository/commons-digester/commons-digester/1.8.1/commons-digester-1.8.1.jar:/Users/ganeshranganathan/.m2/repository/org/aspectj/aspectjweaver/1.9.1/aspectjweaver-1.9.1.jar:/Users/ganeshranganathan/.m2/repository/org/springframework/spring-context-support/5.1.2.RELEASE/spring-context-support-5.1.2.RELEASE.jar:/Users/ganeshranganathan/.m2/repository/org/springframework/spring-beans/5.1.2.RELEASE/spring-beans-5.1.2.RELEASE.jar:/Users/ganeshranganathan/.m2/repository/org/springframework/spring-context/5.1.2.RELEASE/spring-context-5.1.2.RELEASE.jar:/Users/ganeshranganathan/.m2/repository/org/springframework/spring-aop/5.1.2.RELEASE/spring-aop-5.1.2.RELEASE.jar:/Users/ganeshranganathan/.m2/repository/org/springframework/spring-expression/5.1.2.RELEASE/spring-expression-5.1.2.RELEASE.jar:/Users/ganeshranganathan/.m2/repository/org/springframework/spring-core/5.1.2.RELEASE/spring-core-5.1.2.RELEASE.jar:/Users/ganeshranganathan/.m2/repository/org/springframework/spring-jcl/5.1.2.RELEASE/spring-jcl-5.1.2.RELEASE.jar:/Users/ganeshranganathan/.m2/repository/org/glassfish/tyrus/tyrus-core/1.13.1/tyrus-core-1.13.1.jar:/Users/ganeshranganathan/.m2/repository/org/glassfish/tyrus/tyrus-spi/1.13.1/tyrus-spi-1.13.1.jar:/Users/ganeshranganathan/.m2/repository/javax/websocket/javax.websocket-api/1.1/javax.websocket-api-1.1.jar:/Users/ganeshranganathan/.m2/repository/org/codehaus/groovy/groovy/2.5.5/groovy-2.5.5.jar:/Users/ganeshranganathan/.m2/repository/net/sf/opencsv/opencsv/2.0/opencsv-2.0.jar:/Users/ganeshranganathan/.m2/repository/commons-beanutils/commons-beanutils-core/1.8.3/commons-beanutils-core-1.8.3.jar:/Users/ganeshranganathan/.m2/repository/joda-time/joda-time/2.7/joda-time-2.7.jar:/Users/ganeshranganathan/.m2/repository/com/thoughtworks/xstream/xstream/1.4.9/xstream-1.4.9.jar:/Users/ganeshranganathan/.m2/repository/xmlpull/xmlpull/1.1.3.1/xmlpull-1.1.3.1.jar:/Users/ganeshranganathan/.m2/repository/xpp3/xpp3_min/1.1.4c/xpp3_min-1.1.4c.jar:/Users/ganeshranganathan/.m2/repository/org/apache/commons/commons-lang3/3.8.1/commons-lang3-3.8.1.jar:/Users/ganeshranganathan/.m2/repository/commons-collections/commons-collections/3.2.2/commons-collections-3.2.2.jar:/Users/ganeshranganathan/.m2/repository/org/freemarker/freemarker/2.3.28/freemarker-2.3.28.jar:/Users/ganeshranganathan/.m2/repository/net/sourceforge/jexcelapi/jxl/2.6.12/jxl-2.6.12.jar:/Users/ganeshranganathan/.m2/repository/org/hamcrest/hamcrest-core/1.3/hamcrest-core-1.3.jar:/Users/ganeshranganathan/.m2/repository/org/hamcrest/hamcrest-library/1.3/hamcrest-library-1.3.jar:/Users/ganeshranganathan/.m2/repository/net/sourceforge/htmlunit/htmlunit/2.33/htmlunit-2.33.jar:/Users/ganeshranganathan/.m2/repository/net/sourceforge/htmlunit/htmlunit-core-js/2.33/htmlunit-core-js-2.33.jar:/Users/ganeshranganathan/.m2/repository/net/sourceforge/htmlunit/neko-htmlunit/2.33/neko-htmlunit-2.33.jar:/Users/ganeshranganathan/.m2/repository/xerces/xercesImpl/2.12.0/xercesImpl-2.12.0.jar:/Users/ganeshranganathan/.m2/repository/net/sourceforge/htmlunit/htmlunit-cssparser/1.2.0/htmlunit-cssparser-1.2.0.jar:/Users/ganeshranganathan/.m2/repository/org/eclipse/jetty/websocket/websocket-client/9.4.12.v20180830/websocket-client-9.4.12.v20180830.jar:/Users/ganeshranganathan/.m2/repository/org/eclipse/jetty/jetty-client/9.4.12.v20180830/jetty-client-9.4.12.v20180830.jar:/Users/ganeshranganathan/.m2/repository/org/eclipse/jetty/jetty-http/9.4.12.v20180830/jetty-http-9.4.12.v20180830.jar:/Users/ganeshranganathan/.m2/repository/org/eclipse/jetty/jetty-xml/9.4.12.v20180830/jetty-xml-9.4.12.v20180830.jar:/Users/ganeshranganathan/.m2/repository/org/eclipse/jetty/websocket/websocket-common/9.4.12.v20180830/websocket-common-9.4.12.v20180830.jar:/Users/ganeshranganathan/.m2/repository/org/eclipse/jetty/websocket/websocket-api/9.4.12.v20180830/websocket-api-9.4.12.v20180830.jar:/Users/ganeshranganathan/.m2/repository/org/apache/httpcomponents/httpclient/4.5.5/httpclient-4.5.5.jar:/Users/ganeshranganathan/.m2/repository/org/apache/httpcomponents/httpcore/4.4.9/httpcore-4.4.9.jar:/Users/ganeshranganathan/.m2/repository/org/apache/httpcomponents/httpmime/4.5.5/httpmime-4.5.5.jar:/Users/ganeshranganathan/.m2/repository/org/fluentlenium/fluentlenium-core/0.10.2/fluentlenium-core-0.10.2.jar:/Users/ganeshranganathan/.m2/repository/com/jhlabs/filters/2.0.235/filters-2.0.235.jar:/Users/ganeshranganathan/.m2/repository/org/asciidoctor/asciidoctorj/1.5.6/asciidoctorj-1.5.6.jar:/Users/ganeshranganathan/.m2/repository/org/jruby/jruby-complete/1.7.26/jruby-complete-1.7.26.jar:/Users/ganeshranganathan/.m2/repository/org/imgscalr/imgscalr-lib/4.2/imgscalr-lib-4.2.jar:/Users/ganeshranganathan/.m2/repository/javax/el/javax.el-api/2.2.4/javax.el-api-2.2.4.jar:/Users/ganeshranganathan/.m2/repository/org/glassfish/web/javax.el/2.2.4/javax.el-2.2.4.jar:/Users/ganeshranganathan/.m2/repository/xalan/xalan/2.7.2/xalan-2.7.2.jar:/Users/ganeshranganathan/.m2/repository/xalan/serializer/2.7.2/serializer-2.7.2.jar:/Users/ganeshranganathan/.m2/repository/org/awaitility/awaitility/3.1.0/awaitility-3.1.0.jar:/Users/ganeshranganathan/.m2/repository/com/typesafe/config/1.3.1/config-1.3.1.jar:/Users/ganeshranganathan/.m2/repository/org/jsoup/jsoup/1.10.3/jsoup-1.10.3.jar:/Users/ganeshranganathan/.m2/repository/com/google/jimfs/jimfs/1.1/jimfs-1.1.jar:/Users/ganeshranganathan/.m2/repository/es/nitaur/markdown/txtmark/0.16/txtmark-0.16.jar:/Users/ganeshranganathan/.m2/repository/com/vladsch/flexmark/flexmark-all/0.34.30/flexmark-all-0.34.30.jar:/Users/ganeshranganathan/.m2/repository/com/vladsch/flexmark/flexmark/0.34.30/flexmark-0.34.30.jar:/Users/ganeshranganathan/.m2/repository/com/vladsch/flexmark/flexmark-ext-abbreviation/0.34.30/flexmark-ext-abbreviation-0.34.30.jar:/Users/ganeshranganathan/.m2/repository/com/vladsch/flexmark/flexmark-ext-admonition/0.34.30/flexmark-ext-admonition-0.34.30.jar:/Users/ganeshranganathan/.m2/repository/com/vladsch/flexmark/flexmark-ext-anchorlink/0.34.30/flexmark-ext-anchorlink-0.34.30.jar:/Users/ganeshranganathan/.m2/repository/com/vladsch/flexmark/flexmark-ext-aside/0.34.30/flexmark-ext-aside-0.34.30.jar:/Users/ganeshranganathan/.m2/repository/com/vladsch/flexmark/flexmark-ext-attributes/0.34.30/flexmark-ext-attributes-0.34.30.jar:/Users/ganeshranganathan/.m2/repository/com/vladsch/flexmark/flexmark-ext-autolink/0.34.30/flexmark-ext-autolink-0.34.30.jar:/Users/ganeshranganathan/.m2/repository/org/nibor/autolink/autolink/0.6.0/autolink-0.6.0.jar:/Users/ganeshranganathan/.m2/repository/com/vladsch/flexmark/flexmark-ext-definition/0.34.30/flexmark-ext-definition-0.34.30.jar:/Users/ganeshranganathan/.m2/repository/com/vladsch/flexmark/flexmark-ext-emoji/0.34.30/flexmark-ext-emoji-0.34.30.jar:/Users/ganeshranganathan/.m2/repository/com/vladsch/flexmark/flexmark-ext-enumerated-reference/0.34.30/flexmark-ext-enumerated-reference-0.34.30.jar:/Users/ganeshranganathan/.m2/repository/com/vladsch/flexmark/flexmark-ext-escaped-character/0.34.30/flexmark-ext-escaped-character-0.34.30.jar:/Users/ganeshranganathan/.m2/repository/com/vladsch/flexmark/flexmark-ext-footnotes/0.34.30/flexmark-ext-footnotes-0.34.30.jar:/Users/ganeshranganathan/.m2/repository/com/vladsch/flexmark/flexmark-ext-gfm-issues/0.34.30/flexmark-ext-gfm-issues-0.34.30.jar:/Users/ganeshranganathan/.m2/repository/com/vladsch/flexmark/flexmark-ext-gfm-strikethrough/0.34.30/flexmark-ext-gfm-strikethrough-0.34.30.jar:/Users/ganeshranganathan/.m2/repository/com/vladsch/flexmark/flexmark-ext-gfm-tables/0.34.30/flexmark-ext-gfm-tables-0.34.30.jar:/Users/ganeshranganathan/.m2/repository/com/vladsch/flexmark/flexmark-ext-gfm-tasklist/0.34.30/flexmark-ext-gfm-tasklist-0.34.30.jar:/Users/ganeshranganathan/.m2/repository/com/vladsch/flexmark/flexmark-ext-gfm-users/0.34.30/flexmark-ext-gfm-users-0.34.30.jar:/Users/ganeshranganathan/.m2/repository/com/vladsch/flexmark/flexmark-ext-gitlab/0.34.30/flexmark-ext-gitlab-0.34.30.jar:/Users/ganeshranganathan/.m2/repository/com/vladsch/flexmark/flexmark-ext-jekyll-front-matter/0.34.30/flexmark-ext-jekyll-front-matter-0.34.30.jar:/Users/ganeshranganathan/.m2/repository/com/vladsch/flexmark/flexmark-ext-jekyll-tag/0.34.30/flexmark-ext-jekyll-tag-0.34.30.jar:/Users/ganeshranganathan/.m2/repository/com/vladsch/flexmark/flexmark-ext-media-tags/0.34.30/flexmark-ext-media-tags-0.34.30.jar:/Users/ganeshranganathan/.m2/repository/com/vladsch/flexmark/flexmark-test-util/0.34.30/flexmark-test-util-0.34.30.jar:/Users/ganeshranganathan/.m2/repository/com/vladsch/flexmark/flexmark-ext-ins/0.34.30/flexmark-ext-ins-0.34.30.jar:/Users/ganeshranganathan/.m2/repository/com/vladsch/flexmark/flexmark-ext-xwiki-macros/0.34.30/flexmark-ext-xwiki-macros-0.34.30.jar:/Users/ganeshranganathan/.m2/repository/com/vladsch/flexmark/flexmark-ext-superscript/0.34.30/flexmark-ext-superscript-0.34.30.jar:/Users/ganeshranganathan/.m2/repository/com/vladsch/flexmark/flexmark-ext-tables/0.34.30/flexmark-ext-tables-0.34.30.jar:/Users/ganeshranganathan/.m2/repository/com/vladsch/flexmark/flexmark-ext-toc/0.34.30/flexmark-ext-toc-0.34.30.jar:/Users/ganeshranganathan/.m2/repository/com/vladsch/flexmark/flexmark-ext-typographic/0.34.30/flexmark-ext-typographic-0.34.30.jar:/Users/ganeshranganathan/.m2/repository/com/vladsch/flexmark/flexmark-ext-wikilink/0.34.30/flexmark-ext-wikilink-0.34.30.jar:/Users/ganeshranganathan/.m2/repository/com/vladsch/flexmark/flexmark-ext-yaml-front-matter/0.34.30/flexmark-ext-yaml-front-matter-0.34.30.jar:/Users/ganeshranganathan/.m2/repository/com/vladsch/flexmark/flexmark-ext-youtube-embedded/0.34.30/flexmark-ext-youtube-embedded-0.34.30.jar:/Users/ganeshranganathan/.m2/repository/com/vladsch/flexmark/flexmark-formatter/0.34.30/flexmark-formatter-0.34.30.jar:/Users/ganeshranganathan/.m2/repository/com/vladsch/flexmark/flexmark-html-parser/0.34.30/flexmark-html-parser-0.34.30.jar:/Users/ganeshranganathan/.m2/repository/com/vladsch/flexmark/flexmark-jira-converter/0.34.30/flexmark-jira-converter-0.34.30.jar:/Users/ganeshranganathan/.m2/repository/com/vladsch/flexmark/flexmark-pdf-converter/0.34.30/flexmark-pdf-converter-0.34.30.jar:/Users/ganeshranganathan/.m2/repository/com/openhtmltopdf/openhtmltopdf-core/0.0.1-RC13/openhtmltopdf-core-0.0.1-RC13.jar:/Users/ganeshranganathan/.m2/repository/com/openhtmltopdf/openhtmltopdf-pdfbox/0.0.1-RC13/openhtmltopdf-pdfbox-0.0.1-RC13.jar:/Users/ganeshranganathan/.m2/repository/org/apache/pdfbox/pdfbox/2.0.8/pdfbox-2.0.8.jar:/Users/ganeshranganathan/.m2/repository/org/apache/pdfbox/fontbox/2.0.8/fontbox-2.0.8.jar:/Users/ganeshranganathan/.m2/repository/org/apache/pdfbox/xmpbox/2.0.8/xmpbox-2.0.8.jar:/Users/ganeshranganathan/.m2/repository/de/rototor/pdfbox/graphics2d/0.12/graphics2d-0.12.jar:/Users/ganeshranganathan/.m2/repository/com/openhtmltopdf/openhtmltopdf-rtl-support/0.0.1-RC13/openhtmltopdf-rtl-support-0.0.1-RC13.jar:/Users/ganeshranganathan/.m2/repository/com/ibm/icu/icu4j/59.1/icu4j-59.1.jar:/Users/ganeshranganathan/.m2/repository/com/openhtmltopdf/openhtmltopdf-jsoup-dom-converter/0.0.1-RC13/openhtmltopdf-jsoup-dom-converter-0.0.1-RC13.jar:/Users/ganeshranganathan/.m2/repository/com/vladsch/flexmark/flexmark-profile-pegdown/0.34.30/flexmark-profile-pegdown-0.34.30.jar:/Users/ganeshranganathan/.m2/repository/com/vladsch/flexmark/flexmark-util/0.34.30/flexmark-util-0.34.30.jar:/Users/ganeshranganathan/.m2/repository/com/vladsch/flexmark/flexmark-youtrack-converter/0.34.30/flexmark-youtrack-converter-0.34.30.jar:/Users/ganeshranganathan/.m2/repository/net/serenity-bdd/serenity-rest-assured/2.0.69/serenity-rest-assured-2.0.69.jar:/Users/ganeshranganathan/.m2/repository/io/rest-assured/rest-assured/3.3.0/rest-assured-3.3.0.jar:/Users/ganeshranganathan/.m2/repository/org/ccil/cowan/tagsoup/tagsoup/1.2.1/tagsoup-1.2.1.jar:/Users/ganeshranganathan/.m2/repository/io/rest-assured/json-path/3.3.0/json-path-3.3.0.jar:/Users/ganeshranganathan/.m2/repository/io/rest-assured/rest-assured-common/3.3.0/rest-assured-common-3.3.0.jar:/Users/ganeshranganathan/.m2/repository/io/rest-assured/xml-path/3.3.0/xml-path-3.3.0.jar:/Users/ganeshranganathan/.m2/repository/com/sun/xml/bind/jaxb-osgi/2.2.10/jaxb-osgi-2.2.10.jar:/Users/ganeshranganathan/.m2/repository/org/apache/sling/org.apache.sling.javax.activation/0.1.0/org.apache.sling.javax.activation-0.1.0.jar:/Users/ganeshranganathan/.m2/repository/org/codehaus/groovy/groovy-xml/2.5.5/groovy-xml-2.5.5.jar:/Users/ganeshranganathan/.m2/repository/org/codehaus/groovy/groovy-json/2.5.5/groovy-json-2.5.5.jar:/Users/ganeshranganathan/.m2/repository/net/serenity-bdd/serenity-junit/2.0.69/serenity-junit-2.0.69.jar:/Users/ganeshranganathan/.m2/repository/ch/qos/logback/logback-classic/1.0.13/logback-classic-1.0.13.jar:/Users/ganeshranganathan/.m2/repository/ch/qos/logback/logback-core/1.0.13/logback-core-1.0.13.jar:/Users/ganeshranganathan/.m2/repository/junit/junit/4.12/junit-4.12.jar:/Users/ganeshranganathan/.m2/repository/org/assertj/assertj-core/3.6.2/assertj-core-3.6.2.jar:/Users/ganeshranganathan/.m2/repository/org/hamcrest/hamcrest-all/1.3/hamcrest-all-1.3.jar:"/>
    <property name="sun.cpu.endian" value="little"/>
    <property name="user.home" value="/Users/ganeshranganathan"/>
    <property name="user.language" value="en"/>
    <property name="java.specification.vendor" value="Oracle Corporation"/>
    <property name="java.home" value="/Library/Java/JavaVirtualMachines/jdk1.8.0_211.jdk/Contents/Home/jre"/>
    <property name="tags" value="feature:skyscanner"/>
    <property name="basedir" value="/Users/ganeshranganathan/RestassureAPI"/>
    <property name="file.separator" value="/"/>
    <property name="line.separator" value="&#10;"/>
    <property name="java.vm.specification.vendor" value="Oracle Corporation"/>
    <property name="java.specification.name" value="Java Platform API Specification"/>
    <property name="java.awt.graphicsenv" value="sun.awt.CGraphicsEnvironment"/>
    <property name="surefire.real.class.path" value="/Users/ganeshranganathan/RestassureAPI/target/surefire/surefirebooter7385487425037970780.jar"/>
    <property name="sun.boot.class.path" value="/Library/Java/JavaVirtualMachines/jdk1.8.0_211.jdk/Contents/Home/jre/lib/resources.jar:/Library/Java/JavaVirtualMachines/jdk1.8.0_211.jdk/Contents/Home/jre/lib/rt.jar:/Library/Java/JavaVirtualMachines/jdk1.8.0_211.jdk/Contents/Home/jre/lib/sunrsasign.jar:/Library/Java/JavaVirtualMachines/jdk1.8.0_211.jdk/Contents/Home/jre/lib/jsse.jar:/Library/Java/JavaVirtualMachines/jdk1.8.0_211.jdk/Contents/Home/jre/lib/jce.jar:/Library/Java/JavaVirtualMachines/jdk1.8.0_211.jdk/Contents/Home/jre/lib/charsets.jar:/Library/Java/JavaVirtualMachines/jdk1.8.0_211.jdk/Contents/Home/jre/lib/jfr.jar:/Library/Java/JavaVirtualMachines/jdk1.8.0_211.jdk/Contents/Home/jre/classes"/>
    <property name="sun.management.compiler" value="HotSpot 64-Bit Tiered Compilers"/>
    <property name="java.runtime.version" value="1.8.0_211-b12"/>
    <property name="user.name" value="ganeshranganathan"/>
    <property name="path.separator" value=":"/>
    <property name="os.version" value="10.14.6"/>
    <property name="java.endorsed.dirs" value="/Library/Java/JavaVirtualMachines/jdk1.8.0_211.jdk/Contents/Home/jre/lib/endorsed"/>
    <property name="java.runtime.name" value="Java(TM) SE Runtime Environment"/>
    <property name="file.encoding" value="UTF-8"/>
    <property name="webdriver.base.url" value=""/>
    <property name="java.vm.name" value="Java HotSpot(TM) 64-Bit Server VM"/>
    <property name="localRepository" value="/Users/ganeshranganathan/.m2/repository"/>
    <property name="java.vendor.url.bug" value="http://bugreport.sun.com/bugreport/"/>
    <property name="java.io.tmpdir" value="/var/folders/lb/71s3yy2n5dz_xckqydzj_lnc0000gp/T/"/>
    <property name="java.version" value="1.8.0_211"/>
    <property name="user.dir" value="/Users/ganeshranganathan/RestassureAPI"/>
    <property name="os.arch" value="x86_64"/>
    <property name="java.vm.specification.name" value="Java Virtual Machine Specification"/>
    <property name="java.awt.printerjob" value="sun.lwawt.macosx.CPrinterJob"/>
    <property name="sun.os.patch.level" value="unknown"/>
    <property name="java.library.path" value="/Users/ganeshranganathan/Library/Java/Extensions:/Library/Java/Extensions:/Network/Library/Java/Extensions:/System/Library/Java/Extensions:/usr/lib/java:."/>
    <property name="java.vm.info" value="mixed mode"/>
    <property name="java.vendor" value="Oracle Corporation"/>
    <property name="java.vm.version" value="25.211-b12"/>
    <property name="java.ext.dirs" value="/Users/ganeshranganathan/Library/Java/Extensions:/Library/Java/JavaVirtualMachines/jdk1.8.0_211.jdk/Contents/Home/jre/lib/ext:/Library/Java/Extensions:/Network/Library/Java/Extensions:/System/Library/Java/Extensions:/usr/lib/java"/>
    <property name="sun.io.unicode.encoding" value="UnicodeBig"/>
    <property name="java.class.version" value="52.0"/>
  </properties>
  <testcase name="verifyThatUserCanPollSession_paramterized[0]" classname="com.test.rest.api.SerenityTest_SkyScanner" time="4.046">
    <error type="java.lang.NullPointerException">java.lang.NullPointerException
	at com.test.rest.api.SerenityTest_SkyScanner.verifyThatUserCanPollSession_paramterized(SerenityTest_SkyScanner.java:59)
</error>
    <system-out><![CDATA[13:37:17.865 [main] DEBUG n.t.core.reports.ReportService - Reporting formats: [JSON, HTML]
13:37:18.008 [main] DEBUG n.t.core.reports.ReportService - Reporting formats: [JSON, HTML]
13:37:18.025 [main] DEBUG n.t.core.reports.ReportService - Reporting formats: [JSON, HTML]
13:37:18.027 [main] DEBUG n.t.core.reports.ReportService - Reporting formats: [JSON, HTML]
13:37:18.095 [pool-1-thread-1] INFO  n.t.c.steps.ConsoleLoggingListener - 

-------------------------------------------------------------------------------------
     _______. _______ .______       _______ .__   __.  __  .___________.____    ____ 
    /       ||   ____||   _  \     |   ____||  \ |  | |  | |           |\   \  /   / 
   |   (----`|  |__   |  |_)  |    |  |__   |   \|  | |  | `---|  |----` \   \/   /  
    \   \    |   __|  |      /     |   __|  |  . `  | |  |     |  |       \_    _/   
.----)   |   |  |____ |  |\  \----.|  |____ |  |\   | |  |     |  |         |  |     
|_______/    |_______|| _| `._____||_______||__| \__| |__|     |__|         |__|    
                                                                                     
 News and tutorials at http://www.serenity-bdd.info                                  
 Documentation at https://wakaleo.gitbooks.io/the-serenity-book/content/             
 Join the Serenity Community on Rocket Chat at https://serenity-bdd.rocket.chat      
 Serenity BDD Support and Training at http://serenity-bdd.info/#/trainingandsupport  
 Learn Serenity BDD online at http://serenity-dojo.com                               
-------------------------------------------------------------------------------------

13:37:22.085 [pool-1-thread-2] DEBUG n.t.core.requirements.RootDirectory - Resource directories found in /Users/ganeshranganathan/RestassureAPI in 1 ms: []
13:37:22.104 [pool-1-thread-2] ERROR n.t.c.steps.ConsoleLoggingListener - 
           __  _____ _____ ____ _____   _____ _    ___ _     _____ ____  
  _       / / |_   _| ____/ ___|_   _| |  ___/ \  |_ _| |   | ____|  _ \ 
 (_)_____| |    | | |  _| \___ \ | |   | |_ / _ \  | || |   |  _| | | | |
  _|_____| |    | | | |___ ___) || |   |  _/ ___ \ | || |___| |___| |_| |
 (_)     | |    |_| |_____|____/ |_|   |_|/_/   \_\___|_____|_____|____/ 
          \_\                                                            

TEST FAILED WITH ERROR: Verify that user can poll session paramterized
---------------------------------------------------------------------
13:37:22.107 [pool-1-thread-2] DEBUG n.t.c.steps.ConsoleLoggingListener - RELATED ISSUES: 
13:37:22.186 [pool-1-thread-2] ERROR n.t.c.steps.ConsoleLoggingListener - TEST FAILED AT STEP I try to search skyscanner with MEL-sky origin SYD-sky destination 2019-12-21 inbounddate 2019-12-02 outbounddate business cabinclass 2 adults
13:37:22.186 [pool-1-thread-2] ERROR n.t.c.steps.ConsoleLoggingListener - 
13:37:22.248 [pool-1-thread-1] ERROR n.t.c.steps.ConsoleLoggingListener - 
           __  _____ _____ ____ _____   _____ _    ___ _     _____ ____  
  _       / / |_   _| ____/ ___|_   _| |  ___/ \  |_ _| |   | ____|  _ \ 
 (_)_____| |    | | |  _| \___ \ | |   | |_ / _ \  | || |   |  _| | | | |
  _|_____| |    | | | |___ ___) || |   |  _/ ___ \ | || |___| |___| |_| |
 (_)     | |    |_| |_____|____/ |_|   |_|/_/   \_\___|_____|_____|____/ 
          \_\                                                            

TEST FAILED WITH ERROR: Verify that user can poll session paramterized
---------------------------------------------------------------------
13:37:22.248 [pool-1-thread-1] DEBUG n.t.c.steps.ConsoleLoggingListener - RELATED ISSUES: 
13:37:22.248 [pool-1-thread-1] ERROR n.t.c.steps.ConsoleLoggingListener - TEST FAILED AT STEP I try to search skyscanner with MEL-sky origin SYD-sky destination 2019-12-20 inbounddate 2019-12-01 outbounddate business cabinclass 1 adults
13:37:22.248 [pool-1-thread-1] ERROR n.t.c.steps.ConsoleLoggingListener - 
13:37:22.255 [main] DEBUG n.t.core.reports.ReportService - Reporting formats: [JSON, HTML]
13:37:22.256 [main] DEBUG n.t.core.reports.ReportService - Reporting formats: [JSON, HTML]
13:37:22.261 [main] DEBUG n.t.core.reports.ReportService - Generating reports for 1 test outcomes using: net.thucydides.core.reports.json.JSONTestOutcomeReporter@4b14918a
13:37:22.262 [pool-1-thread-1] DEBUG n.t.core.reports.ReportService - Processing test outcome Serenity test sky scanner:verifyThatUserCanPollSession_paramterized
13:37:22.262 [pool-1-thread-1] DEBUG n.t.core.reports.ReportService - net.thucydides.core.reports.json.JSONTestOutcomeReporter@4b14918a: Generating report for test outcome: Serenity test sky scanner:verifyThatUserCanPollSession_paramterized
13:37:22.268 [pool-1-thread-1] DEBUG n.t.c.r.json.JSONTestOutcomeReporter - Generating JSON report for Verify that user can poll session paramterized to file /Users/ganeshranganathan/RestassureAPI/target/site/serenity/254fe3d206e84afe17670c72043b5f2274ef58806405017199ffcc11fd4c7c90.json (using temp file /Users/ganeshranganathan/RestassureAPI/target/site/serenity/254fe3d206e84afe17670c72043b5f2274ef58806405017199ffcc11fd4c7c90.jsonfe9c83d3-69c9-45e5-9307-0ed60867dcaf)
13:37:22.304 [pool-1-thread-1] DEBUG n.t.core.reports.ReportService - Processing test outcome Serenity test sky scanner:verifyThatUserCanPollSession_paramterized done
13:37:22.305 [main] DEBUG n.t.core.reports.ReportService - Shutting down executor service
13:37:22.305 [main] DEBUG n.t.core.reports.ReportService - Reports generated in: 44 ms
13:37:22.305 [main] DEBUG n.t.core.reports.ReportService - Generating reports for 1 test outcomes using: net.thucydides.core.reports.html.HtmlAcceptanceTestReporter@6d1ef78d
13:37:22.305 [pool-2-thread-1] DEBUG n.t.core.reports.ReportService - Processing test outcome Serenity test sky scanner:verifyThatUserCanPollSession_paramterized
13:37:22.305 [pool-2-thread-1] DEBUG n.t.core.reports.ReportService - net.thucydides.core.reports.html.HtmlAcceptanceTestReporter@6d1ef78d: Generating report for test outcome: Serenity test sky scanner:verifyThatUserCanPollSession_paramterized
13:37:22.306 [pool-2-thread-1] DEBUG n.t.c.r.h.HtmlAcceptanceTestReporter - GENERATE TEST OUTCOME REPORT FOR verifyThatUserCanPollSession_paramterized in 254fe3d206e84afe17670c72043b5f2274ef58806405017199ffcc11fd4c7c90
13:37:22.309 [pool-2-thread-1] DEBUG n.t.c.r.RequirementsTagProvider -  found:[]
13:37:22.316 [pool-2-thread-1] DEBUG n.t.c.r.RequirementsTagProvider -  found:[]
13:37:22.405 [pool-2-thread-1] DEBUG n.t.c.r.h.HtmlAcceptanceTestReporter - GENERATING HTML REPORT FOR Serenity test sky scanner:verifyThatUserCanPollSession_paramterized in 254fe3d206e84afe17670c72043b5f2274ef58806405017199ffcc11fd4c7c90.html in directory target/site/serenity  
13:37:22.613 [pool-2-thread-1] DEBUG n.t.c.r.h.HtmlAcceptanceTestReporter - Generating report in 254fe3d206e84afe17670c72043b5f2274ef58806405017199ffcc11fd4c7c90.html
13:37:22.936 [pool-2-thread-1] DEBUG n.t.c.r.RequirementsTagProvider -  found:[]
13:37:22.985 [pool-2-thread-1] DEBUG n.t.c.r.h.HtmlAcceptanceTestReporter - Generated report 254fe3d206e84afe17670c72043b5f2274ef58806405017199ffcc11fd4c7c90.html in 373 ms
13:37:22.985 [pool-2-thread-1] DEBUG n.t.core.reports.ReportService - Processing test outcome Serenity test sky scanner:verifyThatUserCanPollSession_paramterized done
13:37:22.985 [main] DEBUG n.t.core.reports.ReportService - Shutting down executor service
13:37:22.985 [main] DEBUG n.t.core.reports.ReportService - Reports generated in: 680 ms
13:37:23.163 [main] DEBUG n.t.core.reports.ReportService - Generating report for configuration
13:37:18.199 [pool-1-thread-1] DEBUG n.thucydides.core.steps.StepEventBus - Test suite started for class com.test.rest.api.SerenityTest_SkyScanner
13:37:18.211 [pool-1-thread-1] INFO  n.t.c.steps.ConsoleLoggingListener - Test Suite Started: Serenity test sky scanner
13:37:18.239 [pool-1-thread-1] DEBUG n.t.core.requirements.RootDirectory - Resource directories found in  in 9 ms: []
13:37:18.243 [pool-1-thread-1] INFO  n.t.c.steps.ConsoleLoggingListener - 
 _____ _____ ____ _____   ____ _____  _    ____ _____ _____ ____  
|_   _| ____/ ___|_   _| / ___|_   _|/ \  |  _ \_   _| ____|  _ \ 
  | | |  _| \___ \ | |   \___ \ | | / _ \ | |_) || | |  _| | | | |
  | | | |___ ___) || |    ___) || |/ ___ \|  _ < | | | |___| |_| |
  |_| |_____|____/ |_|   |____/ |_/_/   \_\_| \_\|_| |_____|____/ 
                                                                  

TEST STARTED: verifyThatUserCanPollSession_paramterized[0]
-------------------------------------------------------------------
13:37:18.243 [pool-1-thread-1] INFO  net.serenitybdd.core.Serenity - TEST NUMBER: 1
13:37:18.290 [pool-1-thread-1] DEBUG n.t.core.steps.StepInterceptor - STARTING STEP: SerenityTest_SkyScanner.verifyThatUserCanPollSession_paramterized - I try to search skyscanner with {0} origin {1} destination {2} inbounddate {3} outbounddate  {4} cabinclass {5} adults 
13:37:20.764 [pool-1-thread-1] DEBUG o.a.h.i.c.BasicClientConnectionManager - Get connection for route {s}->https://skyscanner-skyscanner-flight-search-v1.p.rapidapi.com:443
13:37:20.790 [pool-1-thread-1] DEBUG o.a.h.i.c.DefaultClientConnectionOperator - Connecting to skyscanner-skyscanner-flight-search-v1.p.rapidapi.com:443
13:37:21.109 [pool-1-thread-1] DEBUG o.a.h.c.protocol.RequestAddCookies - CookieSpec selected: ignoreCookies
13:37:21.111 [pool-1-thread-1] DEBUG o.a.h.c.protocol.RequestAuthCache - Auth cache not set in the context
13:37:21.111 [pool-1-thread-1] DEBUG o.a.h.c.p.RequestTargetAuthentication - Target auth state: UNCHALLENGED
13:37:21.111 [pool-1-thread-1] DEBUG o.a.h.c.p.RequestProxyAuthentication - Proxy auth state: UNCHALLENGED
13:37:21.111 [pool-1-thread-1] DEBUG o.a.h.impl.client.DefaultHttpClient - Attempt 1 to execute request
13:37:21.112 [pool-1-thread-1] DEBUG o.a.h.i.conn.DefaultClientConnection - Sending request: POST /apiservices/pricing/v1.0 HTTP/1.1
13:37:21.112 [pool-1-thread-1] DEBUG org.apache.http.wire -  >> "POST /apiservices/pricing/v1.0 HTTP/1.1[\r][\n]"
13:37:21.113 [pool-1-thread-1] DEBUG org.apache.http.wire -  >> "Accept: */*[\r][\n]"
13:37:21.113 [pool-1-thread-1] DEBUG org.apache.http.wire -  >> "x-rapidapi-key: 1cf93091b1mshe1509d08adb1a40p13260ajsn8ef9df1068da[\r][\n]"
13:37:21.113 [pool-1-thread-1] DEBUG org.apache.http.wire -  >> "x-rapidapi-host: skyscanner-skyscanner-flight-search-v1.p.rapidapi.com[\r][\n]"
13:37:21.113 [pool-1-thread-1] DEBUG org.apache.http.wire -  >> "Content-Type: application/x-www-form-urlencoded; charset=UTF-8[\r][\n]"
13:37:21.113 [pool-1-thread-1] DEBUG org.apache.http.wire -  >> "Content-Length: 157[\r][\n]"
13:37:21.113 [pool-1-thread-1] DEBUG org.apache.http.wire -  >> "Host: skyscanner-skyscanner-flight-search-v1.p.rapidapi.com[\r][\n]"
13:37:21.113 [pool-1-thread-1] DEBUG org.apache.http.wire -  >> "Connection: Keep-Alive[\r][\n]"
13:37:21.113 [pool-1-thread-1] DEBUG org.apache.http.wire -  >> "User-Agent: Apache-HttpClient/4.5.5 (Java/1.8.0_211)[\r][\n]"
13:37:21.113 [pool-1-thread-1] DEBUG org.apache.http.wire -  >> "Accept-Encoding: gzip,deflate[\r][\n]"
13:37:21.113 [pool-1-thread-1] DEBUG org.apache.http.wire -  >> "[\r][\n]"
13:37:21.113 [pool-1-thread-1] DEBUG org.apache.http.headers - >> POST /apiservices/pricing/v1.0 HTTP/1.1
13:37:21.113 [pool-1-thread-1] DEBUG org.apache.http.headers - >> Accept: */*
13:37:21.113 [pool-1-thread-1] DEBUG org.apache.http.headers - >> x-rapidapi-key: 1cf93091b1mshe1509d08adb1a40p13260ajsn8ef9df1068da
13:37:21.113 [pool-1-thread-1] DEBUG org.apache.http.headers - >> x-rapidapi-host: skyscanner-skyscanner-flight-search-v1.p.rapidapi.com
13:37:21.113 [pool-1-thread-1] DEBUG org.apache.http.headers - >> Content-Type: application/x-www-form-urlencoded; charset=UTF-8
13:37:21.113 [pool-1-thread-1] DEBUG org.apache.http.headers - >> Content-Length: 157
13:37:21.113 [pool-1-thread-1] DEBUG org.apache.http.headers - >> Host: skyscanner-skyscanner-flight-search-v1.p.rapidapi.com
13:37:21.113 [pool-1-thread-1] DEBUG org.apache.http.headers - >> Connection: Keep-Alive
13:37:21.113 [pool-1-thread-1] DEBUG org.apache.http.headers - >> User-Agent: Apache-HttpClient/4.5.5 (Java/1.8.0_211)
13:37:21.113 [pool-1-thread-1] DEBUG org.apache.http.headers - >> Accept-Encoding: gzip,deflate
13:37:21.114 [pool-1-thread-1] DEBUG org.apache.http.wire -  >> "originPlace=MEL-sky&destinationPlace=SYD-sky&inboundDate=2019-12-20&outboundDate=2019-12-01&cabinClass=business&adults=1&country=AU&currency=AUD&locale=en-US"
13:37:22.229 [pool-1-thread-1] DEBUG org.apache.http.wire -  << "HTTP/1.1 403 Forbidden[\r][\n]"
13:37:22.229 [pool-1-thread-1] DEBUG org.apache.http.wire -  << "Cache-Control: private[\r][\n]"
13:37:22.229 [pool-1-thread-1] DEBUG org.apache.http.wire -  << "Content-Type: application/json[\r][\n]"
13:37:22.230 [pool-1-thread-1] DEBUG org.apache.http.wire -  << "Date: Mon, 25 Nov 2019 02:37:22 GMT[\r][\n]"
13:37:22.230 [pool-1-thread-1] DEBUG org.apache.http.wire -  << "Server: RapidAPI-1.0.32[\r][\n]"
13:37:22.230 [pool-1-thread-1] DEBUG org.apache.http.wire -  << "X-RapidAPI-Region: AWS - ap-southeast-2[\r][\n]"
13:37:22.230 [pool-1-thread-1] DEBUG org.apache.http.wire -  << "X-RapidAPI-Version: 1.0.32[\r][\n]"
13:37:22.230 [pool-1-thread-1] DEBUG org.apache.http.wire -  << "Content-Length: 76[\r][\n]"
13:37:22.230 [pool-1-thread-1] DEBUG org.apache.http.wire -  << "Connection: keep-alive[\r][\n]"
13:37:22.230 [pool-1-thread-1] DEBUG org.apache.http.wire -  << "[\r][\n]"
13:37:22.230 [pool-1-thread-1] DEBUG o.a.h.i.conn.DefaultClientConnection - Receiving response: HTTP/1.1 403 Forbidden
13:37:22.230 [pool-1-thread-1] DEBUG org.apache.http.headers - << HTTP/1.1 403 Forbidden
13:37:22.230 [pool-1-thread-1] DEBUG org.apache.http.headers - << Cache-Control: private
13:37:22.230 [pool-1-thread-1] DEBUG org.apache.http.headers - << Content-Type: application/json
13:37:22.230 [pool-1-thread-1] DEBUG org.apache.http.headers - << Date: Mon, 25 Nov 2019 02:37:22 GMT
13:37:22.230 [pool-1-thread-1] DEBUG org.apache.http.headers - << Server: RapidAPI-1.0.32
13:37:22.230 [pool-1-thread-1] DEBUG org.apache.http.headers - << X-RapidAPI-Region: AWS - ap-southeast-2
13:37:22.230 [pool-1-thread-1] DEBUG org.apache.http.headers - << X-RapidAPI-Version: 1.0.32
13:37:22.230 [pool-1-thread-1] DEBUG org.apache.http.headers - << Content-Length: 76
13:37:22.230 [pool-1-thread-1] DEBUG org.apache.http.headers - << Connection: keep-alive
13:37:22.231 [pool-1-thread-1] DEBUG o.a.h.impl.client.DefaultHttpClient - Connection can be kept alive indefinitely
13:37:22.231 [pool-1-thread-1] DEBUG i.r.i.RequestSpecificationImpl$RestAssuredHttpBuilder - Parsing response as: application/json
13:37:22.231 [pool-1-thread-1] DEBUG i.r.i.RequestSpecificationImpl$RestAssuredHttpBuilder - Parsed data to instance of: class org.apache.http.conn.EofSensorInputStream
13:37:22.233 [pool-1-thread-1] DEBUG org.apache.http.wire -  << "{"ValidationErrors":[{"ParameterName":"apikey","Message":"ApiKey invalid"}]}"
13:37:22.234 [pool-1-thread-1] DEBUG o.a.h.i.c.BasicClientConnectionManager - Releasing connection org.apache.http.impl.conn.ManagedClientConnectionImpl@422cb533
13:37:22.234 [pool-1-thread-1] DEBUG o.a.h.i.c.BasicClientConnectionManager - Connection can be kept alive indefinitely
13:37:22.238 [pool-1-thread-1] DEBUG n.t.core.steps.StepInterceptor - STEP FAILED: I try to search skyscanner with {0} origin {1} destination {2} inbounddate {3} outbounddate  {4} cabinclass {5} adults  - null
]]></system-out>
  </testcase>
  <testcase name="verifyThatUserCanPollSession_paramterized[1]" classname="com.test.rest.api.SerenityTest_SkyScanner" time="3.824">
    <error type="java.lang.NullPointerException">java.lang.NullPointerException
	at com.test.rest.api.SerenityTest_SkyScanner.verifyThatUserCanPollSession_paramterized(SerenityTest_SkyScanner.java:59)
</error>
    <system-out><![CDATA[13:37:18.244 [pool-1-thread-2] DEBUG n.thucydides.core.steps.StepEventBus - Test suite started for class com.test.rest.api.SerenityTest_SkyScanner
13:37:18.245 [pool-1-thread-2] INFO  n.t.c.steps.ConsoleLoggingListener - Test Suite Started: Serenity test sky scanner
13:37:18.246 [pool-1-thread-2] INFO  n.t.c.steps.ConsoleLoggingListener - 
 _____ _____ ____ _____   ____ _____  _    ____ _____ _____ ____  
|_   _| ____/ ___|_   _| / ___|_   _|/ \  |  _ \_   _| ____|  _ \ 
  | | |  _| \___ \ | |   \___ \ | | / _ \ | |_) || | |  _| | | | |
  | | | |___ ___) || |    ___) || |/ ___ \|  _ < | | | |___| |_| |
  |_| |_____|____/ |_|   |____/ |_/_/   \_\_| \_\|_| |_____|____/ 
                                                                  

TEST STARTED: verifyThatUserCanPollSession_paramterized[1]
-------------------------------------------------------------------
13:37:18.246 [pool-1-thread-2] INFO  net.serenitybdd.core.Serenity - TEST NUMBER: 2
13:37:18.290 [pool-1-thread-2] DEBUG n.t.core.steps.StepInterceptor - STARTING STEP: SerenityTest_SkyScanner.verifyThatUserCanPollSession_paramterized - I try to search skyscanner with {0} origin {1} destination {2} inbounddate {3} outbounddate  {4} cabinclass {5} adults 
13:37:20.764 [pool-1-thread-2] DEBUG o.a.h.i.c.BasicClientConnectionManager - Get connection for route {s}->https://skyscanner-skyscanner-flight-search-v1.p.rapidapi.com:443
13:37:20.790 [pool-1-thread-2] DEBUG o.a.h.i.c.DefaultClientConnectionOperator - Connecting to skyscanner-skyscanner-flight-search-v1.p.rapidapi.com:443
13:37:21.109 [pool-1-thread-2] DEBUG o.a.h.c.protocol.RequestAddCookies - CookieSpec selected: ignoreCookies
13:37:21.111 [pool-1-thread-2] DEBUG o.a.h.c.protocol.RequestAuthCache - Auth cache not set in the context
13:37:21.111 [pool-1-thread-2] DEBUG o.a.h.c.p.RequestTargetAuthentication - Target auth state: UNCHALLENGED
13:37:21.111 [pool-1-thread-2] DEBUG o.a.h.c.p.RequestProxyAuthentication - Proxy auth state: UNCHALLENGED
13:37:21.111 [pool-1-thread-2] DEBUG o.a.h.impl.client.DefaultHttpClient - Attempt 1 to execute request
13:37:21.112 [pool-1-thread-2] DEBUG o.a.h.i.conn.DefaultClientConnection - Sending request: POST /apiservices/pricing/v1.0 HTTP/1.1
13:37:21.112 [pool-1-thread-2] DEBUG org.apache.http.wire -  >> "POST /apiservices/pricing/v1.0 HTTP/1.1[\r][\n]"
13:37:21.113 [pool-1-thread-2] DEBUG org.apache.http.wire -  >> "Accept: */*[\r][\n]"
13:37:21.113 [pool-1-thread-2] DEBUG org.apache.http.wire -  >> "x-rapidapi-key: 1cf93091b1mshe1509d08adb1a40p13260ajsn8ef9df1068da[\r][\n]"
13:37:21.113 [pool-1-thread-2] DEBUG org.apache.http.wire -  >> "x-rapidapi-host: skyscanner-skyscanner-flight-search-v1.p.rapidapi.com[\r][\n]"
13:37:21.113 [pool-1-thread-2] DEBUG org.apache.http.wire -  >> "Content-Type: application/x-www-form-urlencoded; charset=UTF-8[\r][\n]"
13:37:21.113 [pool-1-thread-2] DEBUG org.apache.http.wire -  >> "Content-Length: 157[\r][\n]"
13:37:21.113 [pool-1-thread-2] DEBUG org.apache.http.wire -  >> "Host: skyscanner-skyscanner-flight-search-v1.p.rapidapi.com[\r][\n]"
13:37:21.113 [pool-1-thread-2] DEBUG org.apache.http.wire -  >> "Connection: Keep-Alive[\r][\n]"
13:37:21.113 [pool-1-thread-2] DEBUG org.apache.http.wire -  >> "User-Agent: Apache-HttpClient/4.5.5 (Java/1.8.0_211)[\r][\n]"
13:37:21.113 [pool-1-thread-2] DEBUG org.apache.http.wire -  >> "Accept-Encoding: gzip,deflate[\r][\n]"
13:37:21.113 [pool-1-thread-2] DEBUG org.apache.http.wire -  >> "[\r][\n]"
13:37:21.113 [pool-1-thread-2] DEBUG org.apache.http.headers - >> POST /apiservices/pricing/v1.0 HTTP/1.1
13:37:21.113 [pool-1-thread-2] DEBUG org.apache.http.headers - >> Accept: */*
13:37:21.113 [pool-1-thread-2] DEBUG org.apache.http.headers - >> x-rapidapi-key: 1cf93091b1mshe1509d08adb1a40p13260ajsn8ef9df1068da
13:37:21.113 [pool-1-thread-2] DEBUG org.apache.http.headers - >> x-rapidapi-host: skyscanner-skyscanner-flight-search-v1.p.rapidapi.com
13:37:21.113 [pool-1-thread-2] DEBUG org.apache.http.headers - >> Content-Type: application/x-www-form-urlencoded; charset=UTF-8
13:37:21.113 [pool-1-thread-2] DEBUG org.apache.http.headers - >> Content-Length: 157
13:37:21.113 [pool-1-thread-2] DEBUG org.apache.http.headers - >> Host: skyscanner-skyscanner-flight-search-v1.p.rapidapi.com
13:37:21.113 [pool-1-thread-2] DEBUG org.apache.http.headers - >> Connection: Keep-Alive
13:37:21.113 [pool-1-thread-2] DEBUG org.apache.http.headers - >> User-Agent: Apache-HttpClient/4.5.5 (Java/1.8.0_211)
13:37:21.113 [pool-1-thread-2] DEBUG org.apache.http.headers - >> Accept-Encoding: gzip,deflate
13:37:21.114 [pool-1-thread-2] DEBUG org.apache.http.wire -  >> "originPlace=MEL-sky&destinationPlace=SYD-sky&inboundDate=2019-12-21&outboundDate=2019-12-02&cabinClass=business&adults=2&country=AU&currency=AUD&locale=en-US"
13:37:21.950 [pool-1-thread-2] DEBUG org.apache.http.wire -  << "HTTP/1.1 403 Forbidden[\r][\n]"
13:37:21.954 [pool-1-thread-2] DEBUG org.apache.http.wire -  << "Cache-Control: private[\r][\n]"
13:37:21.954 [pool-1-thread-2] DEBUG org.apache.http.wire -  << "Content-Type: application/json[\r][\n]"
13:37:21.954 [pool-1-thread-2] DEBUG org.apache.http.wire -  << "Date: Mon, 25 Nov 2019 02:37:21 GMT[\r][\n]"
13:37:21.954 [pool-1-thread-2] DEBUG org.apache.http.wire -  << "Server: RapidAPI-1.0.32[\r][\n]"
13:37:21.955 [pool-1-thread-2] DEBUG org.apache.http.wire -  << "X-RapidAPI-Region: AWS - ap-southeast-2[\r][\n]"
13:37:21.955 [pool-1-thread-2] DEBUG org.apache.http.wire -  << "X-RapidAPI-Version: 1.0.32[\r][\n]"
13:37:21.955 [pool-1-thread-2] DEBUG org.apache.http.wire -  << "Content-Length: 76[\r][\n]"
13:37:21.955 [pool-1-thread-2] DEBUG org.apache.http.wire -  << "Connection: keep-alive[\r][\n]"
13:37:21.955 [pool-1-thread-2] DEBUG org.apache.http.wire -  << "[\r][\n]"
13:37:21.956 [pool-1-thread-2] DEBUG o.a.h.i.conn.DefaultClientConnection - Receiving response: HTTP/1.1 403 Forbidden
13:37:21.956 [pool-1-thread-2] DEBUG org.apache.http.headers - << HTTP/1.1 403 Forbidden
13:37:21.956 [pool-1-thread-2] DEBUG org.apache.http.headers - << Cache-Control: private
13:37:21.956 [pool-1-thread-2] DEBUG org.apache.http.headers - << Content-Type: application/json
13:37:21.956 [pool-1-thread-2] DEBUG org.apache.http.headers - << Date: Mon, 25 Nov 2019 02:37:21 GMT
13:37:21.956 [pool-1-thread-2] DEBUG org.apache.http.headers - << Server: RapidAPI-1.0.32
13:37:21.956 [pool-1-thread-2] DEBUG org.apache.http.headers - << X-RapidAPI-Region: AWS - ap-southeast-2
13:37:21.956 [pool-1-thread-2] DEBUG org.apache.http.headers - << X-RapidAPI-Version: 1.0.32
13:37:21.956 [pool-1-thread-2] DEBUG org.apache.http.headers - << Content-Length: 76
13:37:21.956 [pool-1-thread-2] DEBUG org.apache.http.headers - << Connection: keep-alive
13:37:21.961 [pool-1-thread-2] DEBUG o.a.h.impl.client.DefaultHttpClient - Connection can be kept alive indefinitely
13:37:21.976 [pool-1-thread-2] DEBUG i.r.i.RequestSpecificationImpl$RestAssuredHttpBuilder - Parsing response as: application/json
13:37:21.976 [pool-1-thread-2] DEBUG i.r.i.RequestSpecificationImpl$RestAssuredHttpBuilder - Parsed data to instance of: class org.apache.http.conn.EofSensorInputStream
13:37:22.009 [pool-1-thread-2] DEBUG org.apache.http.wire -  << "{"ValidationErrors":[{"ParameterName":"apikey","Message":"ApiKey invalid"}]}"
13:37:22.010 [pool-1-thread-2] DEBUG o.a.h.i.c.BasicClientConnectionManager - Releasing connection org.apache.http.impl.conn.ManagedClientConnectionImpl@2ad210c2
13:37:22.010 [pool-1-thread-2] DEBUG o.a.h.i.c.BasicClientConnectionManager - Connection can be kept alive indefinitely
13:37:22.054 [pool-1-thread-2] DEBUG n.t.core.steps.StepInterceptor - STEP FAILED: I try to search skyscanner with {0} origin {1} destination {2} inbounddate {3} outbounddate  {4} cabinclass {5} adults  - null
]]></system-out>
  </testcase>
</testsuite>