<?xml version="1.0" encoding="UTF-8"?>
<testsuite xmlns:xsi="http://www.w3.org/2001/XMLSchema-instance" xsi:noNamespaceSchemaLocation="https://maven.apache.org/surefire/maven-failsafe-plugin/xsd/failsafe-test-report.xsd" name="com.test.rest.api.SerenityTest" time="14.417" tests="3" errors="0" skipped="0" failures="3">
  <properties>
    <property name="gopherProxySet" value="false"/>
    <property name="awt.toolkit" value="sun.lwawt.macosx.LWCToolkit"/>
    <property name="file.encoding.pkg" value="sun.io"/>
    <property name="java.specification.version" value="1.8"/>
    <property name="sun.cpu.isalist" value=""/>
    <property name="sun.jnu.encoding" value="UTF-8"/>
    <property name="java.class.path" value="/QE_API_CHALLENGE-master/target/test-classes:/QE_API_CHALLENGE-master/target/serenity-rest-assured-automation-0.0.1-SNAPSHOT.jar:/Users/ganeshranganathan/.m2/repository/net/serenity-bdd/serenity-core/2.0.69/serenity-core-2.0.69.jar:/Users/ganeshranganathan/.m2/repository/net/bytebuddy/byte-buddy/1.9.12/byte-buddy-1.9.12.jar:/Users/ganeshranganathan/.m2/repository/net/bytebuddy/byte-buddy-agent/1.9.12/byte-buddy-agent-1.9.12.jar:/Users/ganeshranganathan/.m2/repository/com/google/guava/guava/25.0-jre/guava-25.0-jre.jar:/Users/ganeshranganathan/.m2/repository/com/google/code/findbugs/jsr305/1.3.9/jsr305-1.3.9.jar:/Users/ganeshranganathan/.m2/repository/org/checkerframework/checker-compat-qual/2.0.0/checker-compat-qual-2.0.0.jar:/Users/ganeshranganathan/.m2/repository/com/google/errorprone/error_prone_annotations/2.1.3/error_prone_annotations-2.1.3.jar:/Users/ganeshranganathan/.m2/repository/com/google/j2objc/j2objc-annotations/1.1/j2objc-annotations-1.1.jar:/Users/ganeshranganathan/.m2/repository/org/codehaus/mojo/animal-sniffer-annotations/1.14/animal-sniffer-annotations-1.14.jar:/Users/ganeshranganathan/.m2/repository/com/google/inject/guice/4.2.2/guice-4.2.2.jar:/Users/ganeshranganathan/.m2/repository/javax/inject/javax.inject/1/javax.inject-1.jar:/Users/ganeshranganathan/.m2/repository/aopalliance/aopalliance/1.0/aopalliance-1.0.jar:/Users/ganeshranganathan/.m2/repository/cglib/cglib/3.2.5/cglib-3.2.5.jar:/Users/ganeshranganathan/.m2/repository/org/ow2/asm/asm/5.0.3/asm-5.0.3.jar:/Users/ganeshranganathan/.m2/repository/commons-codec/commons-codec/1.10/commons-codec-1.10.jar:/Users/ganeshranganathan/.m2/repository/org/objenesis/objenesis/2.6/objenesis-2.6.jar:/Users/ganeshranganathan/.m2/repository/org/slf4j/slf4j-api/1.7.25/slf4j-api-1.7.25.jar:/Users/ganeshranganathan/.m2/repository/xml-apis/xml-apis/1.4.01/xml-apis-1.4.01.jar:/Users/ganeshranganathan/.m2/repository/io/cucumber/cucumber-core/2.4.0/cucumber-core-2.4.0.jar:/Users/ganeshranganathan/.m2/repository/info/cukes/cucumber-html/0.2.6/cucumber-html-0.2.6.jar:/Users/ganeshranganathan/.m2/repository/io/cucumber/cucumber-jvm-deps/1.0.6/cucumber-jvm-deps-1.0.6.jar:/Users/ganeshranganathan/.m2/repository/io/cucumber/gherkin/5.0.0/gherkin-5.0.0.jar:/Users/ganeshranganathan/.m2/repository/io/cucumber/tag-expressions/1.1.1/tag-expressions-1.1.1.jar:/Users/ganeshranganathan/.m2/repository/commons-logging/commons-logging/1.2/commons-logging-1.2.jar:/Users/ganeshranganathan/.m2/repository/io/vavr/vavr/0.9.0/vavr-0.9.0.jar:/Users/ganeshranganathan/.m2/repository/io/vavr/vavr-match/0.9.0/vavr-match-0.9.0.jar:/Users/ganeshranganathan/.m2/repository/javax/xml/bind/jaxb-api/2.2.12/jaxb-api-2.2.12.jar:/Users/ganeshranganathan/.m2/repository/com/sun/xml/bind/jaxb-core/2.3.0.1/jaxb-core-2.3.0.1.jar:/Users/ganeshranganathan/.m2/repository/com/sun/xml/bind/jaxb-impl/2.3.0.1/jaxb-impl-2.3.0.1.jar:/Users/ganeshranganathan/.m2/repository/javax/activation/activation/1.1.1/activation-1.1.1.jar:/Users/ganeshranganathan/.m2/repository/org/mockito/mockito-core/2.25.0/mockito-core-2.25.0.jar:/Users/ganeshranganathan/.m2/repository/net/serenity-bdd/serenity-report-resources/2.0.69/serenity-report-resources-2.0.69.jar:/Users/ganeshranganathan/.m2/repository/net/serenity-bdd/serenity-model/2.0.69/serenity-model-2.0.69.jar:/Users/ganeshranganathan/.m2/repository/commons-net/commons-net/3.6/commons-net-3.6.jar:/Users/ganeshranganathan/.m2/repository/org/apache/commons/commons-text/1.6/commons-text-1.6.jar:/Users/ganeshranganathan/.m2/repository/net/serenity-bdd/serenity-reports/2.0.69/serenity-reports-2.0.69.jar:/Users/ganeshranganathan/.m2/repository/net/serenity-bdd/serenity-stats/2.0.69/serenity-stats-2.0.69.jar:/Users/ganeshranganathan/.m2/repository/org/jetbrains/kotlin/kotlin-stdlib/1.3.31/kotlin-stdlib-1.3.31.jar:/Users/ganeshranganathan/.m2/repository/org/jetbrains/kotlin/kotlin-stdlib-common/1.3.31/kotlin-stdlib-common-1.3.31.jar:/Users/ganeshranganathan/.m2/repository/org/jetbrains/annotations/13.0/annotations-13.0.jar:/Users/ganeshranganathan/.m2/repository/com/google/code/gson/gson/2.8.4/gson-2.8.4.jar:/Users/ganeshranganathan/.m2/repository/commons-io/commons-io/2.6/commons-io-2.6.jar:/Users/ganeshranganathan/.m2/repository/org/seleniumhq/selenium/selenium-server/3.141.59/selenium-server-3.141.59.jar:/Users/ganeshranganathan/.m2/repository/org/seleniumhq/selenium/selenium-firefox-driver/3.141.59/selenium-firefox-driver-3.141.59.jar:/Users/ganeshranganathan/.m2/repository/org/seleniumhq/selenium/selenium-ie-driver/3.141.59/selenium-ie-driver-3.141.59.jar:/Users/ganeshranganathan/.m2/repository/com/beust/jcommander/1.72/jcommander-1.72.jar:/Users/ganeshranganathan/.m2/repository/org/apache/commons/commons-exec/1.3/commons-exec-1.3.jar:/Users/ganeshranganathan/.m2/repository/net/jcip/jcip-annotations/1.0/jcip-annotations-1.0.jar:/Users/ganeshranganathan/.m2/repository/org/seleniumhq/selenium/jetty-repacked/9.4.12.v20180830/jetty-repacked-9.4.12.v20180830.jar:/Users/ganeshranganathan/.m2/repository/com/squareup/okhttp3/okhttp/3.11.0/okhttp-3.11.0.jar:/Users/ganeshranganathan/.m2/repository/com/squareup/okio/okio/1.14.0/okio-1.14.0.jar:/Users/ganeshranganathan/.m2/repository/javax/servlet/javax.servlet-api/3.1.0/javax.servlet-api-3.1.0.jar:/Users/ganeshranganathan/.m2/repository/org/yaml/snakeyaml/1.19/snakeyaml-1.19.jar:/Users/ganeshranganathan/.m2/repository/org/seleniumhq/selenium/selenium-java/3.141.59/selenium-java-3.141.59.jar:/Users/ganeshranganathan/.m2/repository/org/seleniumhq/selenium/selenium-api/3.141.59/selenium-api-3.141.59.jar:/Users/ganeshranganathan/.m2/repository/org/seleniumhq/selenium/selenium-chrome-driver/3.141.59/selenium-chrome-driver-3.141.59.jar:/Users/ganeshranganathan/.m2/repository/org/seleniumhq/selenium/selenium-edge-driver/3.141.59/selenium-edge-driver-3.141.59.jar:/Users/ganeshranganathan/.m2/repository/org/seleniumhq/selenium/selenium-remote-driver/3.141.59/selenium-remote-driver-3.141.59.jar:/Users/ganeshranganathan/.m2/repository/org/seleniumhq/selenium/selenium-safari-driver/3.141.59/selenium-safari-driver-3.141.59.jar:/Users/ganeshranganathan/.m2/repository/org/seleniumhq/selenium/selenium-opera-driver/3.141.59/selenium-opera-driver-3.141.59.jar:/Users/ganeshranganathan/.m2/repository/org/seleniumhq/selenium/selenium-support/3.141.59/selenium-support-3.141.59.jar:/Users/ganeshranganathan/.m2/repository/com/paulhammant/ngwebdriver/1.1.4/ngwebdriver-1.1.4.jar:/Users/ganeshranganathan/.m2/repository/com/codeborne/phantomjsdriver/1.4.4/phantomjsdriver-1.4.4.jar:/Users/ganeshranganathan/.m2/repository/org/eclipse/jetty/jetty-util/9.4.8.v20171121/jetty-util-9.4.8.v20171121.jar:/Users/ganeshranganathan/.m2/repository/org/eclipse/jetty/jetty-io/9.4.8.v20171121/jetty-io-9.4.8.v20171121.jar:/Users/ganeshranganathan/.m2/repository/org/seleniumhq/selenium/htmlunit-driver/2.33.1/htmlunit-driver-2.33.1.jar:/Users/ganeshranganathan/.m2/repository/io/appium/java-client/7.0.0/java-client-7.0.0.jar:/Users/ganeshranganathan/.m2/repository/commons-validator/commons-validator/1.6/commons-validator-1.6.jar:/Users/ganeshranganathan/.m2/repository/commons-beanutils/commons-beanutils/1.9.2/commons-beanutils-1.9.2.jar:/Users/ganeshranganathan/.m2/repository/commons-digester/commons-digester/1.8.1/commons-digester-1.8.1.jar:/Users/ganeshranganathan/.m2/repository/org/aspectj/aspectjweaver/1.9.1/aspectjweaver-1.9.1.jar:/Users/ganeshranganathan/.m2/repository/org/springframework/spring-context-support/5.1.2.RELEASE/spring-context-support-5.1.2.RELEASE.jar:/Users/ganeshranganathan/.m2/repository/org/springframework/spring-beans/5.1.2.RELEASE/spring-beans-5.1.2.RELEASE.jar:/Users/ganeshranganathan/.m2/repository/org/springframework/spring-context/5.1.2.RELEASE/spring-context-5.1.2.RELEASE.jar:/Users/ganeshranganathan/.m2/repository/org/springframework/spring-aop/5.1.2.RELEASE/spring-aop-5.1.2.RELEASE.jar:/Users/ganeshranganathan/.m2/repository/org/springframework/spring-expression/5.1.2.RELEASE/spring-expression-5.1.2.RELEASE.jar:/Users/ganeshranganathan/.m2/repository/org/springframework/spring-core/5.1.2.RELEASE/spring-core-5.1.2.RELEASE.jar:/Users/ganeshranganathan/.m2/repository/org/springframework/spring-jcl/5.1.2.RELEASE/spring-jcl-5.1.2.RELEASE.jar:/Users/ganeshranganathan/.m2/repository/org/glassfish/tyrus/tyrus-core/1.13.1/tyrus-core-1.13.1.jar:/Users/ganeshranganathan/.m2/repository/org/glassfish/tyrus/tyrus-spi/1.13.1/tyrus-spi-1.13.1.jar:/Users/ganeshranganathan/.m2/repository/javax/websocket/javax.websocket-api/1.1/javax.websocket-api-1.1.jar:/Users/ganeshranganathan/.m2/repository/org/codehaus/groovy/groovy/2.5.5/groovy-2.5.5.jar:/Users/ganeshranganathan/.m2/repository/net/sf/opencsv/opencsv/2.0/opencsv-2.0.jar:/Users/ganeshranganathan/.m2/repository/commons-beanutils/commons-beanutils-core/1.8.3/commons-beanutils-core-1.8.3.jar:/Users/ganeshranganathan/.m2/repository/joda-time/joda-time/2.7/joda-time-2.7.jar:/Users/ganeshranganathan/.m2/repository/com/thoughtworks/xstream/xstream/1.4.9/xstream-1.4.9.jar:/Users/ganeshranganathan/.m2/repository/xmlpull/xmlpull/1.1.3.1/xmlpull-1.1.3.1.jar:/Users/ganeshranganathan/.m2/repository/xpp3/xpp3_min/1.1.4c/xpp3_min-1.1.4c.jar:/Users/ganeshranganathan/.m2/repository/org/apache/commons/commons-lang3/3.8.1/commons-lang3-3.8.1.jar:/Users/ganeshranganathan/.m2/repository/commons-collections/commons-collections/3.2.2/commons-collections-3.2.2.jar:/Users/ganeshranganathan/.m2/repository/org/freemarker/freemarker/2.3.28/freemarker-2.3.28.jar:/Users/ganeshranganathan/.m2/repository/net/sourceforge/jexcelapi/jxl/2.6.12/jxl-2.6.12.jar:/Users/ganeshranganathan/.m2/repository/org/hamcrest/hamcrest-core/1.3/hamcrest-core-1.3.jar:/Users/ganeshranganathan/.m2/repository/org/hamcrest/hamcrest-library/1.3/hamcrest-library-1.3.jar:/Users/ganeshranganathan/.m2/repository/net/sourceforge/htmlunit/htmlunit/2.33/htmlunit-2.33.jar:/Users/ganeshranganathan/.m2/repository/net/sourceforge/htmlunit/htmlunit-core-js/2.33/htmlunit-core-js-2.33.jar:/Users/ganeshranganathan/.m2/repository/net/sourceforge/htmlunit/neko-htmlunit/2.33/neko-htmlunit-2.33.jar:/Users/ganeshranganathan/.m2/repository/xerces/xercesImpl/2.12.0/xercesImpl-2.12.0.jar:/Users/ganeshranganathan/.m2/repository/net/sourceforge/htmlunit/htmlunit-cssparser/1.2.0/htmlunit-cssparser-1.2.0.jar:/Users/ganeshranganathan/.m2/repository/org/eclipse/jetty/websocket/websocket-client/9.4.12.v20180830/websocket-client-9.4.12.v20180830.jar:/Users/ganeshranganathan/.m2/repository/org/eclipse/jetty/jetty-client/9.4.12.v20180830/jetty-client-9.4.12.v20180830.jar:/Users/ganeshranganathan/.m2/repository/org/eclipse/jetty/jetty-http/9.4.12.v20180830/jetty-http-9.4.12.v20180830.jar:/Users/ganeshranganathan/.m2/repository/org/eclipse/jetty/jetty-xml/9.4.12.v20180830/jetty-xml-9.4.12.v20180830.jar:/Users/ganeshranganathan/.m2/repository/org/eclipse/jetty/websocket/websocket-common/9.4.12.v20180830/websocket-common-9.4.12.v20180830.jar:/Users/ganeshranganathan/.m2/repository/org/eclipse/jetty/websocket/websocket-api/9.4.12.v20180830/websocket-api-9.4.12.v20180830.jar:/Users/ganeshranganathan/.m2/repository/org/apache/httpcomponents/httpclient/4.5.5/httpclient-4.5.5.jar:/Users/ganeshranganathan/.m2/repository/org/apache/httpcomponents/httpcore/4.4.9/httpcore-4.4.9.jar:/Users/ganeshranganathan/.m2/repository/org/apache/httpcomponents/httpmime/4.5.5/httpmime-4.5.5.jar:/Users/ganeshranganathan/.m2/repository/org/fluentlenium/fluentlenium-core/0.10.2/fluentlenium-core-0.10.2.jar:/Users/ganeshranganathan/.m2/repository/com/jhlabs/filters/2.0.235/filters-2.0.235.jar:/Users/ganeshranganathan/.m2/repository/org/asciidoctor/asciidoctorj/1.5.6/asciidoctorj-1.5.6.jar:/Users/ganeshranganathan/.m2/repository/org/jruby/jruby-complete/1.7.26/jruby-complete-1.7.26.jar:/Users/ganeshranganathan/.m2/repository/org/imgscalr/imgscalr-lib/4.2/imgscalr-lib-4.2.jar:/Users/ganeshranganathan/.m2/repository/javax/el/javax.el-api/2.2.4/javax.el-api-2.2.4.jar:/Users/ganeshranganathan/.m2/repository/org/glassfish/web/javax.el/2.2.4/javax.el-2.2.4.jar:/Users/ganeshranganathan/.m2/repository/xalan/xalan/2.7.2/xalan-2.7.2.jar:/Users/ganeshranganathan/.m2/repository/xalan/serializer/2.7.2/serializer-2.7.2.jar:/Users/ganeshranganathan/.m2/repository/org/awaitility/awaitility/3.1.0/awaitility-3.1.0.jar:/Users/ganeshranganathan/.m2/repository/com/typesafe/config/1.3.1/config-1.3.1.jar:/Users/ganeshranganathan/.m2/repository/org/jsoup/jsoup/1.10.3/jsoup-1.10.3.jar:/Users/ganeshranganathan/.m2/repository/com/google/jimfs/jimfs/1.1/jimfs-1.1.jar:/Users/ganeshranganathan/.m2/repository/es/nitaur/markdown/txtmark/0.16/txtmark-0.16.jar:/Users/ganeshranganathan/.m2/repository/com/vladsch/flexmark/flexmark-all/0.34.30/flexmark-all-0.34.30.jar:/Users/ganeshranganathan/.m2/repository/com/vladsch/flexmark/flexmark/0.34.30/flexmark-0.34.30.jar:/Users/ganeshranganathan/.m2/repository/com/vladsch/flexmark/flexmark-ext-abbreviation/0.34.30/flexmark-ext-abbreviation-0.34.30.jar:/Users/ganeshranganathan/.m2/repository/com/vladsch/flexmark/flexmark-ext-admonition/0.34.30/flexmark-ext-admonition-0.34.30.jar:/Users/ganeshranganathan/.m2/repository/com/vladsch/flexmark/flexmark-ext-anchorlink/0.34.30/flexmark-ext-anchorlink-0.34.30.jar:/Users/ganeshranganathan/.m2/repository/com/vladsch/flexmark/flexmark-ext-aside/0.34.30/flexmark-ext-aside-0.34.30.jar:/Users/ganeshranganathan/.m2/repository/com/vladsch/flexmark/flexmark-ext-attributes/0.34.30/flexmark-ext-attributes-0.34.30.jar:/Users/ganeshranganathan/.m2/repository/com/vladsch/flexmark/flexmark-ext-autolink/0.34.30/flexmark-ext-autolink-0.34.30.jar:/Users/ganeshranganathan/.m2/repository/org/nibor/autolink/autolink/0.6.0/autolink-0.6.0.jar:/Users/ganeshranganathan/.m2/repository/com/vladsch/flexmark/flexmark-ext-definition/0.34.30/flexmark-ext-definition-0.34.30.jar:/Users/ganeshranganathan/.m2/repository/com/vladsch/flexmark/flexmark-ext-emoji/0.34.30/flexmark-ext-emoji-0.34.30.jar:/Users/ganeshranganathan/.m2/repository/com/vladsch/flexmark/flexmark-ext-enumerated-reference/0.34.30/flexmark-ext-enumerated-reference-0.34.30.jar:/Users/ganeshranganathan/.m2/repository/com/vladsch/flexmark/flexmark-ext-escaped-character/0.34.30/flexmark-ext-escaped-character-0.34.30.jar:/Users/ganeshranganathan/.m2/repository/com/vladsch/flexmark/flexmark-ext-footnotes/0.34.30/flexmark-ext-footnotes-0.34.30.jar:/Users/ganeshranganathan/.m2/repository/com/vladsch/flexmark/flexmark-ext-gfm-issues/0.34.30/flexmark-ext-gfm-issues-0.34.30.jar:/Users/ganeshranganathan/.m2/repository/com/vladsch/flexmark/flexmark-ext-gfm-strikethrough/0.34.30/flexmark-ext-gfm-strikethrough-0.34.30.jar:/Users/ganeshranganathan/.m2/repository/com/vladsch/flexmark/flexmark-ext-gfm-tables/0.34.30/flexmark-ext-gfm-tables-0.34.30.jar:/Users/ganeshranganathan/.m2/repository/com/vladsch/flexmark/flexmark-ext-gfm-tasklist/0.34.30/flexmark-ext-gfm-tasklist-0.34.30.jar:/Users/ganeshranganathan/.m2/repository/com/vladsch/flexmark/flexmark-ext-gfm-users/0.34.30/flexmark-ext-gfm-users-0.34.30.jar:/Users/ganeshranganathan/.m2/repository/com/vladsch/flexmark/flexmark-ext-gitlab/0.34.30/flexmark-ext-gitlab-0.34.30.jar:/Users/ganeshranganathan/.m2/repository/com/vladsch/flexmark/flexmark-ext-jekyll-front-matter/0.34.30/flexmark-ext-jekyll-front-matter-0.34.30.jar:/Users/ganeshranganathan/.m2/repository/com/vladsch/flexmark/flexmark-ext-jekyll-tag/0.34.30/flexmark-ext-jekyll-tag-0.34.30.jar:/Users/ganeshranganathan/.m2/repository/com/vladsch/flexmark/flexmark-ext-media-tags/0.34.30/flexmark-ext-media-tags-0.34.30.jar:/Users/ganeshranganathan/.m2/repository/com/vladsch/flexmark/flexmark-test-util/0.34.30/flexmark-test-util-0.34.30.jar:/Users/ganeshranganathan/.m2/repository/com/vladsch/flexmark/flexmark-ext-ins/0.34.30/flexmark-ext-ins-0.34.30.jar:/Users/ganeshranganathan/.m2/repository/com/vladsch/flexmark/flexmark-ext-xwiki-macros/0.34.30/flexmark-ext-xwiki-macros-0.34.30.jar:/Users/ganeshranganathan/.m2/repository/com/vladsch/flexmark/flexmark-ext-superscript/0.34.30/flexmark-ext-superscript-0.34.30.jar:/Users/ganeshranganathan/.m2/repository/com/vladsch/flexmark/flexmark-ext-tables/0.34.30/flexmark-ext-tables-0.34.30.jar:/Users/ganeshranganathan/.m2/repository/com/vladsch/flexmark/flexmark-ext-toc/0.34.30/flexmark-ext-toc-0.34.30.jar:/Users/ganeshranganathan/.m2/repository/com/vladsch/flexmark/flexmark-ext-typographic/0.34.30/flexmark-ext-typographic-0.34.30.jar:/Users/ganeshranganathan/.m2/repository/com/vladsch/flexmark/flexmark-ext-wikilink/0.34.30/flexmark-ext-wikilink-0.34.30.jar:/Users/ganeshranganathan/.m2/repository/com/vladsch/flexmark/flexmark-ext-yaml-front-matter/0.34.30/flexmark-ext-yaml-front-matter-0.34.30.jar:/Users/ganeshranganathan/.m2/repository/com/vladsch/flexmark/flexmark-ext-youtube-embedded/0.34.30/flexmark-ext-youtube-embedded-0.34.30.jar:/Users/ganeshranganathan/.m2/repository/com/vladsch/flexmark/flexmark-formatter/0.34.30/flexmark-formatter-0.34.30.jar:/Users/ganeshranganathan/.m2/repository/com/vladsch/flexmark/flexmark-html-parser/0.34.30/flexmark-html-parser-0.34.30.jar:/Users/ganeshranganathan/.m2/repository/com/vladsch/flexmark/flexmark-jira-converter/0.34.30/flexmark-jira-converter-0.34.30.jar:/Users/ganeshranganathan/.m2/repository/com/vladsch/flexmark/flexmark-pdf-converter/0.34.30/flexmark-pdf-converter-0.34.30.jar:/Users/ganeshranganathan/.m2/repository/com/openhtmltopdf/openhtmltopdf-core/0.0.1-RC13/openhtmltopdf-core-0.0.1-RC13.jar:/Users/ganeshranganathan/.m2/repository/com/openhtmltopdf/openhtmltopdf-pdfbox/0.0.1-RC13/openhtmltopdf-pdfbox-0.0.1-RC13.jar:/Users/ganeshranganathan/.m2/repository/org/apache/pdfbox/pdfbox/2.0.8/pdfbox-2.0.8.jar:/Users/ganeshranganathan/.m2/repository/org/apache/pdfbox/fontbox/2.0.8/fontbox-2.0.8.jar:/Users/ganeshranganathan/.m2/repository/org/apache/pdfbox/xmpbox/2.0.8/xmpbox-2.0.8.jar:/Users/ganeshranganathan/.m2/repository/de/rototor/pdfbox/graphics2d/0.12/graphics2d-0.12.jar:/Users/ganeshranganathan/.m2/repository/com/openhtmltopdf/openhtmltopdf-rtl-support/0.0.1-RC13/openhtmltopdf-rtl-support-0.0.1-RC13.jar:/Users/ganeshranganathan/.m2/repository/com/ibm/icu/icu4j/59.1/icu4j-59.1.jar:/Users/ganeshranganathan/.m2/repository/com/openhtmltopdf/openhtmltopdf-jsoup-dom-converter/0.0.1-RC13/openhtmltopdf-jsoup-dom-converter-0.0.1-RC13.jar:/Users/ganeshranganathan/.m2/repository/com/vladsch/flexmark/flexmark-profile-pegdown/0.34.30/flexmark-profile-pegdown-0.34.30.jar:/Users/ganeshranganathan/.m2/repository/com/vladsch/flexmark/flexmark-util/0.34.30/flexmark-util-0.34.30.jar:/Users/ganeshranganathan/.m2/repository/com/vladsch/flexmark/flexmark-youtrack-converter/0.34.30/flexmark-youtrack-converter-0.34.30.jar:/Users/ganeshranganathan/.m2/repository/net/serenity-bdd/serenity-rest-assured/2.0.69/serenity-rest-assured-2.0.69.jar:/Users/ganeshranganathan/.m2/repository/io/rest-assured/rest-assured/3.3.0/rest-assured-3.3.0.jar:/Users/ganeshranganathan/.m2/repository/org/ccil/cowan/tagsoup/tagsoup/1.2.1/tagsoup-1.2.1.jar:/Users/ganeshranganathan/.m2/repository/io/rest-assured/json-path/3.3.0/json-path-3.3.0.jar:/Users/ganeshranganathan/.m2/repository/io/rest-assured/rest-assured-common/3.3.0/rest-assured-common-3.3.0.jar:/Users/ganeshranganathan/.m2/repository/io/rest-assured/xml-path/3.3.0/xml-path-3.3.0.jar:/Users/ganeshranganathan/.m2/repository/com/sun/xml/bind/jaxb-osgi/2.2.10/jaxb-osgi-2.2.10.jar:/Users/ganeshranganathan/.m2/repository/org/apache/sling/org.apache.sling.javax.activation/0.1.0/org.apache.sling.javax.activation-0.1.0.jar:/Users/ganeshranganathan/.m2/repository/org/codehaus/groovy/groovy-xml/2.5.5/groovy-xml-2.5.5.jar:/Users/ganeshranganathan/.m2/repository/org/codehaus/groovy/groovy-json/2.5.5/groovy-json-2.5.5.jar:/Users/ganeshranganathan/.m2/repository/net/serenity-bdd/serenity-junit/2.0.69/serenity-junit-2.0.69.jar:/Users/ganeshranganathan/.m2/repository/ch/qos/logback/logback-classic/1.0.13/logback-classic-1.0.13.jar:/Users/ganeshranganathan/.m2/repository/ch/qos/logback/logback-core/1.0.13/logback-core-1.0.13.jar:/Users/ganeshranganathan/.m2/repository/junit/junit/4.12/junit-4.12.jar:/Users/ganeshranganathan/.m2/repository/org/assertj/assertj-core/3.6.2/assertj-core-3.6.2.jar:/Users/ganeshranganathan/.m2/repository/org/hamcrest/hamcrest-all/1.3/hamcrest-all-1.3.jar:"/>
    <property name="java.vm.vendor" value="Oracle Corporation"/>
    <property name="sun.arch.data.model" value="64"/>
    <property name="java.vendor.url" value="http://java.oracle.com/"/>
    <property name="user.timezone" value="Australia/Sydney"/>
    <property name="java.vm.specification.version" value="1.8"/>
    <property name="os.name" value="Mac OS X"/>
    <property name="user.country" value="AU"/>
    <property name="sun.java.launcher" value="SUN_STANDARD"/>
    <property name="sun.boot.library.path" value="/Library/Java/JavaVirtualMachines/jdk1.8.0_211.jdk/Contents/Home/jre/lib"/>
    <property name="sun.java.command" value="/QE_API_CHALLENGE-master/target/surefire/surefirebooter8757645143328007611.jar /QE_API_CHALLENGE-master/target/surefire 2019-11-23T07-42-20_899-jvmRun1 surefire1423940070135062675tmp surefire_19196672136229216694tmp"/>
    <property name="surefire.test.class.path" value="/QE_API_CHALLENGE-master/target/test-classes:/QE_API_CHALLENGE-master/target/serenity-rest-assured-automation-0.0.1-SNAPSHOT.jar:/Users/ganeshranganathan/.m2/repository/net/serenity-bdd/serenity-core/2.0.69/serenity-core-2.0.69.jar:/Users/ganeshranganathan/.m2/repository/net/bytebuddy/byte-buddy/1.9.12/byte-buddy-1.9.12.jar:/Users/ganeshranganathan/.m2/repository/net/bytebuddy/byte-buddy-agent/1.9.12/byte-buddy-agent-1.9.12.jar:/Users/ganeshranganathan/.m2/repository/com/google/guava/guava/25.0-jre/guava-25.0-jre.jar:/Users/ganeshranganathan/.m2/repository/com/google/code/findbugs/jsr305/1.3.9/jsr305-1.3.9.jar:/Users/ganeshranganathan/.m2/repository/org/checkerframework/checker-compat-qual/2.0.0/checker-compat-qual-2.0.0.jar:/Users/ganeshranganathan/.m2/repository/com/google/errorprone/error_prone_annotations/2.1.3/error_prone_annotations-2.1.3.jar:/Users/ganeshranganathan/.m2/repository/com/google/j2objc/j2objc-annotations/1.1/j2objc-annotations-1.1.jar:/Users/ganeshranganathan/.m2/repository/org/codehaus/mojo/animal-sniffer-annotations/1.14/animal-sniffer-annotations-1.14.jar:/Users/ganeshranganathan/.m2/repository/com/google/inject/guice/4.2.2/guice-4.2.2.jar:/Users/ganeshranganathan/.m2/repository/javax/inject/javax.inject/1/javax.inject-1.jar:/Users/ganeshranganathan/.m2/repository/aopalliance/aopalliance/1.0/aopalliance-1.0.jar:/Users/ganeshranganathan/.m2/repository/cglib/cglib/3.2.5/cglib-3.2.5.jar:/Users/ganeshranganathan/.m2/repository/org/ow2/asm/asm/5.0.3/asm-5.0.3.jar:/Users/ganeshranganathan/.m2/repository/commons-codec/commons-codec/1.10/commons-codec-1.10.jar:/Users/ganeshranganathan/.m2/repository/org/objenesis/objenesis/2.6/objenesis-2.6.jar:/Users/ganeshranganathan/.m2/repository/org/slf4j/slf4j-api/1.7.25/slf4j-api-1.7.25.jar:/Users/ganeshranganathan/.m2/repository/xml-apis/xml-apis/1.4.01/xml-apis-1.4.01.jar:/Users/ganeshranganathan/.m2/repository/io/cucumber/cucumber-core/2.4.0/cucumber-core-2.4.0.jar:/Users/ganeshranganathan/.m2/repository/info/cukes/cucumber-html/0.2.6/cucumber-html-0.2.6.jar:/Users/ganeshranganathan/.m2/repository/io/cucumber/cucumber-jvm-deps/1.0.6/cucumber-jvm-deps-1.0.6.jar:/Users/ganeshranganathan/.m2/repository/io/cucumber/gherkin/5.0.0/gherkin-5.0.0.jar:/Users/ganeshranganathan/.m2/repository/io/cucumber/tag-expressions/1.1.1/tag-expressions-1.1.1.jar:/Users/ganeshranganathan/.m2/repository/commons-logging/commons-logging/1.2/commons-logging-1.2.jar:/Users/ganeshranganathan/.m2/repository/io/vavr/vavr/0.9.0/vavr-0.9.0.jar:/Users/ganeshranganathan/.m2/repository/io/vavr/vavr-match/0.9.0/vavr-match-0.9.0.jar:/Users/ganeshranganathan/.m2/repository/javax/xml/bind/jaxb-api/2.2.12/jaxb-api-2.2.12.jar:/Users/ganeshranganathan/.m2/repository/com/sun/xml/bind/jaxb-core/2.3.0.1/jaxb-core-2.3.0.1.jar:/Users/ganeshranganathan/.m2/repository/com/sun/xml/bind/jaxb-impl/2.3.0.1/jaxb-impl-2.3.0.1.jar:/Users/ganeshranganathan/.m2/repository/javax/activation/activation/1.1.1/activation-1.1.1.jar:/Users/ganeshranganathan/.m2/repository/org/mockito/mockito-core/2.25.0/mockito-core-2.25.0.jar:/Users/ganeshranganathan/.m2/repository/net/serenity-bdd/serenity-report-resources/2.0.69/serenity-report-resources-2.0.69.jar:/Users/ganeshranganathan/.m2/repository/net/serenity-bdd/serenity-model/2.0.69/serenity-model-2.0.69.jar:/Users/ganeshranganathan/.m2/repository/commons-net/commons-net/3.6/commons-net-3.6.jar:/Users/ganeshranganathan/.m2/repository/org/apache/commons/commons-text/1.6/commons-text-1.6.jar:/Users/ganeshranganathan/.m2/repository/net/serenity-bdd/serenity-reports/2.0.69/serenity-reports-2.0.69.jar:/Users/ganeshranganathan/.m2/repository/net/serenity-bdd/serenity-stats/2.0.69/serenity-stats-2.0.69.jar:/Users/ganeshranganathan/.m2/repository/org/jetbrains/kotlin/kotlin-stdlib/1.3.31/kotlin-stdlib-1.3.31.jar:/Users/ganeshranganathan/.m2/repository/org/jetbrains/kotlin/kotlin-stdlib-common/1.3.31/kotlin-stdlib-common-1.3.31.jar:/Users/ganeshranganathan/.m2/repository/org/jetbrains/annotations/13.0/annotations-13.0.jar:/Users/ganeshranganathan/.m2/repository/com/google/code/gson/gson/2.8.4/gson-2.8.4.jar:/Users/ganeshranganathan/.m2/repository/commons-io/commons-io/2.6/commons-io-2.6.jar:/Users/ganeshranganathan/.m2/repository/org/seleniumhq/selenium/selenium-server/3.141.59/selenium-server-3.141.59.jar:/Users/ganeshranganathan/.m2/repository/org/seleniumhq/selenium/selenium-firefox-driver/3.141.59/selenium-firefox-driver-3.141.59.jar:/Users/ganeshranganathan/.m2/repository/org/seleniumhq/selenium/selenium-ie-driver/3.141.59/selenium-ie-driver-3.141.59.jar:/Users/ganeshranganathan/.m2/repository/com/beust/jcommander/1.72/jcommander-1.72.jar:/Users/ganeshranganathan/.m2/repository/org/apache/commons/commons-exec/1.3/commons-exec-1.3.jar:/Users/ganeshranganathan/.m2/repository/net/jcip/jcip-annotations/1.0/jcip-annotations-1.0.jar:/Users/ganeshranganathan/.m2/repository/org/seleniumhq/selenium/jetty-repacked/9.4.12.v20180830/jetty-repacked-9.4.12.v20180830.jar:/Users/ganeshranganathan/.m2/repository/com/squareup/okhttp3/okhttp/3.11.0/okhttp-3.11.0.jar:/Users/ganeshranganathan/.m2/repository/com/squareup/okio/okio/1.14.0/okio-1.14.0.jar:/Users/ganeshranganathan/.m2/repository/javax/servlet/javax.servlet-api/3.1.0/javax.servlet-api-3.1.0.jar:/Users/ganeshranganathan/.m2/repository/org/yaml/snakeyaml/1.19/snakeyaml-1.19.jar:/Users/ganeshranganathan/.m2/repository/org/seleniumhq/selenium/selenium-java/3.141.59/selenium-java-3.141.59.jar:/Users/ganeshranganathan/.m2/repository/org/seleniumhq/selenium/selenium-api/3.141.59/selenium-api-3.141.59.jar:/Users/ganeshranganathan/.m2/repository/org/seleniumhq/selenium/selenium-chrome-driver/3.141.59/selenium-chrome-driver-3.141.59.jar:/Users/ganeshranganathan/.m2/repository/org/seleniumhq/selenium/selenium-edge-driver/3.141.59/selenium-edge-driver-3.141.59.jar:/Users/ganeshranganathan/.m2/repository/org/seleniumhq/selenium/selenium-remote-driver/3.141.59/selenium-remote-driver-3.141.59.jar:/Users/ganeshranganathan/.m2/repository/org/seleniumhq/selenium/selenium-safari-driver/3.141.59/selenium-safari-driver-3.141.59.jar:/Users/ganeshranganathan/.m2/repository/org/seleniumhq/selenium/selenium-opera-driver/3.141.59/selenium-opera-driver-3.141.59.jar:/Users/ganeshranganathan/.m2/repository/org/seleniumhq/selenium/selenium-support/3.141.59/selenium-support-3.141.59.jar:/Users/ganeshranganathan/.m2/repository/com/paulhammant/ngwebdriver/1.1.4/ngwebdriver-1.1.4.jar:/Users/ganeshranganathan/.m2/repository/com/codeborne/phantomjsdriver/1.4.4/phantomjsdriver-1.4.4.jar:/Users/ganeshranganathan/.m2/repository/org/eclipse/jetty/jetty-util/9.4.8.v20171121/jetty-util-9.4.8.v20171121.jar:/Users/ganeshranganathan/.m2/repository/org/eclipse/jetty/jetty-io/9.4.8.v20171121/jetty-io-9.4.8.v20171121.jar:/Users/ganeshranganathan/.m2/repository/org/seleniumhq/selenium/htmlunit-driver/2.33.1/htmlunit-driver-2.33.1.jar:/Users/ganeshranganathan/.m2/repository/io/appium/java-client/7.0.0/java-client-7.0.0.jar:/Users/ganeshranganathan/.m2/repository/commons-validator/commons-validator/1.6/commons-validator-1.6.jar:/Users/ganeshranganathan/.m2/repository/commons-beanutils/commons-beanutils/1.9.2/commons-beanutils-1.9.2.jar:/Users/ganeshranganathan/.m2/repository/commons-digester/commons-digester/1.8.1/commons-digester-1.8.1.jar:/Users/ganeshranganathan/.m2/repository/org/aspectj/aspectjweaver/1.9.1/aspectjweaver-1.9.1.jar:/Users/ganeshranganathan/.m2/repository/org/springframework/spring-context-support/5.1.2.RELEASE/spring-context-support-5.1.2.RELEASE.jar:/Users/ganeshranganathan/.m2/repository/org/springframework/spring-beans/5.1.2.RELEASE/spring-beans-5.1.2.RELEASE.jar:/Users/ganeshranganathan/.m2/repository/org/springframework/spring-context/5.1.2.RELEASE/spring-context-5.1.2.RELEASE.jar:/Users/ganeshranganathan/.m2/repository/org/springframework/spring-aop/5.1.2.RELEASE/spring-aop-5.1.2.RELEASE.jar:/Users/ganeshranganathan/.m2/repository/org/springframework/spring-expression/5.1.2.RELEASE/spring-expression-5.1.2.RELEASE.jar:/Users/ganeshranganathan/.m2/repository/org/springframework/spring-core/5.1.2.RELEASE/spring-core-5.1.2.RELEASE.jar:/Users/ganeshranganathan/.m2/repository/org/springframework/spring-jcl/5.1.2.RELEASE/spring-jcl-5.1.2.RELEASE.jar:/Users/ganeshranganathan/.m2/repository/org/glassfish/tyrus/tyrus-core/1.13.1/tyrus-core-1.13.1.jar:/Users/ganeshranganathan/.m2/repository/org/glassfish/tyrus/tyrus-spi/1.13.1/tyrus-spi-1.13.1.jar:/Users/ganeshranganathan/.m2/repository/javax/websocket/javax.websocket-api/1.1/javax.websocket-api-1.1.jar:/Users/ganeshranganathan/.m2/repository/org/codehaus/groovy/groovy/2.5.5/groovy-2.5.5.jar:/Users/ganeshranganathan/.m2/repository/net/sf/opencsv/opencsv/2.0/opencsv-2.0.jar:/Users/ganeshranganathan/.m2/repository/commons-beanutils/commons-beanutils-core/1.8.3/commons-beanutils-core-1.8.3.jar:/Users/ganeshranganathan/.m2/repository/joda-time/joda-time/2.7/joda-time-2.7.jar:/Users/ganeshranganathan/.m2/repository/com/thoughtworks/xstream/xstream/1.4.9/xstream-1.4.9.jar:/Users/ganeshranganathan/.m2/repository/xmlpull/xmlpull/1.1.3.1/xmlpull-1.1.3.1.jar:/Users/ganeshranganathan/.m2/repository/xpp3/xpp3_min/1.1.4c/xpp3_min-1.1.4c.jar:/Users/ganeshranganathan/.m2/repository/org/apache/commons/commons-lang3/3.8.1/commons-lang3-3.8.1.jar:/Users/ganeshranganathan/.m2/repository/commons-collections/commons-collections/3.2.2/commons-collections-3.2.2.jar:/Users/ganeshranganathan/.m2/repository/org/freemarker/freemarker/2.3.28/freemarker-2.3.28.jar:/Users/ganeshranganathan/.m2/repository/net/sourceforge/jexcelapi/jxl/2.6.12/jxl-2.6.12.jar:/Users/ganeshranganathan/.m2/repository/org/hamcrest/hamcrest-core/1.3/hamcrest-core-1.3.jar:/Users/ganeshranganathan/.m2/repository/org/hamcrest/hamcrest-library/1.3/hamcrest-library-1.3.jar:/Users/ganeshranganathan/.m2/repository/net/sourceforge/htmlunit/htmlunit/2.33/htmlunit-2.33.jar:/Users/ganeshranganathan/.m2/repository/net/sourceforge/htmlunit/htmlunit-core-js/2.33/htmlunit-core-js-2.33.jar:/Users/ganeshranganathan/.m2/repository/net/sourceforge/htmlunit/neko-htmlunit/2.33/neko-htmlunit-2.33.jar:/Users/ganeshranganathan/.m2/repository/xerces/xercesImpl/2.12.0/xercesImpl-2.12.0.jar:/Users/ganeshranganathan/.m2/repository/net/sourceforge/htmlunit/htmlunit-cssparser/1.2.0/htmlunit-cssparser-1.2.0.jar:/Users/ganeshranganathan/.m2/repository/org/eclipse/jetty/websocket/websocket-client/9.4.12.v20180830/websocket-client-9.4.12.v20180830.jar:/Users/ganeshranganathan/.m2/repository/org/eclipse/jetty/jetty-client/9.4.12.v20180830/jetty-client-9.4.12.v20180830.jar:/Users/ganeshranganathan/.m2/repository/org/eclipse/jetty/jetty-http/9.4.12.v20180830/jetty-http-9.4.12.v20180830.jar:/Users/ganeshranganathan/.m2/repository/org/eclipse/jetty/jetty-xml/9.4.12.v20180830/jetty-xml-9.4.12.v20180830.jar:/Users/ganeshranganathan/.m2/repository/org/eclipse/jetty/websocket/websocket-common/9.4.12.v20180830/websocket-common-9.4.12.v20180830.jar:/Users/ganeshranganathan/.m2/repository/org/eclipse/jetty/websocket/websocket-api/9.4.12.v20180830/websocket-api-9.4.12.v20180830.jar:/Users/ganeshranganathan/.m2/repository/org/apache/httpcomponents/httpclient/4.5.5/httpclient-4.5.5.jar:/Users/ganeshranganathan/.m2/repository/org/apache/httpcomponents/httpcore/4.4.9/httpcore-4.4.9.jar:/Users/ganeshranganathan/.m2/repository/org/apache/httpcomponents/httpmime/4.5.5/httpmime-4.5.5.jar:/Users/ganeshranganathan/.m2/repository/org/fluentlenium/fluentlenium-core/0.10.2/fluentlenium-core-0.10.2.jar:/Users/ganeshranganathan/.m2/repository/com/jhlabs/filters/2.0.235/filters-2.0.235.jar:/Users/ganeshranganathan/.m2/repository/org/asciidoctor/asciidoctorj/1.5.6/asciidoctorj-1.5.6.jar:/Users/ganeshranganathan/.m2/repository/org/jruby/jruby-complete/1.7.26/jruby-complete-1.7.26.jar:/Users/ganeshranganathan/.m2/repository/org/imgscalr/imgscalr-lib/4.2/imgscalr-lib-4.2.jar:/Users/ganeshranganathan/.m2/repository/javax/el/javax.el-api/2.2.4/javax.el-api-2.2.4.jar:/Users/ganeshranganathan/.m2/repository/org/glassfish/web/javax.el/2.2.4/javax.el-2.2.4.jar:/Users/ganeshranganathan/.m2/repository/xalan/xalan/2.7.2/xalan-2.7.2.jar:/Users/ganeshranganathan/.m2/repository/xalan/serializer/2.7.2/serializer-2.7.2.jar:/Users/ganeshranganathan/.m2/repository/org/awaitility/awaitility/3.1.0/awaitility-3.1.0.jar:/Users/ganeshranganathan/.m2/repository/com/typesafe/config/1.3.1/config-1.3.1.jar:/Users/ganeshranganathan/.m2/repository/org/jsoup/jsoup/1.10.3/jsoup-1.10.3.jar:/Users/ganeshranganathan/.m2/repository/com/google/jimfs/jimfs/1.1/jimfs-1.1.jar:/Users/ganeshranganathan/.m2/repository/es/nitaur/markdown/txtmark/0.16/txtmark-0.16.jar:/Users/ganeshranganathan/.m2/repository/com/vladsch/flexmark/flexmark-all/0.34.30/flexmark-all-0.34.30.jar:/Users/ganeshranganathan/.m2/repository/com/vladsch/flexmark/flexmark/0.34.30/flexmark-0.34.30.jar:/Users/ganeshranganathan/.m2/repository/com/vladsch/flexmark/flexmark-ext-abbreviation/0.34.30/flexmark-ext-abbreviation-0.34.30.jar:/Users/ganeshranganathan/.m2/repository/com/vladsch/flexmark/flexmark-ext-admonition/0.34.30/flexmark-ext-admonition-0.34.30.jar:/Users/ganeshranganathan/.m2/repository/com/vladsch/flexmark/flexmark-ext-anchorlink/0.34.30/flexmark-ext-anchorlink-0.34.30.jar:/Users/ganeshranganathan/.m2/repository/com/vladsch/flexmark/flexmark-ext-aside/0.34.30/flexmark-ext-aside-0.34.30.jar:/Users/ganeshranganathan/.m2/repository/com/vladsch/flexmark/flexmark-ext-attributes/0.34.30/flexmark-ext-attributes-0.34.30.jar:/Users/ganeshranganathan/.m2/repository/com/vladsch/flexmark/flexmark-ext-autolink/0.34.30/flexmark-ext-autolink-0.34.30.jar:/Users/ganeshranganathan/.m2/repository/org/nibor/autolink/autolink/0.6.0/autolink-0.6.0.jar:/Users/ganeshranganathan/.m2/repository/com/vladsch/flexmark/flexmark-ext-definition/0.34.30/flexmark-ext-definition-0.34.30.jar:/Users/ganeshranganathan/.m2/repository/com/vladsch/flexmark/flexmark-ext-emoji/0.34.30/flexmark-ext-emoji-0.34.30.jar:/Users/ganeshranganathan/.m2/repository/com/vladsch/flexmark/flexmark-ext-enumerated-reference/0.34.30/flexmark-ext-enumerated-reference-0.34.30.jar:/Users/ganeshranganathan/.m2/repository/com/vladsch/flexmark/flexmark-ext-escaped-character/0.34.30/flexmark-ext-escaped-character-0.34.30.jar:/Users/ganeshranganathan/.m2/repository/com/vladsch/flexmark/flexmark-ext-footnotes/0.34.30/flexmark-ext-footnotes-0.34.30.jar:/Users/ganeshranganathan/.m2/repository/com/vladsch/flexmark/flexmark-ext-gfm-issues/0.34.30/flexmark-ext-gfm-issues-0.34.30.jar:/Users/ganeshranganathan/.m2/repository/com/vladsch/flexmark/flexmark-ext-gfm-strikethrough/0.34.30/flexmark-ext-gfm-strikethrough-0.34.30.jar:/Users/ganeshranganathan/.m2/repository/com/vladsch/flexmark/flexmark-ext-gfm-tables/0.34.30/flexmark-ext-gfm-tables-0.34.30.jar:/Users/ganeshranganathan/.m2/repository/com/vladsch/flexmark/flexmark-ext-gfm-tasklist/0.34.30/flexmark-ext-gfm-tasklist-0.34.30.jar:/Users/ganeshranganathan/.m2/repository/com/vladsch/flexmark/flexmark-ext-gfm-users/0.34.30/flexmark-ext-gfm-users-0.34.30.jar:/Users/ganeshranganathan/.m2/repository/com/vladsch/flexmark/flexmark-ext-gitlab/0.34.30/flexmark-ext-gitlab-0.34.30.jar:/Users/ganeshranganathan/.m2/repository/com/vladsch/flexmark/flexmark-ext-jekyll-front-matter/0.34.30/flexmark-ext-jekyll-front-matter-0.34.30.jar:/Users/ganeshranganathan/.m2/repository/com/vladsch/flexmark/flexmark-ext-jekyll-tag/0.34.30/flexmark-ext-jekyll-tag-0.34.30.jar:/Users/ganeshranganathan/.m2/repository/com/vladsch/flexmark/flexmark-ext-media-tags/0.34.30/flexmark-ext-media-tags-0.34.30.jar:/Users/ganeshranganathan/.m2/repository/com/vladsch/flexmark/flexmark-test-util/0.34.30/flexmark-test-util-0.34.30.jar:/Users/ganeshranganathan/.m2/repository/com/vladsch/flexmark/flexmark-ext-ins/0.34.30/flexmark-ext-ins-0.34.30.jar:/Users/ganeshranganathan/.m2/repository/com/vladsch/flexmark/flexmark-ext-xwiki-macros/0.34.30/flexmark-ext-xwiki-macros-0.34.30.jar:/Users/ganeshranganathan/.m2/repository/com/vladsch/flexmark/flexmark-ext-superscript/0.34.30/flexmark-ext-superscript-0.34.30.jar:/Users/ganeshranganathan/.m2/repository/com/vladsch/flexmark/flexmark-ext-tables/0.34.30/flexmark-ext-tables-0.34.30.jar:/Users/ganeshranganathan/.m2/repository/com/vladsch/flexmark/flexmark-ext-toc/0.34.30/flexmark-ext-toc-0.34.30.jar:/Users/ganeshranganathan/.m2/repository/com/vladsch/flexmark/flexmark-ext-typographic/0.34.30/flexmark-ext-typographic-0.34.30.jar:/Users/ganeshranganathan/.m2/repository/com/vladsch/flexmark/flexmark-ext-wikilink/0.34.30/flexmark-ext-wikilink-0.34.30.jar:/Users/ganeshranganathan/.m2/repository/com/vladsch/flexmark/flexmark-ext-yaml-front-matter/0.34.30/flexmark-ext-yaml-front-matter-0.34.30.jar:/Users/ganeshranganathan/.m2/repository/com/vladsch/flexmark/flexmark-ext-youtube-embedded/0.34.30/flexmark-ext-youtube-embedded-0.34.30.jar:/Users/ganeshranganathan/.m2/repository/com/vladsch/flexmark/flexmark-formatter/0.34.30/flexmark-formatter-0.34.30.jar:/Users/ganeshranganathan/.m2/repository/com/vladsch/flexmark/flexmark-html-parser/0.34.30/flexmark-html-parser-0.34.30.jar:/Users/ganeshranganathan/.m2/repository/com/vladsch/flexmark/flexmark-jira-converter/0.34.30/flexmark-jira-converter-0.34.30.jar:/Users/ganeshranganathan/.m2/repository/com/vladsch/flexmark/flexmark-pdf-converter/0.34.30/flexmark-pdf-converter-0.34.30.jar:/Users/ganeshranganathan/.m2/repository/com/openhtmltopdf/openhtmltopdf-core/0.0.1-RC13/openhtmltopdf-core-0.0.1-RC13.jar:/Users/ganeshranganathan/.m2/repository/com/openhtmltopdf/openhtmltopdf-pdfbox/0.0.1-RC13/openhtmltopdf-pdfbox-0.0.1-RC13.jar:/Users/ganeshranganathan/.m2/repository/org/apache/pdfbox/pdfbox/2.0.8/pdfbox-2.0.8.jar:/Users/ganeshranganathan/.m2/repository/org/apache/pdfbox/fontbox/2.0.8/fontbox-2.0.8.jar:/Users/ganeshranganathan/.m2/repository/org/apache/pdfbox/xmpbox/2.0.8/xmpbox-2.0.8.jar:/Users/ganeshranganathan/.m2/repository/de/rototor/pdfbox/graphics2d/0.12/graphics2d-0.12.jar:/Users/ganeshranganathan/.m2/repository/com/openhtmltopdf/openhtmltopdf-rtl-support/0.0.1-RC13/openhtmltopdf-rtl-support-0.0.1-RC13.jar:/Users/ganeshranganathan/.m2/repository/com/ibm/icu/icu4j/59.1/icu4j-59.1.jar:/Users/ganeshranganathan/.m2/repository/com/openhtmltopdf/openhtmltopdf-jsoup-dom-converter/0.0.1-RC13/openhtmltopdf-jsoup-dom-converter-0.0.1-RC13.jar:/Users/ganeshranganathan/.m2/repository/com/vladsch/flexmark/flexmark-profile-pegdown/0.34.30/flexmark-profile-pegdown-0.34.30.jar:/Users/ganeshranganathan/.m2/repository/com/vladsch/flexmark/flexmark-util/0.34.30/flexmark-util-0.34.30.jar:/Users/ganeshranganathan/.m2/repository/com/vladsch/flexmark/flexmark-youtrack-converter/0.34.30/flexmark-youtrack-converter-0.34.30.jar:/Users/ganeshranganathan/.m2/repository/net/serenity-bdd/serenity-rest-assured/2.0.69/serenity-rest-assured-2.0.69.jar:/Users/ganeshranganathan/.m2/repository/io/rest-assured/rest-assured/3.3.0/rest-assured-3.3.0.jar:/Users/ganeshranganathan/.m2/repository/org/ccil/cowan/tagsoup/tagsoup/1.2.1/tagsoup-1.2.1.jar:/Users/ganeshranganathan/.m2/repository/io/rest-assured/json-path/3.3.0/json-path-3.3.0.jar:/Users/ganeshranganathan/.m2/repository/io/rest-assured/rest-assured-common/3.3.0/rest-assured-common-3.3.0.jar:/Users/ganeshranganathan/.m2/repository/io/rest-assured/xml-path/3.3.0/xml-path-3.3.0.jar:/Users/ganeshranganathan/.m2/repository/com/sun/xml/bind/jaxb-osgi/2.2.10/jaxb-osgi-2.2.10.jar:/Users/ganeshranganathan/.m2/repository/org/apache/sling/org.apache.sling.javax.activation/0.1.0/org.apache.sling.javax.activation-0.1.0.jar:/Users/ganeshranganathan/.m2/repository/org/codehaus/groovy/groovy-xml/2.5.5/groovy-xml-2.5.5.jar:/Users/ganeshranganathan/.m2/repository/org/codehaus/groovy/groovy-json/2.5.5/groovy-json-2.5.5.jar:/Users/ganeshranganathan/.m2/repository/net/serenity-bdd/serenity-junit/2.0.69/serenity-junit-2.0.69.jar:/Users/ganeshranganathan/.m2/repository/ch/qos/logback/logback-classic/1.0.13/logback-classic-1.0.13.jar:/Users/ganeshranganathan/.m2/repository/ch/qos/logback/logback-core/1.0.13/logback-core-1.0.13.jar:/Users/ganeshranganathan/.m2/repository/junit/junit/4.12/junit-4.12.jar:/Users/ganeshranganathan/.m2/repository/org/assertj/assertj-core/3.6.2/assertj-core-3.6.2.jar:/Users/ganeshranganathan/.m2/repository/org/hamcrest/hamcrest-all/1.3/hamcrest-all-1.3.jar:"/>
    <property name="sun.cpu.endian" value="little"/>
    <property name="user.home" value="/Users/ganeshranganathan"/>
    <property name="user.language" value="en"/>
    <property name="java.specification.vendor" value="Oracle Corporation"/>
    <property name="java.home" value="/Library/Java/JavaVirtualMachines/jdk1.8.0_211.jdk/Contents/Home/jre"/>
    <property name="basedir" value="/QE_API_CHALLENGE-master"/>
    <property name="file.separator" value="/"/>
    <property name="line.separator" value="&#10;"/>
    <property name="java.vm.specification.vendor" value="Oracle Corporation"/>
    <property name="java.specification.name" value="Java Platform API Specification"/>
    <property name="java.awt.graphicsenv" value="sun.awt.CGraphicsEnvironment"/>
    <property name="surefire.real.class.path" value="/QE_API_CHALLENGE-master/target/surefire/surefirebooter8757645143328007611.jar"/>
    <property name="sun.boot.class.path" value="/Library/Java/JavaVirtualMachines/jdk1.8.0_211.jdk/Contents/Home/jre/lib/resources.jar:/Library/Java/JavaVirtualMachines/jdk1.8.0_211.jdk/Contents/Home/jre/lib/rt.jar:/Library/Java/JavaVirtualMachines/jdk1.8.0_211.jdk/Contents/Home/jre/lib/sunrsasign.jar:/Library/Java/JavaVirtualMachines/jdk1.8.0_211.jdk/Contents/Home/jre/lib/jsse.jar:/Library/Java/JavaVirtualMachines/jdk1.8.0_211.jdk/Contents/Home/jre/lib/jce.jar:/Library/Java/JavaVirtualMachines/jdk1.8.0_211.jdk/Contents/Home/jre/lib/charsets.jar:/Library/Java/JavaVirtualMachines/jdk1.8.0_211.jdk/Contents/Home/jre/lib/jfr.jar:/Library/Java/JavaVirtualMachines/jdk1.8.0_211.jdk/Contents/Home/jre/classes"/>
    <property name="sun.management.compiler" value="HotSpot 64-Bit Tiered Compilers"/>
    <property name="java.runtime.version" value="1.8.0_211-b12"/>
    <property name="user.name" value="ganeshranganathan"/>
    <property name="path.separator" value=":"/>
    <property name="os.version" value="10.14.6"/>
    <property name="java.endorsed.dirs" value="/Library/Java/JavaVirtualMachines/jdk1.8.0_211.jdk/Contents/Home/jre/lib/endorsed"/>
    <property name="java.runtime.name" value="Java(TM) SE Runtime Environment"/>
    <property name="file.encoding" value="UTF-8"/>
    <property name="webdriver.base.url" value=""/>
    <property name="java.vm.name" value="Java HotSpot(TM) 64-Bit Server VM"/>
    <property name="localRepository" value="/Users/ganeshranganathan/.m2/repository"/>
    <property name="java.vendor.url.bug" value="http://bugreport.sun.com/bugreport/"/>
    <property name="java.io.tmpdir" value="/var/folders/lb/71s3yy2n5dz_xckqydzj_lnc0000gp/T/"/>
    <property name="java.version" value="1.8.0_211"/>
    <property name="user.dir" value="/QE_API_CHALLENGE-master"/>
    <property name="os.arch" value="x86_64"/>
    <property name="java.vm.specification.name" value="Java Virtual Machine Specification"/>
    <property name="java.awt.printerjob" value="sun.lwawt.macosx.CPrinterJob"/>
    <property name="sun.os.patch.level" value="unknown"/>
    <property name="java.library.path" value="/Users/ganeshranganathan/Library/Java/Extensions:/Library/Java/Extensions:/Network/Library/Java/Extensions:/System/Library/Java/Extensions:/usr/lib/java:."/>
    <property name="java.vm.info" value="mixed mode"/>
    <property name="java.vendor" value="Oracle Corporation"/>
    <property name="java.vm.version" value="25.211-b12"/>
    <property name="java.ext.dirs" value="/Users/ganeshranganathan/Library/Java/Extensions:/Library/Java/JavaVirtualMachines/jdk1.8.0_211.jdk/Contents/Home/jre/lib/ext:/Library/Java/Extensions:/Network/Library/Java/Extensions:/System/Library/Java/Extensions:/usr/lib/java"/>
    <property name="sun.io.unicode.encoding" value="UnicodeBig"/>
    <property name="java.class.version" value="52.0"/>
  </properties>
  <testcase name="verifyThatUserCanQueryCurrentWeatherWithPostCode" classname="com.test.rest.api.SerenityTest" time="6.468">
    <failure message="1 expectation failed.&#10;JSON path data[0].weather.description doesn&apos;t match.&#10;Expected: is &quot;Clear sky&quot;&#10;  Actual: Overcast clouds&#10;" type="java.lang.AssertionError">java.lang.AssertionError: 
1 expectation failed.
JSON path data[0].weather.description doesn't match.
Expected: is "Clear sky"
  Actual: Overcast clouds

	at com.test.rest.api.SerenityTest.verifyThatUserCanQueryCurrentWeatherWithPostCode(SerenityTest.java:21)
</failure>
    <system-out><![CDATA[07:42:22.692 [pool-1-thread-1] INFO  n.t.c.steps.ConsoleLoggingListener - 

-------------------------------------------------------------------------------------
     _______. _______ .______       _______ .__   __.  __  .___________.____    ____ 
    /       ||   ____||   _  \     |   ____||  \ |  | |  | |           |\   \  /   / 
   |   (----`|  |__   |  |_)  |    |  |__   |   \|  | |  | `---|  |----` \   \/   /  
    \   \    |   __|  |      /     |   __|  |  . `  | |  |     |  |       \_    _/   
.----)   |   |  |____ |  |\  \----.|  |____ |  |\   | |  |     |  |         |  |     
|_______/    |_______|| _| `._____||_______||__| \__| |__|     |__|         |__|    
                                                                                     
 News and tutorials at http://www.serenity-bdd.info                                  
 Documentation at https://wakaleo.gitbooks.io/the-serenity-book/content/             
 Join the Serenity Community on Rocket Chat at https://serenity-bdd.rocket.chat      
 Serenity BDD Support and Training at http://serenity-bdd.info/#/trainingandsupport  
 Learn Serenity BDD online at http://serenity-dojo.com                               
-------------------------------------------------------------------------------------

07:42:29.308 [pool-1-thread-1] DEBUG n.t.core.requirements.RootDirectory - Resource directories found in /QE_API_CHALLENGE-master in 1 ms: []
07:42:29.334 [pool-1-thread-1] ERROR n.t.c.steps.ConsoleLoggingListener - 
           __  _____ _____ ____ _____   _____ _    ___ _     _____ ____  
  _       / / |_   _| ____/ ___|_   _| |  ___/ \  |_ _| |   | ____|  _ \ 
 (_)_____| |    | | |  _| \___ \ | |   | |_ / _ \  | || |   |  _| | | | |
  _|_____| |    | | | |___ ___) || |   |  _/ ___ \ | || |___| |___| |_| |
 (_)     | |    |_| |_____|____/ |_|   |_|/_/   \_\___|_____|_____|____/ 
          \_\                                                            

TEST FAILED: Verify that user can query current weather with post code
--------------------------------------------------------------------------
07:42:29.337 [pool-1-thread-1] DEBUG n.t.c.steps.ConsoleLoggingListener - RELATED ISSUES: 
07:42:29.444 [pool-1-thread-1] ERROR n.t.c.steps.ConsoleLoggingListener - TEST FAILED AT STEP I should find weather: Clear sky
07:42:29.445 [pool-1-thread-1] ERROR n.t.c.steps.ConsoleLoggingListener - 1 expectation failed.JSON path data[0].weather.description doesn't match.Expected: is "Clear sky"  Actual: Overcast clouds
07:42:34.386 [pool-1-thread-1] ERROR n.t.c.steps.ConsoleLoggingListener - 
           __  _____ _____ ____ _____   _____ _    ___ _     _____ ____  
  _       / / |_   _| ____/ ___|_   _| |  ___/ \  |_ _| |   | ____|  _ \ 
 (_)_____| |    | | |  _| \___ \ | |   | |_ / _ \  | || |   |  _| | | | |
  _|_____| |    | | | |___ ___) || |   |  _/ ___ \ | || |___| |___| |_| |
 (_)     | |    |_| |_____|____/ |_|   |_|/_/   \_\___|_____|_____|____/ 
          \_\                                                            

TEST FAILED: Verify that user can query current weather with location
--------------------------------------------------------------------------
07:42:34.386 [pool-1-thread-1] DEBUG n.t.c.steps.ConsoleLoggingListener - RELATED ISSUES: 
07:42:34.387 [pool-1-thread-1] ERROR n.t.c.steps.ConsoleLoggingListener - TEST FAILED AT STEP I should find weather: Scattered clouds
07:42:34.387 [pool-1-thread-1] ERROR n.t.c.steps.ConsoleLoggingListener - 1 expectation failed.JSON path data[0].weather.description doesn't match.Expected: is "Scattered clouds"  Actual: Overcast clouds
07:42:37.238 [pool-1-thread-1] ERROR n.t.c.steps.ConsoleLoggingListener - 
           __  _____ _____ ____ _____   _____ _    ___ _     _____ ____  
  _       / / |_   _| ____/ ___|_   _| |  ___/ \  |_ _| |   | ____|  _ \ 
 (_)_____| |    | | |  _| \___ \ | |   | |_ / _ \  | || |   |  _| | | | |
  _|_____| |    | | | |___ ___) || |   |  _/ ___ \ | || |___| |___| |_| |
 (_)     | |    |_| |_____|____/ |_|   |_|/_/   \_\___|_____|_____|____/ 
          \_\                                                            

TEST FAILED: Verify that user can query current weather with post code negative test
--------------------------------------------------------------------------
07:42:37.238 [pool-1-thread-1] DEBUG n.t.c.steps.ConsoleLoggingListener - RELATED ISSUES: 
07:42:37.238 [pool-1-thread-1] ERROR n.t.c.steps.ConsoleLoggingListener - TEST FAILED AT STEP then I should get status code 400
07:42:37.238 [pool-1-thread-1] ERROR n.t.c.steps.ConsoleLoggingListener - 1 expectation failed.Expected status code <400> but was <200>.
07:42:37.243 [pool-1-thread-1] DEBUG n.t.core.reports.ReportService - Reporting formats: [JSON, HTML]
07:42:37.299 [pool-1-thread-1] DEBUG n.t.core.reports.ReportService - Reporting formats: [JSON, HTML]
07:42:37.309 [pool-1-thread-1] DEBUG n.t.core.reports.ReportService - Generating reports for 3 test outcomes using: net.thucydides.core.reports.json.JSONTestOutcomeReporter@55046caa
07:42:37.310 [pool-1-thread-1] DEBUG n.t.core.reports.ReportService - Processing test outcome Serenity test:verifyThatUserCanQueryCurrentWeatherWithPostCode
07:42:37.310 [pool-1-thread-2] DEBUG n.t.core.reports.ReportService - Processing test outcome Serenity test:verifyThatUserCanQueryCurrentWeatherWithLocation
07:42:37.310 [pool-1-thread-1] DEBUG n.t.core.reports.ReportService - net.thucydides.core.reports.json.JSONTestOutcomeReporter@55046caa: Generating report for test outcome: Serenity test:verifyThatUserCanQueryCurrentWeatherWithPostCode
07:42:37.310 [pool-1-thread-3] DEBUG n.t.core.reports.ReportService - Processing test outcome Serenity test:verifyThatUserCanQueryCurrentWeatherWithPostCode_negativeTest
07:42:37.310 [pool-1-thread-3] DEBUG n.t.core.reports.ReportService - net.thucydides.core.reports.json.JSONTestOutcomeReporter@55046caa: Generating report for test outcome: Serenity test:verifyThatUserCanQueryCurrentWeatherWithPostCode_negativeTest
07:42:37.310 [pool-1-thread-2] DEBUG n.t.core.reports.ReportService - net.thucydides.core.reports.json.JSONTestOutcomeReporter@55046caa: Generating report for test outcome: Serenity test:verifyThatUserCanQueryCurrentWeatherWithLocation
07:42:37.319 [pool-1-thread-3] DEBUG n.t.c.r.json.JSONTestOutcomeReporter - Generating JSON report for Verify that user can query current weather with post code negative test to file /QE_API_CHALLENGE-master/target/site/serenity/995c8b23eef49a01612f502d06e3f443d29c96dbf7ae028df023ca2031a414ef.json (using temp file /QE_API_CHALLENGE-master/target/site/serenity/995c8b23eef49a01612f502d06e3f443d29c96dbf7ae028df023ca2031a414ef.jsonb368be5b-d53e-498c-aaf4-79e653c94ebe)
07:42:37.319 [pool-1-thread-2] DEBUG n.t.c.r.json.JSONTestOutcomeReporter - Generating JSON report for Verify that user can query current weather with location to file /QE_API_CHALLENGE-master/target/site/serenity/a4152c143b02ed74d34a05b6593d6d3def1bd17e0eff9aaf250df4d40ade291f.json (using temp file /QE_API_CHALLENGE-master/target/site/serenity/a4152c143b02ed74d34a05b6593d6d3def1bd17e0eff9aaf250df4d40ade291f.jsondf681ad4-e2d7-4b53-9496-c2e69f6b8b04)
07:42:37.319 [pool-1-thread-1] DEBUG n.t.c.r.json.JSONTestOutcomeReporter - Generating JSON report for Verify that user can query current weather with post code to file /QE_API_CHALLENGE-master/target/site/serenity/47d136cdb2b7bf9a9e39ff590f9283a2874da9079f82c8ea84ccd35e3e5b02a6.json (using temp file /QE_API_CHALLENGE-master/target/site/serenity/47d136cdb2b7bf9a9e39ff590f9283a2874da9079f82c8ea84ccd35e3e5b02a6.json51c0e2ba-3d0e-47a5-a608-2ddd7308465c)
07:42:37.371 [pool-1-thread-3] DEBUG n.t.core.reports.ReportService - Processing test outcome Serenity test:verifyThatUserCanQueryCurrentWeatherWithPostCode_negativeTest done
07:42:37.372 [pool-1-thread-1] DEBUG n.t.core.reports.ReportService - Processing test outcome Serenity test:verifyThatUserCanQueryCurrentWeatherWithPostCode done
07:42:37.372 [pool-1-thread-2] DEBUG n.t.core.reports.ReportService - Processing test outcome Serenity test:verifyThatUserCanQueryCurrentWeatherWithLocation done
07:42:37.372 [pool-1-thread-1] DEBUG n.t.core.reports.ReportService - Shutting down executor service
07:42:37.373 [pool-1-thread-1] DEBUG n.t.core.reports.ReportService - Reports generated in: 64 ms
07:42:37.373 [pool-1-thread-1] DEBUG n.t.core.reports.ReportService - Generating reports for 3 test outcomes using: net.thucydides.core.reports.html.HtmlAcceptanceTestReporter@466b58a4
07:42:37.373 [pool-2-thread-1] DEBUG n.t.core.reports.ReportService - Processing test outcome Serenity test:verifyThatUserCanQueryCurrentWeatherWithPostCode
07:42:37.373 [pool-2-thread-2] DEBUG n.t.core.reports.ReportService - Processing test outcome Serenity test:verifyThatUserCanQueryCurrentWeatherWithLocation
07:42:37.373 [pool-2-thread-1] DEBUG n.t.core.reports.ReportService - net.thucydides.core.reports.html.HtmlAcceptanceTestReporter@466b58a4: Generating report for test outcome: Serenity test:verifyThatUserCanQueryCurrentWeatherWithPostCode
07:42:37.373 [pool-2-thread-3] DEBUG n.t.core.reports.ReportService - Processing test outcome Serenity test:verifyThatUserCanQueryCurrentWeatherWithPostCode_negativeTest
07:42:37.374 [pool-2-thread-3] DEBUG n.t.core.reports.ReportService - net.thucydides.core.reports.html.HtmlAcceptanceTestReporter@466b58a4: Generating report for test outcome: Serenity test:verifyThatUserCanQueryCurrentWeatherWithPostCode_negativeTest
07:42:37.373 [pool-2-thread-2] DEBUG n.t.core.reports.ReportService - net.thucydides.core.reports.html.HtmlAcceptanceTestReporter@466b58a4: Generating report for test outcome: Serenity test:verifyThatUserCanQueryCurrentWeatherWithLocation
07:42:37.374 [pool-2-thread-1] DEBUG n.t.c.r.h.HtmlAcceptanceTestReporter - GENERATE TEST OUTCOME REPORT FOR verifyThatUserCanQueryCurrentWeatherWithPostCode in 47d136cdb2b7bf9a9e39ff590f9283a2874da9079f82c8ea84ccd35e3e5b02a6
07:42:37.374 [pool-2-thread-3] DEBUG n.t.c.r.h.HtmlAcceptanceTestReporter - GENERATE TEST OUTCOME REPORT FOR verifyThatUserCanQueryCurrentWeatherWithPostCode_negativeTest in 995c8b23eef49a01612f502d06e3f443d29c96dbf7ae028df023ca2031a414ef
07:42:37.374 [pool-2-thread-2] DEBUG n.t.c.r.h.HtmlAcceptanceTestReporter - GENERATE TEST OUTCOME REPORT FOR verifyThatUserCanQueryCurrentWeatherWithLocation in a4152c143b02ed74d34a05b6593d6d3def1bd17e0eff9aaf250df4d40ade291f
07:42:37.385 [pool-2-thread-1] DEBUG n.t.c.r.RequirementsTagProvider -  found:[]
07:42:37.385 [pool-2-thread-3] DEBUG n.t.c.r.RequirementsTagProvider -  found:[]
07:42:37.385 [pool-2-thread-2] DEBUG n.t.c.r.RequirementsTagProvider -  found:[]
07:42:37.393 [pool-2-thread-2] DEBUG n.t.c.r.RequirementsTagProvider -  found:[]
07:42:37.393 [pool-2-thread-1] DEBUG n.t.c.r.RequirementsTagProvider -  found:[]
07:42:37.393 [pool-2-thread-3] DEBUG n.t.c.r.RequirementsTagProvider -  found:[]
07:42:37.475 [pool-2-thread-1] DEBUG n.t.c.r.h.HtmlAcceptanceTestReporter - GENERATING HTML REPORT FOR Serenity test:verifyThatUserCanQueryCurrentWeatherWithPostCode in 47d136cdb2b7bf9a9e39ff590f9283a2874da9079f82c8ea84ccd35e3e5b02a6.html in directory target/site/serenity  
07:42:37.475 [pool-2-thread-3] DEBUG n.t.c.r.h.HtmlAcceptanceTestReporter - GENERATING HTML REPORT FOR Serenity test:verifyThatUserCanQueryCurrentWeatherWithPostCode_negativeTest in 995c8b23eef49a01612f502d06e3f443d29c96dbf7ae028df023ca2031a414ef.html in directory target/site/serenity  
07:42:37.475 [pool-2-thread-2] DEBUG n.t.c.r.h.HtmlAcceptanceTestReporter - GENERATING HTML REPORT FOR Serenity test:verifyThatUserCanQueryCurrentWeatherWithLocation in a4152c143b02ed74d34a05b6593d6d3def1bd17e0eff9aaf250df4d40ade291f.html in directory target/site/serenity  
07:42:37.477 [pool-2-thread-1] DEBUG n.t.c.r.h.HtmlAcceptanceTestReporter - Generating report in 47d136cdb2b7bf9a9e39ff590f9283a2874da9079f82c8ea84ccd35e3e5b02a6.html
07:42:37.477 [pool-2-thread-2] DEBUG n.t.c.r.h.HtmlAcceptanceTestReporter - Generating report in a4152c143b02ed74d34a05b6593d6d3def1bd17e0eff9aaf250df4d40ade291f.html
07:42:37.477 [pool-2-thread-3] DEBUG n.t.c.r.h.HtmlAcceptanceTestReporter - Generating report in 995c8b23eef49a01612f502d06e3f443d29c96dbf7ae028df023ca2031a414ef.html
07:42:37.827 [pool-2-thread-1] DEBUG n.t.c.r.h.HtmlAcceptanceTestReporter - Generated report 47d136cdb2b7bf9a9e39ff590f9283a2874da9079f82c8ea84ccd35e3e5b02a6.html in 350 ms
07:42:37.828 [pool-2-thread-1] DEBUG n.t.core.reports.ReportService - Processing test outcome Serenity test:verifyThatUserCanQueryCurrentWeatherWithPostCode done
07:42:37.828 [pool-2-thread-3] DEBUG n.t.c.r.h.HtmlAcceptanceTestReporter - Generated report 995c8b23eef49a01612f502d06e3f443d29c96dbf7ae028df023ca2031a414ef.html in 351 ms
07:42:37.828 [pool-2-thread-3] DEBUG n.t.core.reports.ReportService - Processing test outcome Serenity test:verifyThatUserCanQueryCurrentWeatherWithPostCode_negativeTest done
07:42:37.830 [pool-2-thread-2] DEBUG n.t.c.r.h.HtmlAcceptanceTestReporter - Generated report a4152c143b02ed74d34a05b6593d6d3def1bd17e0eff9aaf250df4d40ade291f.html in 353 ms
07:42:37.830 [pool-2-thread-2] DEBUG n.t.core.reports.ReportService - Processing test outcome Serenity test:verifyThatUserCanQueryCurrentWeatherWithLocation done
07:42:37.830 [pool-1-thread-1] DEBUG n.t.core.reports.ReportService - Shutting down executor service
07:42:37.830 [pool-1-thread-1] DEBUG n.t.core.reports.ReportService - Reports generated in: 457 ms
07:42:37.975 [pool-1-thread-1] DEBUG n.t.core.reports.ReportService - Generating report for configuration
07:42:22.820 [pool-1-thread-1] DEBUG n.thucydides.core.steps.StepEventBus - Test suite started for class com.test.rest.api.SerenityTest
07:42:22.832 [pool-1-thread-1] INFO  n.t.c.steps.ConsoleLoggingListener - Test Suite Started: Serenity test
07:42:22.873 [pool-1-thread-1] DEBUG n.t.core.requirements.RootDirectory - Resource directories found in  in 10 ms: []
07:42:22.882 [pool-1-thread-1] INFO  n.t.c.steps.ConsoleLoggingListener - 
 _____ _____ ____ _____   ____ _____  _    ____ _____ _____ ____  
|_   _| ____/ ___|_   _| / ___|_   _|/ \  |  _ \_   _| ____|  _ \ 
  | | |  _| \___ \ | |   \___ \ | | / _ \ | |_) || | |  _| | | | |
  | | | |___ ___) || |    ___) || |/ ___ \|  _ < | | | |___| |_| |
  |_| |_____|____/ |_|   |____/ |_/_/   \_\_| \_\|_| |_____|____/ 
                                                                  

TEST STARTED: verifyThatUserCanQueryCurrentWeatherWithPostCode
-------------------------------------------------------------------
07:42:22.882 [pool-1-thread-1] INFO  net.serenitybdd.core.Serenity - TEST NUMBER: 1
07:42:22.935 [pool-1-thread-1] DEBUG n.t.core.steps.StepInterceptor - STARTING STEP: SerenityTest.verifyThatUserCanQueryCurrentWeatherWithPostCode - I try to search the weather with {0} post code
07:42:26.529 [pool-1-thread-1] DEBUG o.a.h.i.c.BasicClientConnectionManager - Get connection for route {s}->https://api.weatherbit.io:443
07:42:26.625 [pool-1-thread-1] DEBUG o.a.h.i.c.DefaultClientConnectionOperator - Connecting to api.weatherbit.io:443
07:42:27.957 [pool-1-thread-1] DEBUG o.a.h.c.protocol.RequestAddCookies - CookieSpec selected: ignoreCookies
07:42:27.958 [pool-1-thread-1] DEBUG o.a.h.c.protocol.RequestAuthCache - Auth cache not set in the context
07:42:27.958 [pool-1-thread-1] DEBUG o.a.h.c.p.RequestTargetAuthentication - Target auth state: UNCHALLENGED
07:42:27.959 [pool-1-thread-1] DEBUG o.a.h.c.p.RequestProxyAuthentication - Proxy auth state: UNCHALLENGED
07:42:27.959 [pool-1-thread-1] DEBUG o.a.h.impl.client.DefaultHttpClient - Attempt 1 to execute request
07:42:27.959 [pool-1-thread-1] DEBUG o.a.h.i.conn.DefaultClientConnection - Sending request: GET /v2.0/current?postal_code=2150&key=ff3d40689e234c448c6f9efc3c59cb10 HTTP/1.1
07:42:27.959 [pool-1-thread-1] DEBUG org.apache.http.wire -  >> "GET /v2.0/current?postal_code=2150&key=ff3d40689e234c448c6f9efc3c59cb10 HTTP/1.1[\r][\n]"
07:42:27.960 [pool-1-thread-1] DEBUG org.apache.http.wire -  >> "Accept: */*[\r][\n]"
07:42:27.960 [pool-1-thread-1] DEBUG org.apache.http.wire -  >> "Host: api.weatherbit.io[\r][\n]"
07:42:27.960 [pool-1-thread-1] DEBUG org.apache.http.wire -  >> "Connection: Keep-Alive[\r][\n]"
07:42:27.960 [pool-1-thread-1] DEBUG org.apache.http.wire -  >> "User-Agent: Apache-HttpClient/4.5.5 (Java/1.8.0_211)[\r][\n]"
07:42:27.960 [pool-1-thread-1] DEBUG org.apache.http.wire -  >> "Accept-Encoding: gzip,deflate[\r][\n]"
07:42:27.960 [pool-1-thread-1] DEBUG org.apache.http.wire -  >> "[\r][\n]"
07:42:27.960 [pool-1-thread-1] DEBUG org.apache.http.headers - >> GET /v2.0/current?postal_code=2150&key=ff3d40689e234c448c6f9efc3c59cb10 HTTP/1.1
07:42:27.960 [pool-1-thread-1] DEBUG org.apache.http.headers - >> Accept: */*
07:42:27.960 [pool-1-thread-1] DEBUG org.apache.http.headers - >> Host: api.weatherbit.io
07:42:27.960 [pool-1-thread-1] DEBUG org.apache.http.headers - >> Connection: Keep-Alive
07:42:27.960 [pool-1-thread-1] DEBUG org.apache.http.headers - >> User-Agent: Apache-HttpClient/4.5.5 (Java/1.8.0_211)
07:42:27.960 [pool-1-thread-1] DEBUG org.apache.http.headers - >> Accept-Encoding: gzip,deflate
07:42:28.283 [pool-1-thread-1] DEBUG org.apache.http.wire -  << "HTTP/1.1 200 OK[\r][\n]"
07:42:28.285 [pool-1-thread-1] DEBUG org.apache.http.wire -  << "Server: openresty/1.11.2.2[\r][\n]"
07:42:28.285 [pool-1-thread-1] DEBUG org.apache.http.wire -  << "Date: Fri, 22 Nov 2019 20:42:28 GMT[\r][\n]"
07:42:28.285 [pool-1-thread-1] DEBUG org.apache.http.wire -  << "Content-Type: application/json; charset=utf-8[\r][\n]"
07:42:28.285 [pool-1-thread-1] DEBUG org.apache.http.wire -  << "Transfer-Encoding: chunked[\r][\n]"
07:42:28.285 [pool-1-thread-1] DEBUG org.apache.http.wire -  << "X-RateLimit-Limit: 500[\r][\n]"
07:42:28.285 [pool-1-thread-1] DEBUG org.apache.http.wire -  << "X-RateLimit-Remaining: 489[\r][\n]"
07:42:28.285 [pool-1-thread-1] DEBUG org.apache.http.wire -  << "X-RateLimit-Reset: 1574486497[\r][\n]"
07:42:28.285 [pool-1-thread-1] DEBUG org.apache.http.wire -  << "X-Proxy-Cache: MISS[\r][\n]"
07:42:28.285 [pool-1-thread-1] DEBUG org.apache.http.wire -  << "Access-Control-Allow-Origin: *[\r][\n]"
07:42:28.285 [pool-1-thread-1] DEBUG org.apache.http.wire -  << "Access-Control-Allow-Methods: GET, OPTIONS, POST[\r][\n]"
07:42:28.285 [pool-1-thread-1] DEBUG org.apache.http.wire -  << "Access-Control-Allow-Headers: DNT,X-CustomHeader,Keep-Alive,User-Agent,X-Requested-With,If-Modified-Since,Cache-Control,Content-Type,Content-Range,Range[\r][\n]"
07:42:28.285 [pool-1-thread-1] DEBUG org.apache.http.wire -  << "Access-Control-Expose-Headers: DNT,X-CustomHeader,Keep-Alive,User-Agent,X-Requested-With,If-Modified-Since,Cache-Control,Content-Type,Content-Range,Range[\r][\n]"
07:42:28.285 [pool-1-thread-1] DEBUG org.apache.http.wire -  << "X-Cache-Key: api.weatherbit.io/v2.0/current?postal_code=2150&key=ff3d40689e234c448c6f9efc3c59cb10[\r][\n]"
07:42:28.285 [pool-1-thread-1] DEBUG org.apache.http.wire -  << "Content-Encoding: gzip[\r][\n]"
07:42:28.285 [pool-1-thread-1] DEBUG org.apache.http.wire -  << "[\r][\n]"
07:42:28.286 [pool-1-thread-1] DEBUG o.a.h.i.conn.DefaultClientConnection - Receiving response: HTTP/1.1 200 OK
07:42:28.286 [pool-1-thread-1] DEBUG org.apache.http.headers - << HTTP/1.1 200 OK
07:42:28.286 [pool-1-thread-1] DEBUG org.apache.http.headers - << Server: openresty/1.11.2.2
07:42:28.286 [pool-1-thread-1] DEBUG org.apache.http.headers - << Date: Fri, 22 Nov 2019 20:42:28 GMT
07:42:28.286 [pool-1-thread-1] DEBUG org.apache.http.headers - << Content-Type: application/json; charset=utf-8
07:42:28.286 [pool-1-thread-1] DEBUG org.apache.http.headers - << Transfer-Encoding: chunked
07:42:28.286 [pool-1-thread-1] DEBUG org.apache.http.headers - << X-RateLimit-Limit: 500
07:42:28.286 [pool-1-thread-1] DEBUG org.apache.http.headers - << X-RateLimit-Remaining: 489
07:42:28.286 [pool-1-thread-1] DEBUG org.apache.http.headers - << X-RateLimit-Reset: 1574486497
07:42:28.286 [pool-1-thread-1] DEBUG org.apache.http.headers - << X-Proxy-Cache: MISS
07:42:28.286 [pool-1-thread-1] DEBUG org.apache.http.headers - << Access-Control-Allow-Origin: *
07:42:28.286 [pool-1-thread-1] DEBUG org.apache.http.headers - << Access-Control-Allow-Methods: GET, OPTIONS, POST
07:42:28.286 [pool-1-thread-1] DEBUG org.apache.http.headers - << Access-Control-Allow-Headers: DNT,X-CustomHeader,Keep-Alive,User-Agent,X-Requested-With,If-Modified-Since,Cache-Control,Content-Type,Content-Range,Range
07:42:28.286 [pool-1-thread-1] DEBUG org.apache.http.headers - << Access-Control-Expose-Headers: DNT,X-CustomHeader,Keep-Alive,User-Agent,X-Requested-With,If-Modified-Since,Cache-Control,Content-Type,Content-Range,Range
07:42:28.286 [pool-1-thread-1] DEBUG org.apache.http.headers - << X-Cache-Key: api.weatherbit.io/v2.0/current?postal_code=2150&key=ff3d40689e234c448c6f9efc3c59cb10
07:42:28.286 [pool-1-thread-1] DEBUG org.apache.http.headers - << Content-Encoding: gzip
07:42:28.291 [pool-1-thread-1] DEBUG o.a.h.impl.client.DefaultHttpClient - Connection can be kept alive indefinitely
07:42:28.306 [pool-1-thread-1] DEBUG i.r.i.RequestSpecificationImpl$RestAssuredHttpBuilder - Parsing response as: application/json; charset=utf-8
07:42:28.306 [pool-1-thread-1] DEBUG org.apache.http.wire -  << "1bd[\r][\n]"
07:42:28.306 [pool-1-thread-1] DEBUG org.apache.http.wire -  << "[0x1f][0x8b][0x8][0x0][0x0][0x0][0x0][0x0][0x0][0x3]mR[0xc1][0x8e][0xdb] [0x10][0xbd][0xf7]+"[0xce]6[0x5][0x8c][0x1d][0x9b][[0xd5]Ko[)[0xad]zh+[0x8b]5t[0x8d][0xca][0x82][0x17]p[0xac]4[0xca][0xbf]w [0x89][0xb6][0xd2][0xf6]b[0x99][0x99]yo[0xde][0xbc][0x99]3R2I$[0xbe][0x9f]Q[0x98][0x91][0xe8]H[0x85][0x16][0xaf][0x90]@[\n]"
07:42:28.307 [pool-1-thread-1] DEBUG org.apache.http.wire -  << "U[0xc8]z[0x87][0x4]m)&[0xa4][0xdb]C"[0xe8][0x8]oB([0x1e]*[0x94][0xcc][0xb3][0xfe][0xe3][0x9d][0x86][0xda][0xf]kLAZ#[0xbc]?[0x9c][0x94][0xd3]'[0xc0][0xfa][0xc7]1W@[0x96][0x11]:[0xd4][0x94][0xd6][0x8c][0xed][0x18][0x11][0x8c]Cr[0xf2][0xab]K[0xe1]4N^[0x15][0xfc][0xd7][0x1c][0xb3]~UW~ [0xcf]?[0xed][0x9e][0xf3][0x96]3[0xe][0xef][0xe8][0xad][0xc]c[0x90][0xa0][0x8c]3[0xcc]![0x90]d[0xd2]w<a[0x19]o[0xd2]it[0xb2][0xb4][0xfc]$C0q[0xf7]Y[0x86][0xdf][0x90][0xd9][0x8c]Sc\[0x0]Ka&[0x19][0xd3][0xf8]?q_[0x8a]8A[0xc8][0x1d]1)[0x13][0xc6]_[0xab][0xb5]P[0x16][0xfd][0x9a][0xe6][0xba]|7[0x1d][0xd3][0xbf]%[0x90]=[0x1c][0xbe]A$[0xda]%[0xab][0xa7]][0x85][0x8e][0x6][0xf4][0xb7][0x15][0x9a]G[0xe9][0x9e],[0xf4][0xa9];[0x8e][0x1b](Y][0xd4])+[0xee][0x5][0xcf]F(g[0xa0]p[0x18][0xf0][0x0][0xd5]Jo[0xb]$[0x87][0xec]nt~C[0x2]&_[0x8f]H4[0xb8][0xe3]}[0xcb][0xca][0x6]&[0xb3][0x94]x[0xe9]_[0xda]3[0xc2][\n]"
07:42:28.307 [pool-1-thread-1] DEBUG org.apache.http.wire -  << "3L[0x9c]'[0xa2]@[0x9d]gx[0x9a][0x81][0x9a]Q[0x8a]{[0xa0]S[0xf9][0xd1][0xed]1t[0x91]/[0xf0]K)[0xcb]V@[0xb7][0xba]ipO[0x7]X[0xef][0xa6]e[0x9a]5[0x10][0x9e][0x91][0x99][0xf2][0xe6][0xd1]Dx>[0x83][0x9b][0xcb]=)[0x8a]u[0x9c][0x82]Y[0x92])[0x15][0xf]G[0x1d]&ptw[0xdb][0xde][0xa5][0xca][0xf7][0xa4][0xdf][0x98][0xb]"[0x1][0x9b][0xf4]s[0xb6]h[0x8f][0xfb][0xeb][0x2][0xaf][0x1c][0x1f]iS[0x8e]B[}[0xbc][0xfb]E9[0xee]@[0xb6]\[0x96][0xf1][0x15]t[0xf9]y[0xbb][0x1c]x^[0xde][0xfd][0x5]$[0xda]l[0x8b][0xba][0x2][0x0][0x0]"
07:42:28.307 [pool-1-thread-1] DEBUG org.apache.http.wire -  << "[\r][\n]"
07:42:28.307 [pool-1-thread-1] DEBUG org.apache.http.wire -  << "0[\r][\n]"
07:42:28.307 [pool-1-thread-1] DEBUG org.apache.http.wire -  << "[\r][\n]"
07:42:28.307 [pool-1-thread-1] DEBUG i.r.i.RequestSpecificationImpl$RestAssuredHttpBuilder - Parsed data to instance of: class org.apache.http.conn.EofSensorInputStream
07:42:28.361 [pool-1-thread-1] DEBUG o.a.h.i.c.BasicClientConnectionManager - Releasing connection org.apache.http.impl.conn.ManagedClientConnectionImpl@61c258e6
07:42:28.361 [pool-1-thread-1] DEBUG o.a.h.i.c.BasicClientConnectionManager - Connection can be kept alive indefinitely
07:42:28.568 [pool-1-thread-1] DEBUG n.t.core.steps.StepInterceptor - STEP DONE: I try to search the weather with {0} post code
07:42:28.570 [pool-1-thread-1] DEBUG n.t.core.steps.StepInterceptor - STARTING STEP: SerenityTest.verifyThatUserCanQueryCurrentWeatherWithPostCode - then I should get status code {0}
07:42:28.633 [pool-1-thread-1] DEBUG n.t.core.steps.StepInterceptor - STEP DONE: then I should get status code {0}
07:42:28.640 [pool-1-thread-1] DEBUG n.t.core.steps.StepInterceptor - STARTING STEP: SerenityTest.verifyThatUserCanQueryCurrentWeatherWithPostCode - iShouldFindWeather
07:42:29.281 [pool-1-thread-1] DEBUG n.t.core.steps.StepInterceptor - STEP FAILED: iShouldFindWeather - 1 expectation failed.
JSON path data[0].weather.description doesn't match.
Expected: is "Clear sky"
  Actual: Overcast clouds

]]></system-out>
  </testcase>
  <testcase name="verifyThatUserCanQueryCurrentWeatherWithLocation" classname="com.test.rest.api.SerenityTest" time="4.932">
    <failure message="1 expectation failed.&#10;JSON path data[0].weather.description doesn&apos;t match.&#10;Expected: is &quot;Scattered clouds&quot;&#10;  Actual: Overcast clouds&#10;" type="java.lang.AssertionError">java.lang.AssertionError: 
1 expectation failed.
JSON path data[0].weather.description doesn't match.
Expected: is "Scattered clouds"
  Actual: Overcast clouds

	at com.test.rest.api.SerenityTest.verifyThatUserCanQueryCurrentWeatherWithLocation(SerenityTest.java:35)
</failure>
    <system-out><![CDATA[07:42:29.451 [pool-1-thread-1] INFO  n.t.c.steps.ConsoleLoggingListener - 
 _____ _____ ____ _____   ____ _____  _    ____ _____ _____ ____  
|_   _| ____/ ___|_   _| / ___|_   _|/ \  |  _ \_   _| ____|  _ \ 
  | | |  _| \___ \ | |   \___ \ | | / _ \ | |_) || | |  _| | | | |
  | | | |___ ___) || |    ___) || |/ ___ \|  _ < | | | |___| |_| |
  |_| |_____|____/ |_|   |____/ |_/_/   \_\_| \_\|_| |_____|____/ 
                                                                  

TEST STARTED: verifyThatUserCanQueryCurrentWeatherWithLocation
-------------------------------------------------------------------
07:42:29.451 [pool-1-thread-1] INFO  net.serenitybdd.core.Serenity - TEST NUMBER: 2
07:42:29.455 [pool-1-thread-1] DEBUG n.t.core.steps.StepInterceptor - STARTING STEP: SerenityTest.verifyThatUserCanQueryCurrentWeatherWithLocation - I try to search the weather with {0} latitude and {1} longitude
07:42:29.483 [pool-1-thread-1] DEBUG o.a.h.i.c.BasicClientConnectionManager - Get connection for route {s}->https://api.weatherbit.io:443
07:42:29.483 [pool-1-thread-1] DEBUG o.a.h.i.c.DefaultClientConnectionOperator - Connecting to api.weatherbit.io:443
07:42:30.662 [pool-1-thread-1] DEBUG o.a.h.c.protocol.RequestAddCookies - CookieSpec selected: ignoreCookies
07:42:30.662 [pool-1-thread-1] DEBUG o.a.h.c.protocol.RequestAuthCache - Auth cache not set in the context
07:42:30.663 [pool-1-thread-1] DEBUG o.a.h.c.p.RequestTargetAuthentication - Target auth state: UNCHALLENGED
07:42:30.663 [pool-1-thread-1] DEBUG o.a.h.c.p.RequestProxyAuthentication - Proxy auth state: UNCHALLENGED
07:42:30.663 [pool-1-thread-1] DEBUG o.a.h.impl.client.DefaultHttpClient - Attempt 1 to execute request
07:42:30.663 [pool-1-thread-1] DEBUG o.a.h.i.conn.DefaultClientConnection - Sending request: GET /v2.0/current?lat=78.25&lon=38&key=ff3d40689e234c448c6f9efc3c59cb10 HTTP/1.1
07:42:30.663 [pool-1-thread-1] DEBUG org.apache.http.wire -  >> "GET /v2.0/current?lat=78.25&lon=38&key=ff3d40689e234c448c6f9efc3c59cb10 HTTP/1.1[\r][\n]"
07:42:30.663 [pool-1-thread-1] DEBUG org.apache.http.wire -  >> "Accept: */*[\r][\n]"
07:42:30.663 [pool-1-thread-1] DEBUG org.apache.http.wire -  >> "Host: api.weatherbit.io[\r][\n]"
07:42:30.663 [pool-1-thread-1] DEBUG org.apache.http.wire -  >> "Connection: Keep-Alive[\r][\n]"
07:42:30.663 [pool-1-thread-1] DEBUG org.apache.http.wire -  >> "User-Agent: Apache-HttpClient/4.5.5 (Java/1.8.0_211)[\r][\n]"
07:42:30.663 [pool-1-thread-1] DEBUG org.apache.http.wire -  >> "Accept-Encoding: gzip,deflate[\r][\n]"
07:42:30.663 [pool-1-thread-1] DEBUG org.apache.http.wire -  >> "[\r][\n]"
07:42:30.663 [pool-1-thread-1] DEBUG org.apache.http.headers - >> GET /v2.0/current?lat=78.25&lon=38&key=ff3d40689e234c448c6f9efc3c59cb10 HTTP/1.1
07:42:30.664 [pool-1-thread-1] DEBUG org.apache.http.headers - >> Accept: */*
07:42:30.664 [pool-1-thread-1] DEBUG org.apache.http.headers - >> Host: api.weatherbit.io
07:42:30.664 [pool-1-thread-1] DEBUG org.apache.http.headers - >> Connection: Keep-Alive
07:42:30.664 [pool-1-thread-1] DEBUG org.apache.http.headers - >> User-Agent: Apache-HttpClient/4.5.5 (Java/1.8.0_211)
07:42:30.664 [pool-1-thread-1] DEBUG org.apache.http.headers - >> Accept-Encoding: gzip,deflate
07:42:34.355 [pool-1-thread-1] DEBUG org.apache.http.wire -  << "HTTP/1.1 200 OK[\r][\n]"
07:42:34.355 [pool-1-thread-1] DEBUG org.apache.http.wire -  << "Server: openresty/1.11.2.2[\r][\n]"
07:42:34.355 [pool-1-thread-1] DEBUG org.apache.http.wire -  << "Date: Fri, 22 Nov 2019 20:42:34 GMT[\r][\n]"
07:42:34.355 [pool-1-thread-1] DEBUG org.apache.http.wire -  << "Content-Type: application/json; charset=utf-8[\r][\n]"
07:42:34.355 [pool-1-thread-1] DEBUG org.apache.http.wire -  << "Transfer-Encoding: chunked[\r][\n]"
07:42:34.355 [pool-1-thread-1] DEBUG org.apache.http.wire -  << "X-RateLimit-Limit: 500[\r][\n]"
07:42:34.355 [pool-1-thread-1] DEBUG org.apache.http.wire -  << "X-RateLimit-Remaining: 486[\r][\n]"
07:42:34.355 [pool-1-thread-1] DEBUG org.apache.http.wire -  << "X-RateLimit-Reset: 1574486497[\r][\n]"
07:42:34.355 [pool-1-thread-1] DEBUG org.apache.http.wire -  << "X-Proxy-Cache: HIT[\r][\n]"
07:42:34.355 [pool-1-thread-1] DEBUG org.apache.http.wire -  << "Access-Control-Allow-Origin: *[\r][\n]"
07:42:34.355 [pool-1-thread-1] DEBUG org.apache.http.wire -  << "Access-Control-Allow-Methods: GET, OPTIONS, POST[\r][\n]"
07:42:34.356 [pool-1-thread-1] DEBUG org.apache.http.wire -  << "Access-Control-Allow-Headers: DNT,X-CustomHeader,Keep-Alive,User-Agent,X-Requested-With,If-Modified-Since,Cache-Control,Content-Type,Content-Range,Range[\r][\n]"
07:42:34.356 [pool-1-thread-1] DEBUG org.apache.http.wire -  << "Access-Control-Expose-Headers: DNT,X-CustomHeader,Keep-Alive,User-Agent,X-Requested-With,If-Modified-Since,Cache-Control,Content-Type,Content-Range,Range[\r][\n]"
07:42:34.356 [pool-1-thread-1] DEBUG org.apache.http.wire -  << "X-Cache-Key: api.weatherbit.io/v2.0/current?lat=78.25&lon=38&key=ff3d40689e234c448c6f9efc3c59cb10[\r][\n]"
07:42:34.356 [pool-1-thread-1] DEBUG org.apache.http.wire -  << "Content-Encoding: gzip[\r][\n]"
07:42:34.356 [pool-1-thread-1] DEBUG org.apache.http.wire -  << "[\r][\n]"
07:42:34.356 [pool-1-thread-1] DEBUG o.a.h.i.conn.DefaultClientConnection - Receiving response: HTTP/1.1 200 OK
07:42:34.356 [pool-1-thread-1] DEBUG org.apache.http.headers - << HTTP/1.1 200 OK
07:42:34.356 [pool-1-thread-1] DEBUG org.apache.http.headers - << Server: openresty/1.11.2.2
07:42:34.356 [pool-1-thread-1] DEBUG org.apache.http.headers - << Date: Fri, 22 Nov 2019 20:42:34 GMT
07:42:34.356 [pool-1-thread-1] DEBUG org.apache.http.headers - << Content-Type: application/json; charset=utf-8
07:42:34.356 [pool-1-thread-1] DEBUG org.apache.http.headers - << Transfer-Encoding: chunked
07:42:34.356 [pool-1-thread-1] DEBUG org.apache.http.headers - << X-RateLimit-Limit: 500
07:42:34.356 [pool-1-thread-1] DEBUG org.apache.http.headers - << X-RateLimit-Remaining: 486
07:42:34.356 [pool-1-thread-1] DEBUG org.apache.http.headers - << X-RateLimit-Reset: 1574486497
07:42:34.356 [pool-1-thread-1] DEBUG org.apache.http.headers - << X-Proxy-Cache: HIT
07:42:34.356 [pool-1-thread-1] DEBUG org.apache.http.headers - << Access-Control-Allow-Origin: *
07:42:34.356 [pool-1-thread-1] DEBUG org.apache.http.headers - << Access-Control-Allow-Methods: GET, OPTIONS, POST
07:42:34.356 [pool-1-thread-1] DEBUG org.apache.http.headers - << Access-Control-Allow-Headers: DNT,X-CustomHeader,Keep-Alive,User-Agent,X-Requested-With,If-Modified-Since,Cache-Control,Content-Type,Content-Range,Range
07:42:34.356 [pool-1-thread-1] DEBUG org.apache.http.headers - << Access-Control-Expose-Headers: DNT,X-CustomHeader,Keep-Alive,User-Agent,X-Requested-With,If-Modified-Since,Cache-Control,Content-Type,Content-Range,Range
07:42:34.356 [pool-1-thread-1] DEBUG org.apache.http.headers - << X-Cache-Key: api.weatherbit.io/v2.0/current?lat=78.25&lon=38&key=ff3d40689e234c448c6f9efc3c59cb10
07:42:34.356 [pool-1-thread-1] DEBUG org.apache.http.headers - << Content-Encoding: gzip
07:42:34.356 [pool-1-thread-1] DEBUG o.a.h.impl.client.DefaultHttpClient - Connection can be kept alive indefinitely
07:42:34.357 [pool-1-thread-1] DEBUG i.r.i.RequestSpecificationImpl$RestAssuredHttpBuilder - Parsing response as: application/json; charset=utf-8
07:42:34.357 [pool-1-thread-1] DEBUG org.apache.http.wire -  << "1b8[\r][\n]"
07:42:34.357 [pool-1-thread-1] DEBUG org.apache.http.wire -  << "[0x1f][0x8b][0x8][0x0][0x0][0x0][0x0][0x0][0x0][0x3]mR[0xdb][0xaa][0xdc] [0x14]}[0xef]W[0xc]>'[0xa9]:[0xa6][0x13]};[0xd0][0xc7]B[0xa1][0xed][0xa1][0xd0][0xb][0xe2]1v"x4U3C:[0xc][0xf4]7[0xfa]{[0xfd][0x92]n[0x9d][0xc][0x14][0xda]'e[0xb9][0xf6]Zk[0xef][0xed][0x5][0x8d]*+$>_P[0x9c][0x90][0x18]H[0x83][0xe6]0"[0x81]<j[0x90][0xb][0x1e][0x89][0xfd][0x0]P4[0x9][0x9][0x82][0xc9][0xd0]q`d[0xfb]l~[0x4]o[0x80][0xf6][0x10]u[0xb6][0xfa][0xcb][0xcb]7[0xc1][0x1f]W[0xa3][0xe2][0xd3]jJex[0x92][0x85][0x4][0x4][0x8a][0x9]o[0x9]i)[0xdd]Q,[0x18][0x85]G[0x1d][0x16][0x9f][0xe3]*u[0x18][0xb][0xe3][0xdd]c[0xc1]\X[0xc6][0xea][0x81]A[0xbf]\[0xfa][0x3]c}[0xbf][0xef][0xc1]/[0x5][0xa7][0xa2][0x8c][\n]"
07:42:34.357 [pool-1-thread-1] DEBUG org.apache.http.wire -  << "r[0xc1]k[0xca]*[0x9b]{1[0xe3][0xa5][0xd8][0xe6]UzU[0xfd]^+[0xf7][0xfb][0xe7]/oW[0xb3][0xfb]d[0x9c][0xf1]9[0xad][0xc0]8[?[0xca]4[0x83][0x0][0xeb]0#[0x94]As*e[0xf9][0xbf][0x9c][0x1f] '[0xed][0x5][0xc6][0xf7]:=[0xda]([0xbf]-[0xce][0x1]-[0x85]%Og[0x93][0xf2][0xdf][0x8f][0x80][0xbf][0xff][0x8]@r[0xf3]6[0xa5][0x3]o[0xd0][0xc9]B[0x1b][0x94]t[0x3]![0xfb][0x6]MR[0xf9][0xa3][0x3]'[0xf]B@]|2[0x19][\n]"
07:42:34.357 [pool-1-thread-1] DEBUG org.apache.http.wire -  << "9[0x17][0xbc][0xf4]0z[[0xbb][0x1b][0xcd]y[0x6][0xbc]}[0xd5]AQ[0xf2][0xe1]\[0xd1][0xe5]T[0xf][0xd8][0x83][0xb6]s[0xbd]V[0xf3][0xea]M[0x9][0xaf]z[0xd1][0xa6][0xd2][0x8][0xc6][0xb7][0xe8][0xc7]i[0x13][0xdc]N[0xf5][0xdd][0xde][0xcd][0x9d][0x2][0x87][0xc3][0xd0][0xd1][0x1e]t[0x8c][0xca][0x93][0x1][0x99][0xb][0xb2][0xba][0xec][0x1b]i[0xcc][0xca][\n]"
07:42:34.357 [pool-1-thread-1] DEBUG org.apache.http.wire -  << "[0xb7][0x1][0xf][0x98][0x95]t&[0xe9]h[0xe7]l+[0xe3][0xed][0xc9]D[\r][0xe3][0xdb]m[[0xbb]6[0xe5][0x17][0x99]&)h[0x9][0x92][0xcd]3Dn[0xf7][0x1d][0xbb][0xed][0xee][0xa6][0xf1][0xf0]8[0x90][0x1e]^aG[0xa7][0xfb]hZ[0xca];z[0x80][0xa8][0xf3],[0xb7]*[0x0][0xae]_[0xb7]/[0x3][0xb3][0xbd][0xbe][0xf8][0x3]_[0xc3]\[0x9d][0xb1][0x2][0x0][0x0]"
07:42:34.357 [pool-1-thread-1] DEBUG org.apache.http.wire -  << "[\r][\n]"
07:42:34.357 [pool-1-thread-1] DEBUG org.apache.http.wire -  << "0[\r][\n]"
07:42:34.357 [pool-1-thread-1] DEBUG org.apache.http.wire -  << "[\r][\n]"
07:42:34.358 [pool-1-thread-1] DEBUG i.r.i.RequestSpecificationImpl$RestAssuredHttpBuilder - Parsed data to instance of: class org.apache.http.conn.EofSensorInputStream
07:42:34.360 [pool-1-thread-1] DEBUG o.a.h.i.c.BasicClientConnectionManager - Releasing connection org.apache.http.impl.conn.ManagedClientConnectionImpl@14042ed0
07:42:34.360 [pool-1-thread-1] DEBUG o.a.h.i.c.BasicClientConnectionManager - Connection can be kept alive indefinitely
07:42:34.363 [pool-1-thread-1] DEBUG n.t.core.steps.StepInterceptor - STEP DONE: I try to search the weather with {0} latitude and {1} longitude
07:42:34.364 [pool-1-thread-1] DEBUG n.t.core.steps.StepInterceptor - STARTING STEP: SerenityTest.verifyThatUserCanQueryCurrentWeatherWithLocation - then I should get status code {0}
07:42:34.365 [pool-1-thread-1] DEBUG n.t.core.steps.StepInterceptor - STEP DONE: then I should get status code {0}
07:42:34.366 [pool-1-thread-1] DEBUG n.t.core.steps.StepInterceptor - STARTING STEP: SerenityTest.verifyThatUserCanQueryCurrentWeatherWithLocation - iShouldFindWeather
07:42:34.381 [pool-1-thread-1] DEBUG n.t.core.steps.StepInterceptor - STEP FAILED: iShouldFindWeather - 1 expectation failed.
JSON path data[0].weather.description doesn't match.
Expected: is "Scattered clouds"
  Actual: Overcast clouds

]]></system-out>
  </testcase>
  <testcase name="verifyThatUserCanQueryCurrentWeatherWithPostCode_negativeTest" classname="com.test.rest.api.SerenityTest" time="2.844">
    <failure message="1 expectation failed.&#10;Expected status code &lt;400&gt; but was &lt;200&gt;.&#10;" type="java.lang.AssertionError"><![CDATA[java.lang.AssertionError: 
1 expectation failed.
Expected status code <400> but was <200>.

	at com.test.rest.api.SerenityTest.verifyThatUserCanQueryCurrentWeatherWithPostCode_negativeTest(SerenityTest.java:27)
]]></failure>
    <system-out><![CDATA[07:42:34.393 [pool-1-thread-1] INFO  n.t.c.steps.ConsoleLoggingListener - 
 _____ _____ ____ _____   ____ _____  _    ____ _____ _____ ____  
|_   _| ____/ ___|_   _| / ___|_   _|/ \  |  _ \_   _| ____|  _ \ 
  | | |  _| \___ \ | |   \___ \ | | / _ \ | |_) || | |  _| | | | |
  | | | |___ ___) || |    ___) || |/ ___ \|  _ < | | | |___| |_| |
  |_| |_____|____/ |_|   |____/ |_/_/   \_\_| \_\|_| |_____|____/ 
                                                                  

TEST STARTED: verifyThatUserCanQueryCurrentWeatherWithPostCode_negativeTest
-------------------------------------------------------------------
07:42:34.393 [pool-1-thread-1] INFO  net.serenitybdd.core.Serenity - TEST NUMBER: 3
07:42:34.394 [pool-1-thread-1] DEBUG n.t.core.steps.StepInterceptor - STARTING STEP: SerenityTest.verifyThatUserCanQueryCurrentWeatherWithPostCode_negativeTest - I try to search the weather with {0} post code
07:42:34.406 [pool-1-thread-1] DEBUG o.a.h.i.c.BasicClientConnectionManager - Get connection for route {s}->https://api.weatherbit.io:443
07:42:34.406 [pool-1-thread-1] DEBUG o.a.h.i.c.DefaultClientConnectionOperator - Connecting to api.weatherbit.io:443
07:42:36.867 [pool-1-thread-1] DEBUG o.a.h.c.protocol.RequestAddCookies - CookieSpec selected: ignoreCookies
07:42:36.868 [pool-1-thread-1] DEBUG o.a.h.c.protocol.RequestAuthCache - Auth cache not set in the context
07:42:36.868 [pool-1-thread-1] DEBUG o.a.h.c.p.RequestTargetAuthentication - Target auth state: UNCHALLENGED
07:42:36.868 [pool-1-thread-1] DEBUG o.a.h.c.p.RequestProxyAuthentication - Proxy auth state: UNCHALLENGED
07:42:36.868 [pool-1-thread-1] DEBUG o.a.h.impl.client.DefaultHttpClient - Attempt 1 to execute request
07:42:36.868 [pool-1-thread-1] DEBUG o.a.h.i.conn.DefaultClientConnection - Sending request: GET /v2.0/current?postal_code=2150&key=ff3d40689e234c448c6f9efc3c59cb10 HTTP/1.1
07:42:36.868 [pool-1-thread-1] DEBUG org.apache.http.wire -  >> "GET /v2.0/current?postal_code=2150&key=ff3d40689e234c448c6f9efc3c59cb10 HTTP/1.1[\r][\n]"
07:42:36.868 [pool-1-thread-1] DEBUG org.apache.http.wire -  >> "Accept: */*[\r][\n]"
07:42:36.868 [pool-1-thread-1] DEBUG org.apache.http.wire -  >> "Host: api.weatherbit.io[\r][\n]"
07:42:36.868 [pool-1-thread-1] DEBUG org.apache.http.wire -  >> "Connection: Keep-Alive[\r][\n]"
07:42:36.868 [pool-1-thread-1] DEBUG org.apache.http.wire -  >> "User-Agent: Apache-HttpClient/4.5.5 (Java/1.8.0_211)[\r][\n]"
07:42:36.868 [pool-1-thread-1] DEBUG org.apache.http.wire -  >> "Accept-Encoding: gzip,deflate[\r][\n]"
07:42:36.869 [pool-1-thread-1] DEBUG org.apache.http.wire -  >> "[\r][\n]"
07:42:36.869 [pool-1-thread-1] DEBUG org.apache.http.headers - >> GET /v2.0/current?postal_code=2150&key=ff3d40689e234c448c6f9efc3c59cb10 HTTP/1.1
07:42:36.869 [pool-1-thread-1] DEBUG org.apache.http.headers - >> Accept: */*
07:42:36.869 [pool-1-thread-1] DEBUG org.apache.http.headers - >> Host: api.weatherbit.io
07:42:36.869 [pool-1-thread-1] DEBUG org.apache.http.headers - >> Connection: Keep-Alive
07:42:36.869 [pool-1-thread-1] DEBUG org.apache.http.headers - >> User-Agent: Apache-HttpClient/4.5.5 (Java/1.8.0_211)
07:42:36.869 [pool-1-thread-1] DEBUG org.apache.http.headers - >> Accept-Encoding: gzip,deflate
07:42:37.219 [pool-1-thread-1] DEBUG org.apache.http.wire -  << "HTTP/1.1 200 OK[\r][\n]"
07:42:37.219 [pool-1-thread-1] DEBUG org.apache.http.wire -  << "Server: openresty/1.11.2.2[\r][\n]"
07:42:37.219 [pool-1-thread-1] DEBUG org.apache.http.wire -  << "Date: Fri, 22 Nov 2019 20:42:37 GMT[\r][\n]"
07:42:37.219 [pool-1-thread-1] DEBUG org.apache.http.wire -  << "Content-Type: application/json; charset=utf-8[\r][\n]"
07:42:37.219 [pool-1-thread-1] DEBUG org.apache.http.wire -  << "Transfer-Encoding: chunked[\r][\n]"
07:42:37.219 [pool-1-thread-1] DEBUG org.apache.http.wire -  << "X-RateLimit-Limit: 500[\r][\n]"
07:42:37.220 [pool-1-thread-1] DEBUG org.apache.http.wire -  << "X-RateLimit-Remaining: 485[\r][\n]"
07:42:37.220 [pool-1-thread-1] DEBUG org.apache.http.wire -  << "X-RateLimit-Reset: 1574486497[\r][\n]"
07:42:37.220 [pool-1-thread-1] DEBUG org.apache.http.wire -  << "X-Proxy-Cache: HIT[\r][\n]"
07:42:37.220 [pool-1-thread-1] DEBUG org.apache.http.wire -  << "Access-Control-Allow-Origin: *[\r][\n]"
07:42:37.220 [pool-1-thread-1] DEBUG org.apache.http.wire -  << "Access-Control-Allow-Methods: GET, OPTIONS, POST[\r][\n]"
07:42:37.220 [pool-1-thread-1] DEBUG org.apache.http.wire -  << "Access-Control-Allow-Headers: DNT,X-CustomHeader,Keep-Alive,User-Agent,X-Requested-With,If-Modified-Since,Cache-Control,Content-Type,Content-Range,Range[\r][\n]"
07:42:37.220 [pool-1-thread-1] DEBUG org.apache.http.wire -  << "Access-Control-Expose-Headers: DNT,X-CustomHeader,Keep-Alive,User-Agent,X-Requested-With,If-Modified-Since,Cache-Control,Content-Type,Content-Range,Range[\r][\n]"
07:42:37.220 [pool-1-thread-1] DEBUG org.apache.http.wire -  << "X-Cache-Key: api.weatherbit.io/v2.0/current?postal_code=2150&key=ff3d40689e234c448c6f9efc3c59cb10[\r][\n]"
07:42:37.220 [pool-1-thread-1] DEBUG org.apache.http.wire -  << "Content-Encoding: gzip[\r][\n]"
07:42:37.220 [pool-1-thread-1] DEBUG org.apache.http.wire -  << "[\r][\n]"
07:42:37.220 [pool-1-thread-1] DEBUG o.a.h.i.conn.DefaultClientConnection - Receiving response: HTTP/1.1 200 OK
07:42:37.220 [pool-1-thread-1] DEBUG org.apache.http.headers - << HTTP/1.1 200 OK
07:42:37.220 [pool-1-thread-1] DEBUG org.apache.http.headers - << Server: openresty/1.11.2.2
07:42:37.220 [pool-1-thread-1] DEBUG org.apache.http.headers - << Date: Fri, 22 Nov 2019 20:42:37 GMT
07:42:37.220 [pool-1-thread-1] DEBUG org.apache.http.headers - << Content-Type: application/json; charset=utf-8
07:42:37.220 [pool-1-thread-1] DEBUG org.apache.http.headers - << Transfer-Encoding: chunked
07:42:37.220 [pool-1-thread-1] DEBUG org.apache.http.headers - << X-RateLimit-Limit: 500
07:42:37.220 [pool-1-thread-1] DEBUG org.apache.http.headers - << X-RateLimit-Remaining: 485
07:42:37.220 [pool-1-thread-1] DEBUG org.apache.http.headers - << X-RateLimit-Reset: 1574486497
07:42:37.221 [pool-1-thread-1] DEBUG org.apache.http.headers - << X-Proxy-Cache: HIT
07:42:37.221 [pool-1-thread-1] DEBUG org.apache.http.headers - << Access-Control-Allow-Origin: *
07:42:37.221 [pool-1-thread-1] DEBUG org.apache.http.headers - << Access-Control-Allow-Methods: GET, OPTIONS, POST
07:42:37.221 [pool-1-thread-1] DEBUG org.apache.http.headers - << Access-Control-Allow-Headers: DNT,X-CustomHeader,Keep-Alive,User-Agent,X-Requested-With,If-Modified-Since,Cache-Control,Content-Type,Content-Range,Range
07:42:37.221 [pool-1-thread-1] DEBUG org.apache.http.headers - << Access-Control-Expose-Headers: DNT,X-CustomHeader,Keep-Alive,User-Agent,X-Requested-With,If-Modified-Since,Cache-Control,Content-Type,Content-Range,Range
07:42:37.221 [pool-1-thread-1] DEBUG org.apache.http.headers - << X-Cache-Key: api.weatherbit.io/v2.0/current?postal_code=2150&key=ff3d40689e234c448c6f9efc3c59cb10
07:42:37.221 [pool-1-thread-1] DEBUG org.apache.http.headers - << Content-Encoding: gzip
07:42:37.221 [pool-1-thread-1] DEBUG o.a.h.impl.client.DefaultHttpClient - Connection can be kept alive indefinitely
07:42:37.221 [pool-1-thread-1] DEBUG i.r.i.RequestSpecificationImpl$RestAssuredHttpBuilder - Parsing response as: application/json; charset=utf-8
07:42:37.221 [pool-1-thread-1] DEBUG org.apache.http.wire -  << "1bd[\r][\n]"
07:42:37.221 [pool-1-thread-1] DEBUG org.apache.http.wire -  << "[0x1f][0x8b][0x8][0x0][0x0][0x0][0x0][0x0][0x0][0x3]mR[0xc1][0x8e][0xdb] [0x10][0xbd][0xf7]+"[0xce]6[0x5][0x8c][0x1d][0x9b][[0xd5]Ko[)[0xad]zh+[0x8b]5t[0x8d][0xca][0x82][0x17]p[0xac]4[0xca][0xbf]w [0x89][0xb6][0xd2][0xf6]b[0x99][0x99]yo[0xde][0xbc][0x99]3R2I$[0xbe][0x9f]Q[0x98][0x91][0xe8]H[0x85][0x16][0xaf][0x90]@[\n]"
07:42:37.222 [pool-1-thread-1] DEBUG org.apache.http.wire -  << "U[0xc8]z[0x87][0x4]m)&[0xa4][0xdb]C"[0xe8][0x8]oB([0x1e]*[0x94][0xcc][0xb3][0xfe][0xe3][0x9d][0x86][0xda][0xf]kLAZ#[0xbc]?[0x9c][0x94][0xd3]'[0xc0][0xfa][0xc7]1W@[0x96][0x11]:[0xd4][0x94][0xd6][0x8c][0xed][0x18][0x11][0x8c]Cr[0xf2][0xab]K[0xe1]4N^[0x15][0xfc][0xd7][0x1c][0xb3]~UW~ [0xcf]?[0xed][0x9e][0xf3][0x96]3[0xe][0xef][0xe8][0xad][0xc]c[0x90][0xa0][0x8c]3[0xcc]![0x90]d[0xd2]w<a[0x19]o[0xd2]it[0xb2][0xb4][0xfc]$C0q[0xf7]Y[0x86][0xdf][0x90][0xd9][0x8c]Sc\[0x0]Ka&[0x19][0xd3][0xf8]?q_[0x8a]8A[0xc8][0x1d]1)[0x13][0xc6]_[0xab][0xb5]P[0x16][0xfd][0x9a][0xe6][0xba]|7[0x1d][0xd3][0xbf]%[0x90]=[0x1c][0xbe]A$[0xda]%[0xab][0xa7]][0x85][0x8e][0x6][0xf4][0xb7][0x15][0x9a]G[0xe9][0x9e],[0xf4][0xa9];[0x8e][0x1b](Y][0xd4])+[0xee][0x5][0xcf]F(g[0xa0]p[0x18][0xf0][0x0][0xd5]Jo[0xb]$[0x87][0xec]nt~C[0x2]&_[0x8f]H4[0xb8][0xe3]}[0xcb][0xca][0x6]&[0xb3][0x94]x[0xe9]_[0xda]3[0xc2][\n]"
07:42:37.222 [pool-1-thread-1] DEBUG org.apache.http.wire -  << "3L[0x9c]'[0xa2]@[0x9d]gx[0x9a][0x81][0x9a]Q[0x8a]{[0xa0]S[0xf9][0xd1][0xed]1t[0x91]/[0xf0]K)[0xcb]V@[0xb7][0xba]ipO[0x7]X[0xef][0xa6]e[0x9a]5[0x10][0x9e][0x91][0x99][0xf2][0xe6][0xd1]Dx>[0x83][0x9b][0xcb]=)[0x8a]u[0x9c][0x82]Y[0x92])[0x15][0xf]G[0x1d]&ptw[0xdb][0xde][0xa5][0xca][0xf7][0xa4][0xdf][0x98][0xb]"[0x1][0x9b][0xf4]s[0xb6]h[0x8f][0xfb][0xeb][0x2][0xaf][0x1c][0x1f]iS[0x8e]B[}[0xbc][0xfb]E9[0xee]@[0xb6]\[0x96][0xf1][0x15]t[0xf9]y[0xbb][0x1c]x^[0xde][0xfd][0x5]$[0xda]l[0x8b][0xba][0x2][0x0][0x0]"
07:42:37.222 [pool-1-thread-1] DEBUG org.apache.http.wire -  << "[\r][\n]"
07:42:37.222 [pool-1-thread-1] DEBUG org.apache.http.wire -  << "0[\r][\n]"
07:42:37.222 [pool-1-thread-1] DEBUG org.apache.http.wire -  << "[\r][\n]"
07:42:37.222 [pool-1-thread-1] DEBUG i.r.i.RequestSpecificationImpl$RestAssuredHttpBuilder - Parsed data to instance of: class org.apache.http.conn.EofSensorInputStream
07:42:37.224 [pool-1-thread-1] DEBUG o.a.h.i.c.BasicClientConnectionManager - Releasing connection org.apache.http.impl.conn.ManagedClientConnectionImpl@2f3e2e79
07:42:37.224 [pool-1-thread-1] DEBUG o.a.h.i.c.BasicClientConnectionManager - Connection can be kept alive indefinitely
07:42:37.226 [pool-1-thread-1] DEBUG n.t.core.steps.StepInterceptor - STEP DONE: I try to search the weather with {0} post code
07:42:37.227 [pool-1-thread-1] DEBUG n.t.core.steps.StepInterceptor - STARTING STEP: SerenityTest.verifyThatUserCanQueryCurrentWeatherWithPostCode_negativeTest - then I should get status code {0}
07:42:37.232 [pool-1-thread-1] DEBUG n.t.core.steps.StepInterceptor - STEP FAILED: then I should get status code {0} - 1 expectation failed.
Expected status code <400> but was <200>.

]]></system-out>
  </testcase>
</testsuite>