<?xml version="1.0" encoding="UTF-8"?>
<testsuite xmlns:xsi="http://www.w3.org/2001/XMLSchema-instance" xsi:noNamespaceSchemaLocation="https://maven.apache.org/surefire/maven-failsafe-plugin/xsd/failsafe-test-report.xsd" name="com.test.rest.api.SerenityTest_lat_long" time="8.318" tests="2" errors="0" skipped="0" failures="2">
  <properties>
    <property name="gopherProxySet" value="false"/>
    <property name="awt.toolkit" value="sun.lwawt.macosx.LWCToolkit"/>
    <property name="file.encoding.pkg" value="sun.io"/>
    <property name="java.specification.version" value="1.8"/>
    <property name="sun.cpu.isalist" value=""/>
    <property name="sun.jnu.encoding" value="UTF-8"/>
    <property name="java.class.path" value="/QE_API_CHALLENGE-master/target/test-classes:/QE_API_CHALLENGE-master/target/serenity-rest-assured-automation-0.0.1-SNAPSHOT.jar:/Users/ganeshranganathan/.m2/repository/net/serenity-bdd/serenity-core/2.0.69/serenity-core-2.0.69.jar:/Users/ganeshranganathan/.m2/repository/net/bytebuddy/byte-buddy/1.9.12/byte-buddy-1.9.12.jar:/Users/ganeshranganathan/.m2/repository/net/bytebuddy/byte-buddy-agent/1.9.12/byte-buddy-agent-1.9.12.jar:/Users/ganeshranganathan/.m2/repository/com/google/guava/guava/25.0-jre/guava-25.0-jre.jar:/Users/ganeshranganathan/.m2/repository/com/google/code/findbugs/jsr305/1.3.9/jsr305-1.3.9.jar:/Users/ganeshranganathan/.m2/repository/org/checkerframework/checker-compat-qual/2.0.0/checker-compat-qual-2.0.0.jar:/Users/ganeshranganathan/.m2/repository/com/google/errorprone/error_prone_annotations/2.1.3/error_prone_annotations-2.1.3.jar:/Users/ganeshranganathan/.m2/repository/com/google/j2objc/j2objc-annotations/1.1/j2objc-annotations-1.1.jar:/Users/ganeshranganathan/.m2/repository/org/codehaus/mojo/animal-sniffer-annotations/1.14/animal-sniffer-annotations-1.14.jar:/Users/ganeshranganathan/.m2/repository/com/google/inject/guice/4.2.2/guice-4.2.2.jar:/Users/ganeshranganathan/.m2/repository/javax/inject/javax.inject/1/javax.inject-1.jar:/Users/ganeshranganathan/.m2/repository/aopalliance/aopalliance/1.0/aopalliance-1.0.jar:/Users/ganeshranganathan/.m2/repository/cglib/cglib/3.2.5/cglib-3.2.5.jar:/Users/ganeshranganathan/.m2/repository/org/ow2/asm/asm/5.0.3/asm-5.0.3.jar:/Users/ganeshranganathan/.m2/repository/commons-codec/commons-codec/1.10/commons-codec-1.10.jar:/Users/ganeshranganathan/.m2/repository/org/objenesis/objenesis/2.6/objenesis-2.6.jar:/Users/ganeshranganathan/.m2/repository/org/slf4j/slf4j-api/1.7.25/slf4j-api-1.7.25.jar:/Users/ganeshranganathan/.m2/repository/xml-apis/xml-apis/1.4.01/xml-apis-1.4.01.jar:/Users/ganeshranganathan/.m2/repository/io/cucumber/cucumber-core/2.4.0/cucumber-core-2.4.0.jar:/Users/ganeshranganathan/.m2/repository/info/cukes/cucumber-html/0.2.6/cucumber-html-0.2.6.jar:/Users/ganeshranganathan/.m2/repository/io/cucumber/cucumber-jvm-deps/1.0.6/cucumber-jvm-deps-1.0.6.jar:/Users/ganeshranganathan/.m2/repository/io/cucumber/gherkin/5.0.0/gherkin-5.0.0.jar:/Users/ganeshranganathan/.m2/repository/io/cucumber/tag-expressions/1.1.1/tag-expressions-1.1.1.jar:/Users/ganeshranganathan/.m2/repository/commons-logging/commons-logging/1.2/commons-logging-1.2.jar:/Users/ganeshranganathan/.m2/repository/io/vavr/vavr/0.9.0/vavr-0.9.0.jar:/Users/ganeshranganathan/.m2/repository/io/vavr/vavr-match/0.9.0/vavr-match-0.9.0.jar:/Users/ganeshranganathan/.m2/repository/javax/xml/bind/jaxb-api/2.2.12/jaxb-api-2.2.12.jar:/Users/ganeshranganathan/.m2/repository/com/sun/xml/bind/jaxb-core/2.3.0.1/jaxb-core-2.3.0.1.jar:/Users/ganeshranganathan/.m2/repository/com/sun/xml/bind/jaxb-impl/2.3.0.1/jaxb-impl-2.3.0.1.jar:/Users/ganeshranganathan/.m2/repository/javax/activation/activation/1.1.1/activation-1.1.1.jar:/Users/ganeshranganathan/.m2/repository/org/mockito/mockito-core/2.25.0/mockito-core-2.25.0.jar:/Users/ganeshranganathan/.m2/repository/net/serenity-bdd/serenity-report-resources/2.0.69/serenity-report-resources-2.0.69.jar:/Users/ganeshranganathan/.m2/repository/net/serenity-bdd/serenity-model/2.0.69/serenity-model-2.0.69.jar:/Users/ganeshranganathan/.m2/repository/commons-net/commons-net/3.6/commons-net-3.6.jar:/Users/ganeshranganathan/.m2/repository/org/apache/commons/commons-text/1.6/commons-text-1.6.jar:/Users/ganeshranganathan/.m2/repository/net/serenity-bdd/serenity-reports/2.0.69/serenity-reports-2.0.69.jar:/Users/ganeshranganathan/.m2/repository/net/serenity-bdd/serenity-stats/2.0.69/serenity-stats-2.0.69.jar:/Users/ganeshranganathan/.m2/repository/org/jetbrains/kotlin/kotlin-stdlib/1.3.31/kotlin-stdlib-1.3.31.jar:/Users/ganeshranganathan/.m2/repository/org/jetbrains/kotlin/kotlin-stdlib-common/1.3.31/kotlin-stdlib-common-1.3.31.jar:/Users/ganeshranganathan/.m2/repository/org/jetbrains/annotations/13.0/annotations-13.0.jar:/Users/ganeshranganathan/.m2/repository/com/google/code/gson/gson/2.8.4/gson-2.8.4.jar:/Users/ganeshranganathan/.m2/repository/commons-io/commons-io/2.6/commons-io-2.6.jar:/Users/ganeshranganathan/.m2/repository/org/seleniumhq/selenium/selenium-server/3.141.59/selenium-server-3.141.59.jar:/Users/ganeshranganathan/.m2/repository/org/seleniumhq/selenium/selenium-firefox-driver/3.141.59/selenium-firefox-driver-3.141.59.jar:/Users/ganeshranganathan/.m2/repository/org/seleniumhq/selenium/selenium-ie-driver/3.141.59/selenium-ie-driver-3.141.59.jar:/Users/ganeshranganathan/.m2/repository/com/beust/jcommander/1.72/jcommander-1.72.jar:/Users/ganeshranganathan/.m2/repository/org/apache/commons/commons-exec/1.3/commons-exec-1.3.jar:/Users/ganeshranganathan/.m2/repository/net/jcip/jcip-annotations/1.0/jcip-annotations-1.0.jar:/Users/ganeshranganathan/.m2/repository/org/seleniumhq/selenium/jetty-repacked/9.4.12.v20180830/jetty-repacked-9.4.12.v20180830.jar:/Users/ganeshranganathan/.m2/repository/com/squareup/okhttp3/okhttp/3.11.0/okhttp-3.11.0.jar:/Users/ganeshranganathan/.m2/repository/com/squareup/okio/okio/1.14.0/okio-1.14.0.jar:/Users/ganeshranganathan/.m2/repository/javax/servlet/javax.servlet-api/3.1.0/javax.servlet-api-3.1.0.jar:/Users/ganeshranganathan/.m2/repository/org/yaml/snakeyaml/1.19/snakeyaml-1.19.jar:/Users/ganeshranganathan/.m2/repository/org/seleniumhq/selenium/selenium-java/3.141.59/selenium-java-3.141.59.jar:/Users/ganeshranganathan/.m2/repository/org/seleniumhq/selenium/selenium-api/3.141.59/selenium-api-3.141.59.jar:/Users/ganeshranganathan/.m2/repository/org/seleniumhq/selenium/selenium-chrome-driver/3.141.59/selenium-chrome-driver-3.141.59.jar:/Users/ganeshranganathan/.m2/repository/org/seleniumhq/selenium/selenium-edge-driver/3.141.59/selenium-edge-driver-3.141.59.jar:/Users/ganeshranganathan/.m2/repository/org/seleniumhq/selenium/selenium-remote-driver/3.141.59/selenium-remote-driver-3.141.59.jar:/Users/ganeshranganathan/.m2/repository/org/seleniumhq/selenium/selenium-safari-driver/3.141.59/selenium-safari-driver-3.141.59.jar:/Users/ganeshranganathan/.m2/repository/org/seleniumhq/selenium/selenium-opera-driver/3.141.59/selenium-opera-driver-3.141.59.jar:/Users/ganeshranganathan/.m2/repository/org/seleniumhq/selenium/selenium-support/3.141.59/selenium-support-3.141.59.jar:/Users/ganeshranganathan/.m2/repository/com/paulhammant/ngwebdriver/1.1.4/ngwebdriver-1.1.4.jar:/Users/ganeshranganathan/.m2/repository/com/codeborne/phantomjsdriver/1.4.4/phantomjsdriver-1.4.4.jar:/Users/ganeshranganathan/.m2/repository/org/eclipse/jetty/jetty-util/9.4.8.v20171121/jetty-util-9.4.8.v20171121.jar:/Users/ganeshranganathan/.m2/repository/org/eclipse/jetty/jetty-io/9.4.8.v20171121/jetty-io-9.4.8.v20171121.jar:/Users/ganeshranganathan/.m2/repository/org/seleniumhq/selenium/htmlunit-driver/2.33.1/htmlunit-driver-2.33.1.jar:/Users/ganeshranganathan/.m2/repository/io/appium/java-client/7.0.0/java-client-7.0.0.jar:/Users/ganeshranganathan/.m2/repository/commons-validator/commons-validator/1.6/commons-validator-1.6.jar:/Users/ganeshranganathan/.m2/repository/commons-beanutils/commons-beanutils/1.9.2/commons-beanutils-1.9.2.jar:/Users/ganeshranganathan/.m2/repository/commons-digester/commons-digester/1.8.1/commons-digester-1.8.1.jar:/Users/ganeshranganathan/.m2/repository/org/aspectj/aspectjweaver/1.9.1/aspectjweaver-1.9.1.jar:/Users/ganeshranganathan/.m2/repository/org/springframework/spring-context-support/5.1.2.RELEASE/spring-context-support-5.1.2.RELEASE.jar:/Users/ganeshranganathan/.m2/repository/org/springframework/spring-beans/5.1.2.RELEASE/spring-beans-5.1.2.RELEASE.jar:/Users/ganeshranganathan/.m2/repository/org/springframework/spring-context/5.1.2.RELEASE/spring-context-5.1.2.RELEASE.jar:/Users/ganeshranganathan/.m2/repository/org/springframework/spring-aop/5.1.2.RELEASE/spring-aop-5.1.2.RELEASE.jar:/Users/ganeshranganathan/.m2/repository/org/springframework/spring-expression/5.1.2.RELEASE/spring-expression-5.1.2.RELEASE.jar:/Users/ganeshranganathan/.m2/repository/org/springframework/spring-core/5.1.2.RELEASE/spring-core-5.1.2.RELEASE.jar:/Users/ganeshranganathan/.m2/repository/org/springframework/spring-jcl/5.1.2.RELEASE/spring-jcl-5.1.2.RELEASE.jar:/Users/ganeshranganathan/.m2/repository/org/glassfish/tyrus/tyrus-core/1.13.1/tyrus-core-1.13.1.jar:/Users/ganeshranganathan/.m2/repository/org/glassfish/tyrus/tyrus-spi/1.13.1/tyrus-spi-1.13.1.jar:/Users/ganeshranganathan/.m2/repository/javax/websocket/javax.websocket-api/1.1/javax.websocket-api-1.1.jar:/Users/ganeshranganathan/.m2/repository/org/codehaus/groovy/groovy/2.5.5/groovy-2.5.5.jar:/Users/ganeshranganathan/.m2/repository/net/sf/opencsv/opencsv/2.0/opencsv-2.0.jar:/Users/ganeshranganathan/.m2/repository/commons-beanutils/commons-beanutils-core/1.8.3/commons-beanutils-core-1.8.3.jar:/Users/ganeshranganathan/.m2/repository/joda-time/joda-time/2.7/joda-time-2.7.jar:/Users/ganeshranganathan/.m2/repository/com/thoughtworks/xstream/xstream/1.4.9/xstream-1.4.9.jar:/Users/ganeshranganathan/.m2/repository/xmlpull/xmlpull/1.1.3.1/xmlpull-1.1.3.1.jar:/Users/ganeshranganathan/.m2/repository/xpp3/xpp3_min/1.1.4c/xpp3_min-1.1.4c.jar:/Users/ganeshranganathan/.m2/repository/org/apache/commons/commons-lang3/3.8.1/commons-lang3-3.8.1.jar:/Users/ganeshranganathan/.m2/repository/commons-collections/commons-collections/3.2.2/commons-collections-3.2.2.jar:/Users/ganeshranganathan/.m2/repository/org/freemarker/freemarker/2.3.28/freemarker-2.3.28.jar:/Users/ganeshranganathan/.m2/repository/net/sourceforge/jexcelapi/jxl/2.6.12/jxl-2.6.12.jar:/Users/ganeshranganathan/.m2/repository/org/hamcrest/hamcrest-core/1.3/hamcrest-core-1.3.jar:/Users/ganeshranganathan/.m2/repository/org/hamcrest/hamcrest-library/1.3/hamcrest-library-1.3.jar:/Users/ganeshranganathan/.m2/repository/net/sourceforge/htmlunit/htmlunit/2.33/htmlunit-2.33.jar:/Users/ganeshranganathan/.m2/repository/net/sourceforge/htmlunit/htmlunit-core-js/2.33/htmlunit-core-js-2.33.jar:/Users/ganeshranganathan/.m2/repository/net/sourceforge/htmlunit/neko-htmlunit/2.33/neko-htmlunit-2.33.jar:/Users/ganeshranganathan/.m2/repository/xerces/xercesImpl/2.12.0/xercesImpl-2.12.0.jar:/Users/ganeshranganathan/.m2/repository/net/sourceforge/htmlunit/htmlunit-cssparser/1.2.0/htmlunit-cssparser-1.2.0.jar:/Users/ganeshranganathan/.m2/repository/org/eclipse/jetty/websocket/websocket-client/9.4.12.v20180830/websocket-client-9.4.12.v20180830.jar:/Users/ganeshranganathan/.m2/repository/org/eclipse/jetty/jetty-client/9.4.12.v20180830/jetty-client-9.4.12.v20180830.jar:/Users/ganeshranganathan/.m2/repository/org/eclipse/jetty/jetty-http/9.4.12.v20180830/jetty-http-9.4.12.v20180830.jar:/Users/ganeshranganathan/.m2/repository/org/eclipse/jetty/jetty-xml/9.4.12.v20180830/jetty-xml-9.4.12.v20180830.jar:/Users/ganeshranganathan/.m2/repository/org/eclipse/jetty/websocket/websocket-common/9.4.12.v20180830/websocket-common-9.4.12.v20180830.jar:/Users/ganeshranganathan/.m2/repository/org/eclipse/jetty/websocket/websocket-api/9.4.12.v20180830/websocket-api-9.4.12.v20180830.jar:/Users/ganeshranganathan/.m2/repository/org/apache/httpcomponents/httpclient/4.5.5/httpclient-4.5.5.jar:/Users/ganeshranganathan/.m2/repository/org/apache/httpcomponents/httpcore/4.4.9/httpcore-4.4.9.jar:/Users/ganeshranganathan/.m2/repository/org/apache/httpcomponents/httpmime/4.5.5/httpmime-4.5.5.jar:/Users/ganeshranganathan/.m2/repository/org/fluentlenium/fluentlenium-core/0.10.2/fluentlenium-core-0.10.2.jar:/Users/ganeshranganathan/.m2/repository/com/jhlabs/filters/2.0.235/filters-2.0.235.jar:/Users/ganeshranganathan/.m2/repository/org/asciidoctor/asciidoctorj/1.5.6/asciidoctorj-1.5.6.jar:/Users/ganeshranganathan/.m2/repository/org/jruby/jruby-complete/1.7.26/jruby-complete-1.7.26.jar:/Users/ganeshranganathan/.m2/repository/org/imgscalr/imgscalr-lib/4.2/imgscalr-lib-4.2.jar:/Users/ganeshranganathan/.m2/repository/javax/el/javax.el-api/2.2.4/javax.el-api-2.2.4.jar:/Users/ganeshranganathan/.m2/repository/org/glassfish/web/javax.el/2.2.4/javax.el-2.2.4.jar:/Users/ganeshranganathan/.m2/repository/xalan/xalan/2.7.2/xalan-2.7.2.jar:/Users/ganeshranganathan/.m2/repository/xalan/serializer/2.7.2/serializer-2.7.2.jar:/Users/ganeshranganathan/.m2/repository/org/awaitility/awaitility/3.1.0/awaitility-3.1.0.jar:/Users/ganeshranganathan/.m2/repository/com/typesafe/config/1.3.1/config-1.3.1.jar:/Users/ganeshranganathan/.m2/repository/org/jsoup/jsoup/1.10.3/jsoup-1.10.3.jar:/Users/ganeshranganathan/.m2/repository/com/google/jimfs/jimfs/1.1/jimfs-1.1.jar:/Users/ganeshranganathan/.m2/repository/es/nitaur/markdown/txtmark/0.16/txtmark-0.16.jar:/Users/ganeshranganathan/.m2/repository/com/vladsch/flexmark/flexmark-all/0.34.30/flexmark-all-0.34.30.jar:/Users/ganeshranganathan/.m2/repository/com/vladsch/flexmark/flexmark/0.34.30/flexmark-0.34.30.jar:/Users/ganeshranganathan/.m2/repository/com/vladsch/flexmark/flexmark-ext-abbreviation/0.34.30/flexmark-ext-abbreviation-0.34.30.jar:/Users/ganeshranganathan/.m2/repository/com/vladsch/flexmark/flexmark-ext-admonition/0.34.30/flexmark-ext-admonition-0.34.30.jar:/Users/ganeshranganathan/.m2/repository/com/vladsch/flexmark/flexmark-ext-anchorlink/0.34.30/flexmark-ext-anchorlink-0.34.30.jar:/Users/ganeshranganathan/.m2/repository/com/vladsch/flexmark/flexmark-ext-aside/0.34.30/flexmark-ext-aside-0.34.30.jar:/Users/ganeshranganathan/.m2/repository/com/vladsch/flexmark/flexmark-ext-attributes/0.34.30/flexmark-ext-attributes-0.34.30.jar:/Users/ganeshranganathan/.m2/repository/com/vladsch/flexmark/flexmark-ext-autolink/0.34.30/flexmark-ext-autolink-0.34.30.jar:/Users/ganeshranganathan/.m2/repository/org/nibor/autolink/autolink/0.6.0/autolink-0.6.0.jar:/Users/ganeshranganathan/.m2/repository/com/vladsch/flexmark/flexmark-ext-definition/0.34.30/flexmark-ext-definition-0.34.30.jar:/Users/ganeshranganathan/.m2/repository/com/vladsch/flexmark/flexmark-ext-emoji/0.34.30/flexmark-ext-emoji-0.34.30.jar:/Users/ganeshranganathan/.m2/repository/com/vladsch/flexmark/flexmark-ext-enumerated-reference/0.34.30/flexmark-ext-enumerated-reference-0.34.30.jar:/Users/ganeshranganathan/.m2/repository/com/vladsch/flexmark/flexmark-ext-escaped-character/0.34.30/flexmark-ext-escaped-character-0.34.30.jar:/Users/ganeshranganathan/.m2/repository/com/vladsch/flexmark/flexmark-ext-footnotes/0.34.30/flexmark-ext-footnotes-0.34.30.jar:/Users/ganeshranganathan/.m2/repository/com/vladsch/flexmark/flexmark-ext-gfm-issues/0.34.30/flexmark-ext-gfm-issues-0.34.30.jar:/Users/ganeshranganathan/.m2/repository/com/vladsch/flexmark/flexmark-ext-gfm-strikethrough/0.34.30/flexmark-ext-gfm-strikethrough-0.34.30.jar:/Users/ganeshranganathan/.m2/repository/com/vladsch/flexmark/flexmark-ext-gfm-tables/0.34.30/flexmark-ext-gfm-tables-0.34.30.jar:/Users/ganeshranganathan/.m2/repository/com/vladsch/flexmark/flexmark-ext-gfm-tasklist/0.34.30/flexmark-ext-gfm-tasklist-0.34.30.jar:/Users/ganeshranganathan/.m2/repository/com/vladsch/flexmark/flexmark-ext-gfm-users/0.34.30/flexmark-ext-gfm-users-0.34.30.jar:/Users/ganeshranganathan/.m2/repository/com/vladsch/flexmark/flexmark-ext-gitlab/0.34.30/flexmark-ext-gitlab-0.34.30.jar:/Users/ganeshranganathan/.m2/repository/com/vladsch/flexmark/flexmark-ext-jekyll-front-matter/0.34.30/flexmark-ext-jekyll-front-matter-0.34.30.jar:/Users/ganeshranganathan/.m2/repository/com/vladsch/flexmark/flexmark-ext-jekyll-tag/0.34.30/flexmark-ext-jekyll-tag-0.34.30.jar:/Users/ganeshranganathan/.m2/repository/com/vladsch/flexmark/flexmark-ext-media-tags/0.34.30/flexmark-ext-media-tags-0.34.30.jar:/Users/ganeshranganathan/.m2/repository/com/vladsch/flexmark/flexmark-test-util/0.34.30/flexmark-test-util-0.34.30.jar:/Users/ganeshranganathan/.m2/repository/com/vladsch/flexmark/flexmark-ext-ins/0.34.30/flexmark-ext-ins-0.34.30.jar:/Users/ganeshranganathan/.m2/repository/com/vladsch/flexmark/flexmark-ext-xwiki-macros/0.34.30/flexmark-ext-xwiki-macros-0.34.30.jar:/Users/ganeshranganathan/.m2/repository/com/vladsch/flexmark/flexmark-ext-superscript/0.34.30/flexmark-ext-superscript-0.34.30.jar:/Users/ganeshranganathan/.m2/repository/com/vladsch/flexmark/flexmark-ext-tables/0.34.30/flexmark-ext-tables-0.34.30.jar:/Users/ganeshranganathan/.m2/repository/com/vladsch/flexmark/flexmark-ext-toc/0.34.30/flexmark-ext-toc-0.34.30.jar:/Users/ganeshranganathan/.m2/repository/com/vladsch/flexmark/flexmark-ext-typographic/0.34.30/flexmark-ext-typographic-0.34.30.jar:/Users/ganeshranganathan/.m2/repository/com/vladsch/flexmark/flexmark-ext-wikilink/0.34.30/flexmark-ext-wikilink-0.34.30.jar:/Users/ganeshranganathan/.m2/repository/com/vladsch/flexmark/flexmark-ext-yaml-front-matter/0.34.30/flexmark-ext-yaml-front-matter-0.34.30.jar:/Users/ganeshranganathan/.m2/repository/com/vladsch/flexmark/flexmark-ext-youtube-embedded/0.34.30/flexmark-ext-youtube-embedded-0.34.30.jar:/Users/ganeshranganathan/.m2/repository/com/vladsch/flexmark/flexmark-formatter/0.34.30/flexmark-formatter-0.34.30.jar:/Users/ganeshranganathan/.m2/repository/com/vladsch/flexmark/flexmark-html-parser/0.34.30/flexmark-html-parser-0.34.30.jar:/Users/ganeshranganathan/.m2/repository/com/vladsch/flexmark/flexmark-jira-converter/0.34.30/flexmark-jira-converter-0.34.30.jar:/Users/ganeshranganathan/.m2/repository/com/vladsch/flexmark/flexmark-pdf-converter/0.34.30/flexmark-pdf-converter-0.34.30.jar:/Users/ganeshranganathan/.m2/repository/com/openhtmltopdf/openhtmltopdf-core/0.0.1-RC13/openhtmltopdf-core-0.0.1-RC13.jar:/Users/ganeshranganathan/.m2/repository/com/openhtmltopdf/openhtmltopdf-pdfbox/0.0.1-RC13/openhtmltopdf-pdfbox-0.0.1-RC13.jar:/Users/ganeshranganathan/.m2/repository/org/apache/pdfbox/pdfbox/2.0.8/pdfbox-2.0.8.jar:/Users/ganeshranganathan/.m2/repository/org/apache/pdfbox/fontbox/2.0.8/fontbox-2.0.8.jar:/Users/ganeshranganathan/.m2/repository/org/apache/pdfbox/xmpbox/2.0.8/xmpbox-2.0.8.jar:/Users/ganeshranganathan/.m2/repository/de/rototor/pdfbox/graphics2d/0.12/graphics2d-0.12.jar:/Users/ganeshranganathan/.m2/repository/com/openhtmltopdf/openhtmltopdf-rtl-support/0.0.1-RC13/openhtmltopdf-rtl-support-0.0.1-RC13.jar:/Users/ganeshranganathan/.m2/repository/com/ibm/icu/icu4j/59.1/icu4j-59.1.jar:/Users/ganeshranganathan/.m2/repository/com/openhtmltopdf/openhtmltopdf-jsoup-dom-converter/0.0.1-RC13/openhtmltopdf-jsoup-dom-converter-0.0.1-RC13.jar:/Users/ganeshranganathan/.m2/repository/com/vladsch/flexmark/flexmark-profile-pegdown/0.34.30/flexmark-profile-pegdown-0.34.30.jar:/Users/ganeshranganathan/.m2/repository/com/vladsch/flexmark/flexmark-util/0.34.30/flexmark-util-0.34.30.jar:/Users/ganeshranganathan/.m2/repository/com/vladsch/flexmark/flexmark-youtrack-converter/0.34.30/flexmark-youtrack-converter-0.34.30.jar:/Users/ganeshranganathan/.m2/repository/net/serenity-bdd/serenity-rest-assured/2.0.69/serenity-rest-assured-2.0.69.jar:/Users/ganeshranganathan/.m2/repository/io/rest-assured/rest-assured/3.3.0/rest-assured-3.3.0.jar:/Users/ganeshranganathan/.m2/repository/org/ccil/cowan/tagsoup/tagsoup/1.2.1/tagsoup-1.2.1.jar:/Users/ganeshranganathan/.m2/repository/io/rest-assured/json-path/3.3.0/json-path-3.3.0.jar:/Users/ganeshranganathan/.m2/repository/io/rest-assured/rest-assured-common/3.3.0/rest-assured-common-3.3.0.jar:/Users/ganeshranganathan/.m2/repository/io/rest-assured/xml-path/3.3.0/xml-path-3.3.0.jar:/Users/ganeshranganathan/.m2/repository/com/sun/xml/bind/jaxb-osgi/2.2.10/jaxb-osgi-2.2.10.jar:/Users/ganeshranganathan/.m2/repository/org/apache/sling/org.apache.sling.javax.activation/0.1.0/org.apache.sling.javax.activation-0.1.0.jar:/Users/ganeshranganathan/.m2/repository/org/codehaus/groovy/groovy-xml/2.5.5/groovy-xml-2.5.5.jar:/Users/ganeshranganathan/.m2/repository/org/codehaus/groovy/groovy-json/2.5.5/groovy-json-2.5.5.jar:/Users/ganeshranganathan/.m2/repository/net/serenity-bdd/serenity-junit/2.0.69/serenity-junit-2.0.69.jar:/Users/ganeshranganathan/.m2/repository/ch/qos/logback/logback-classic/1.0.13/logback-classic-1.0.13.jar:/Users/ganeshranganathan/.m2/repository/ch/qos/logback/logback-core/1.0.13/logback-core-1.0.13.jar:/Users/ganeshranganathan/.m2/repository/junit/junit/4.12/junit-4.12.jar:/Users/ganeshranganathan/.m2/repository/org/assertj/assertj-core/3.6.2/assertj-core-3.6.2.jar:/Users/ganeshranganathan/.m2/repository/org/hamcrest/hamcrest-all/1.3/hamcrest-all-1.3.jar:"/>
    <property name="java.vm.vendor" value="Oracle Corporation"/>
    <property name="sun.arch.data.model" value="64"/>
    <property name="java.vendor.url" value="http://java.oracle.com/"/>
    <property name="user.timezone" value="Australia/Sydney"/>
    <property name="java.vm.specification.version" value="1.8"/>
    <property name="os.name" value="Mac OS X"/>
    <property name="user.country" value="AU"/>
    <property name="sun.java.launcher" value="SUN_STANDARD"/>
    <property name="sun.boot.library.path" value="/Library/Java/JavaVirtualMachines/jdk1.8.0_211.jdk/Contents/Home/jre/lib"/>
    <property name="sun.java.command" value="/QE_API_CHALLENGE-master/target/surefire/surefirebooter2674417228737379963.jar /QE_API_CHALLENGE-master/target/surefire 2019-11-23T07-42-20_899-jvmRun2 surefire6484286873508992403tmp surefire_01526476292920049926tmp"/>
    <property name="surefire.test.class.path" value="/QE_API_CHALLENGE-master/target/test-classes:/QE_API_CHALLENGE-master/target/serenity-rest-assured-automation-0.0.1-SNAPSHOT.jar:/Users/ganeshranganathan/.m2/repository/net/serenity-bdd/serenity-core/2.0.69/serenity-core-2.0.69.jar:/Users/ganeshranganathan/.m2/repository/net/bytebuddy/byte-buddy/1.9.12/byte-buddy-1.9.12.jar:/Users/ganeshranganathan/.m2/repository/net/bytebuddy/byte-buddy-agent/1.9.12/byte-buddy-agent-1.9.12.jar:/Users/ganeshranganathan/.m2/repository/com/google/guava/guava/25.0-jre/guava-25.0-jre.jar:/Users/ganeshranganathan/.m2/repository/com/google/code/findbugs/jsr305/1.3.9/jsr305-1.3.9.jar:/Users/ganeshranganathan/.m2/repository/org/checkerframework/checker-compat-qual/2.0.0/checker-compat-qual-2.0.0.jar:/Users/ganeshranganathan/.m2/repository/com/google/errorprone/error_prone_annotations/2.1.3/error_prone_annotations-2.1.3.jar:/Users/ganeshranganathan/.m2/repository/com/google/j2objc/j2objc-annotations/1.1/j2objc-annotations-1.1.jar:/Users/ganeshranganathan/.m2/repository/org/codehaus/mojo/animal-sniffer-annotations/1.14/animal-sniffer-annotations-1.14.jar:/Users/ganeshranganathan/.m2/repository/com/google/inject/guice/4.2.2/guice-4.2.2.jar:/Users/ganeshranganathan/.m2/repository/javax/inject/javax.inject/1/javax.inject-1.jar:/Users/ganeshranganathan/.m2/repository/aopalliance/aopalliance/1.0/aopalliance-1.0.jar:/Users/ganeshranganathan/.m2/repository/cglib/cglib/3.2.5/cglib-3.2.5.jar:/Users/ganeshranganathan/.m2/repository/org/ow2/asm/asm/5.0.3/asm-5.0.3.jar:/Users/ganeshranganathan/.m2/repository/commons-codec/commons-codec/1.10/commons-codec-1.10.jar:/Users/ganeshranganathan/.m2/repository/org/objenesis/objenesis/2.6/objenesis-2.6.jar:/Users/ganeshranganathan/.m2/repository/org/slf4j/slf4j-api/1.7.25/slf4j-api-1.7.25.jar:/Users/ganeshranganathan/.m2/repository/xml-apis/xml-apis/1.4.01/xml-apis-1.4.01.jar:/Users/ganeshranganathan/.m2/repository/io/cucumber/cucumber-core/2.4.0/cucumber-core-2.4.0.jar:/Users/ganeshranganathan/.m2/repository/info/cukes/cucumber-html/0.2.6/cucumber-html-0.2.6.jar:/Users/ganeshranganathan/.m2/repository/io/cucumber/cucumber-jvm-deps/1.0.6/cucumber-jvm-deps-1.0.6.jar:/Users/ganeshranganathan/.m2/repository/io/cucumber/gherkin/5.0.0/gherkin-5.0.0.jar:/Users/ganeshranganathan/.m2/repository/io/cucumber/tag-expressions/1.1.1/tag-expressions-1.1.1.jar:/Users/ganeshranganathan/.m2/repository/commons-logging/commons-logging/1.2/commons-logging-1.2.jar:/Users/ganeshranganathan/.m2/repository/io/vavr/vavr/0.9.0/vavr-0.9.0.jar:/Users/ganeshranganathan/.m2/repository/io/vavr/vavr-match/0.9.0/vavr-match-0.9.0.jar:/Users/ganeshranganathan/.m2/repository/javax/xml/bind/jaxb-api/2.2.12/jaxb-api-2.2.12.jar:/Users/ganeshranganathan/.m2/repository/com/sun/xml/bind/jaxb-core/2.3.0.1/jaxb-core-2.3.0.1.jar:/Users/ganeshranganathan/.m2/repository/com/sun/xml/bind/jaxb-impl/2.3.0.1/jaxb-impl-2.3.0.1.jar:/Users/ganeshranganathan/.m2/repository/javax/activation/activation/1.1.1/activation-1.1.1.jar:/Users/ganeshranganathan/.m2/repository/org/mockito/mockito-core/2.25.0/mockito-core-2.25.0.jar:/Users/ganeshranganathan/.m2/repository/net/serenity-bdd/serenity-report-resources/2.0.69/serenity-report-resources-2.0.69.jar:/Users/ganeshranganathan/.m2/repository/net/serenity-bdd/serenity-model/2.0.69/serenity-model-2.0.69.jar:/Users/ganeshranganathan/.m2/repository/commons-net/commons-net/3.6/commons-net-3.6.jar:/Users/ganeshranganathan/.m2/repository/org/apache/commons/commons-text/1.6/commons-text-1.6.jar:/Users/ganeshranganathan/.m2/repository/net/serenity-bdd/serenity-reports/2.0.69/serenity-reports-2.0.69.jar:/Users/ganeshranganathan/.m2/repository/net/serenity-bdd/serenity-stats/2.0.69/serenity-stats-2.0.69.jar:/Users/ganeshranganathan/.m2/repository/org/jetbrains/kotlin/kotlin-stdlib/1.3.31/kotlin-stdlib-1.3.31.jar:/Users/ganeshranganathan/.m2/repository/org/jetbrains/kotlin/kotlin-stdlib-common/1.3.31/kotlin-stdlib-common-1.3.31.jar:/Users/ganeshranganathan/.m2/repository/org/jetbrains/annotations/13.0/annotations-13.0.jar:/Users/ganeshranganathan/.m2/repository/com/google/code/gson/gson/2.8.4/gson-2.8.4.jar:/Users/ganeshranganathan/.m2/repository/commons-io/commons-io/2.6/commons-io-2.6.jar:/Users/ganeshranganathan/.m2/repository/org/seleniumhq/selenium/selenium-server/3.141.59/selenium-server-3.141.59.jar:/Users/ganeshranganathan/.m2/repository/org/seleniumhq/selenium/selenium-firefox-driver/3.141.59/selenium-firefox-driver-3.141.59.jar:/Users/ganeshranganathan/.m2/repository/org/seleniumhq/selenium/selenium-ie-driver/3.141.59/selenium-ie-driver-3.141.59.jar:/Users/ganeshranganathan/.m2/repository/com/beust/jcommander/1.72/jcommander-1.72.jar:/Users/ganeshranganathan/.m2/repository/org/apache/commons/commons-exec/1.3/commons-exec-1.3.jar:/Users/ganeshranganathan/.m2/repository/net/jcip/jcip-annotations/1.0/jcip-annotations-1.0.jar:/Users/ganeshranganathan/.m2/repository/org/seleniumhq/selenium/jetty-repacked/9.4.12.v20180830/jetty-repacked-9.4.12.v20180830.jar:/Users/ganeshranganathan/.m2/repository/com/squareup/okhttp3/okhttp/3.11.0/okhttp-3.11.0.jar:/Users/ganeshranganathan/.m2/repository/com/squareup/okio/okio/1.14.0/okio-1.14.0.jar:/Users/ganeshranganathan/.m2/repository/javax/servlet/javax.servlet-api/3.1.0/javax.servlet-api-3.1.0.jar:/Users/ganeshranganathan/.m2/repository/org/yaml/snakeyaml/1.19/snakeyaml-1.19.jar:/Users/ganeshranganathan/.m2/repository/org/seleniumhq/selenium/selenium-java/3.141.59/selenium-java-3.141.59.jar:/Users/ganeshranganathan/.m2/repository/org/seleniumhq/selenium/selenium-api/3.141.59/selenium-api-3.141.59.jar:/Users/ganeshranganathan/.m2/repository/org/seleniumhq/selenium/selenium-chrome-driver/3.141.59/selenium-chrome-driver-3.141.59.jar:/Users/ganeshranganathan/.m2/repository/org/seleniumhq/selenium/selenium-edge-driver/3.141.59/selenium-edge-driver-3.141.59.jar:/Users/ganeshranganathan/.m2/repository/org/seleniumhq/selenium/selenium-remote-driver/3.141.59/selenium-remote-driver-3.141.59.jar:/Users/ganeshranganathan/.m2/repository/org/seleniumhq/selenium/selenium-safari-driver/3.141.59/selenium-safari-driver-3.141.59.jar:/Users/ganeshranganathan/.m2/repository/org/seleniumhq/selenium/selenium-opera-driver/3.141.59/selenium-opera-driver-3.141.59.jar:/Users/ganeshranganathan/.m2/repository/org/seleniumhq/selenium/selenium-support/3.141.59/selenium-support-3.141.59.jar:/Users/ganeshranganathan/.m2/repository/com/paulhammant/ngwebdriver/1.1.4/ngwebdriver-1.1.4.jar:/Users/ganeshranganathan/.m2/repository/com/codeborne/phantomjsdriver/1.4.4/phantomjsdriver-1.4.4.jar:/Users/ganeshranganathan/.m2/repository/org/eclipse/jetty/jetty-util/9.4.8.v20171121/jetty-util-9.4.8.v20171121.jar:/Users/ganeshranganathan/.m2/repository/org/eclipse/jetty/jetty-io/9.4.8.v20171121/jetty-io-9.4.8.v20171121.jar:/Users/ganeshranganathan/.m2/repository/org/seleniumhq/selenium/htmlunit-driver/2.33.1/htmlunit-driver-2.33.1.jar:/Users/ganeshranganathan/.m2/repository/io/appium/java-client/7.0.0/java-client-7.0.0.jar:/Users/ganeshranganathan/.m2/repository/commons-validator/commons-validator/1.6/commons-validator-1.6.jar:/Users/ganeshranganathan/.m2/repository/commons-beanutils/commons-beanutils/1.9.2/commons-beanutils-1.9.2.jar:/Users/ganeshranganathan/.m2/repository/commons-digester/commons-digester/1.8.1/commons-digester-1.8.1.jar:/Users/ganeshranganathan/.m2/repository/org/aspectj/aspectjweaver/1.9.1/aspectjweaver-1.9.1.jar:/Users/ganeshranganathan/.m2/repository/org/springframework/spring-context-support/5.1.2.RELEASE/spring-context-support-5.1.2.RELEASE.jar:/Users/ganeshranganathan/.m2/repository/org/springframework/spring-beans/5.1.2.RELEASE/spring-beans-5.1.2.RELEASE.jar:/Users/ganeshranganathan/.m2/repository/org/springframework/spring-context/5.1.2.RELEASE/spring-context-5.1.2.RELEASE.jar:/Users/ganeshranganathan/.m2/repository/org/springframework/spring-aop/5.1.2.RELEASE/spring-aop-5.1.2.RELEASE.jar:/Users/ganeshranganathan/.m2/repository/org/springframework/spring-expression/5.1.2.RELEASE/spring-expression-5.1.2.RELEASE.jar:/Users/ganeshranganathan/.m2/repository/org/springframework/spring-core/5.1.2.RELEASE/spring-core-5.1.2.RELEASE.jar:/Users/ganeshranganathan/.m2/repository/org/springframework/spring-jcl/5.1.2.RELEASE/spring-jcl-5.1.2.RELEASE.jar:/Users/ganeshranganathan/.m2/repository/org/glassfish/tyrus/tyrus-core/1.13.1/tyrus-core-1.13.1.jar:/Users/ganeshranganathan/.m2/repository/org/glassfish/tyrus/tyrus-spi/1.13.1/tyrus-spi-1.13.1.jar:/Users/ganeshranganathan/.m2/repository/javax/websocket/javax.websocket-api/1.1/javax.websocket-api-1.1.jar:/Users/ganeshranganathan/.m2/repository/org/codehaus/groovy/groovy/2.5.5/groovy-2.5.5.jar:/Users/ganeshranganathan/.m2/repository/net/sf/opencsv/opencsv/2.0/opencsv-2.0.jar:/Users/ganeshranganathan/.m2/repository/commons-beanutils/commons-beanutils-core/1.8.3/commons-beanutils-core-1.8.3.jar:/Users/ganeshranganathan/.m2/repository/joda-time/joda-time/2.7/joda-time-2.7.jar:/Users/ganeshranganathan/.m2/repository/com/thoughtworks/xstream/xstream/1.4.9/xstream-1.4.9.jar:/Users/ganeshranganathan/.m2/repository/xmlpull/xmlpull/1.1.3.1/xmlpull-1.1.3.1.jar:/Users/ganeshranganathan/.m2/repository/xpp3/xpp3_min/1.1.4c/xpp3_min-1.1.4c.jar:/Users/ganeshranganathan/.m2/repository/org/apache/commons/commons-lang3/3.8.1/commons-lang3-3.8.1.jar:/Users/ganeshranganathan/.m2/repository/commons-collections/commons-collections/3.2.2/commons-collections-3.2.2.jar:/Users/ganeshranganathan/.m2/repository/org/freemarker/freemarker/2.3.28/freemarker-2.3.28.jar:/Users/ganeshranganathan/.m2/repository/net/sourceforge/jexcelapi/jxl/2.6.12/jxl-2.6.12.jar:/Users/ganeshranganathan/.m2/repository/org/hamcrest/hamcrest-core/1.3/hamcrest-core-1.3.jar:/Users/ganeshranganathan/.m2/repository/org/hamcrest/hamcrest-library/1.3/hamcrest-library-1.3.jar:/Users/ganeshranganathan/.m2/repository/net/sourceforge/htmlunit/htmlunit/2.33/htmlunit-2.33.jar:/Users/ganeshranganathan/.m2/repository/net/sourceforge/htmlunit/htmlunit-core-js/2.33/htmlunit-core-js-2.33.jar:/Users/ganeshranganathan/.m2/repository/net/sourceforge/htmlunit/neko-htmlunit/2.33/neko-htmlunit-2.33.jar:/Users/ganeshranganathan/.m2/repository/xerces/xercesImpl/2.12.0/xercesImpl-2.12.0.jar:/Users/ganeshranganathan/.m2/repository/net/sourceforge/htmlunit/htmlunit-cssparser/1.2.0/htmlunit-cssparser-1.2.0.jar:/Users/ganeshranganathan/.m2/repository/org/eclipse/jetty/websocket/websocket-client/9.4.12.v20180830/websocket-client-9.4.12.v20180830.jar:/Users/ganeshranganathan/.m2/repository/org/eclipse/jetty/jetty-client/9.4.12.v20180830/jetty-client-9.4.12.v20180830.jar:/Users/ganeshranganathan/.m2/repository/org/eclipse/jetty/jetty-http/9.4.12.v20180830/jetty-http-9.4.12.v20180830.jar:/Users/ganeshranganathan/.m2/repository/org/eclipse/jetty/jetty-xml/9.4.12.v20180830/jetty-xml-9.4.12.v20180830.jar:/Users/ganeshranganathan/.m2/repository/org/eclipse/jetty/websocket/websocket-common/9.4.12.v20180830/websocket-common-9.4.12.v20180830.jar:/Users/ganeshranganathan/.m2/repository/org/eclipse/jetty/websocket/websocket-api/9.4.12.v20180830/websocket-api-9.4.12.v20180830.jar:/Users/ganeshranganathan/.m2/repository/org/apache/httpcomponents/httpclient/4.5.5/httpclient-4.5.5.jar:/Users/ganeshranganathan/.m2/repository/org/apache/httpcomponents/httpcore/4.4.9/httpcore-4.4.9.jar:/Users/ganeshranganathan/.m2/repository/org/apache/httpcomponents/httpmime/4.5.5/httpmime-4.5.5.jar:/Users/ganeshranganathan/.m2/repository/org/fluentlenium/fluentlenium-core/0.10.2/fluentlenium-core-0.10.2.jar:/Users/ganeshranganathan/.m2/repository/com/jhlabs/filters/2.0.235/filters-2.0.235.jar:/Users/ganeshranganathan/.m2/repository/org/asciidoctor/asciidoctorj/1.5.6/asciidoctorj-1.5.6.jar:/Users/ganeshranganathan/.m2/repository/org/jruby/jruby-complete/1.7.26/jruby-complete-1.7.26.jar:/Users/ganeshranganathan/.m2/repository/org/imgscalr/imgscalr-lib/4.2/imgscalr-lib-4.2.jar:/Users/ganeshranganathan/.m2/repository/javax/el/javax.el-api/2.2.4/javax.el-api-2.2.4.jar:/Users/ganeshranganathan/.m2/repository/org/glassfish/web/javax.el/2.2.4/javax.el-2.2.4.jar:/Users/ganeshranganathan/.m2/repository/xalan/xalan/2.7.2/xalan-2.7.2.jar:/Users/ganeshranganathan/.m2/repository/xalan/serializer/2.7.2/serializer-2.7.2.jar:/Users/ganeshranganathan/.m2/repository/org/awaitility/awaitility/3.1.0/awaitility-3.1.0.jar:/Users/ganeshranganathan/.m2/repository/com/typesafe/config/1.3.1/config-1.3.1.jar:/Users/ganeshranganathan/.m2/repository/org/jsoup/jsoup/1.10.3/jsoup-1.10.3.jar:/Users/ganeshranganathan/.m2/repository/com/google/jimfs/jimfs/1.1/jimfs-1.1.jar:/Users/ganeshranganathan/.m2/repository/es/nitaur/markdown/txtmark/0.16/txtmark-0.16.jar:/Users/ganeshranganathan/.m2/repository/com/vladsch/flexmark/flexmark-all/0.34.30/flexmark-all-0.34.30.jar:/Users/ganeshranganathan/.m2/repository/com/vladsch/flexmark/flexmark/0.34.30/flexmark-0.34.30.jar:/Users/ganeshranganathan/.m2/repository/com/vladsch/flexmark/flexmark-ext-abbreviation/0.34.30/flexmark-ext-abbreviation-0.34.30.jar:/Users/ganeshranganathan/.m2/repository/com/vladsch/flexmark/flexmark-ext-admonition/0.34.30/flexmark-ext-admonition-0.34.30.jar:/Users/ganeshranganathan/.m2/repository/com/vladsch/flexmark/flexmark-ext-anchorlink/0.34.30/flexmark-ext-anchorlink-0.34.30.jar:/Users/ganeshranganathan/.m2/repository/com/vladsch/flexmark/flexmark-ext-aside/0.34.30/flexmark-ext-aside-0.34.30.jar:/Users/ganeshranganathan/.m2/repository/com/vladsch/flexmark/flexmark-ext-attributes/0.34.30/flexmark-ext-attributes-0.34.30.jar:/Users/ganeshranganathan/.m2/repository/com/vladsch/flexmark/flexmark-ext-autolink/0.34.30/flexmark-ext-autolink-0.34.30.jar:/Users/ganeshranganathan/.m2/repository/org/nibor/autolink/autolink/0.6.0/autolink-0.6.0.jar:/Users/ganeshranganathan/.m2/repository/com/vladsch/flexmark/flexmark-ext-definition/0.34.30/flexmark-ext-definition-0.34.30.jar:/Users/ganeshranganathan/.m2/repository/com/vladsch/flexmark/flexmark-ext-emoji/0.34.30/flexmark-ext-emoji-0.34.30.jar:/Users/ganeshranganathan/.m2/repository/com/vladsch/flexmark/flexmark-ext-enumerated-reference/0.34.30/flexmark-ext-enumerated-reference-0.34.30.jar:/Users/ganeshranganathan/.m2/repository/com/vladsch/flexmark/flexmark-ext-escaped-character/0.34.30/flexmark-ext-escaped-character-0.34.30.jar:/Users/ganeshranganathan/.m2/repository/com/vladsch/flexmark/flexmark-ext-footnotes/0.34.30/flexmark-ext-footnotes-0.34.30.jar:/Users/ganeshranganathan/.m2/repository/com/vladsch/flexmark/flexmark-ext-gfm-issues/0.34.30/flexmark-ext-gfm-issues-0.34.30.jar:/Users/ganeshranganathan/.m2/repository/com/vladsch/flexmark/flexmark-ext-gfm-strikethrough/0.34.30/flexmark-ext-gfm-strikethrough-0.34.30.jar:/Users/ganeshranganathan/.m2/repository/com/vladsch/flexmark/flexmark-ext-gfm-tables/0.34.30/flexmark-ext-gfm-tables-0.34.30.jar:/Users/ganeshranganathan/.m2/repository/com/vladsch/flexmark/flexmark-ext-gfm-tasklist/0.34.30/flexmark-ext-gfm-tasklist-0.34.30.jar:/Users/ganeshranganathan/.m2/repository/com/vladsch/flexmark/flexmark-ext-gfm-users/0.34.30/flexmark-ext-gfm-users-0.34.30.jar:/Users/ganeshranganathan/.m2/repository/com/vladsch/flexmark/flexmark-ext-gitlab/0.34.30/flexmark-ext-gitlab-0.34.30.jar:/Users/ganeshranganathan/.m2/repository/com/vladsch/flexmark/flexmark-ext-jekyll-front-matter/0.34.30/flexmark-ext-jekyll-front-matter-0.34.30.jar:/Users/ganeshranganathan/.m2/repository/com/vladsch/flexmark/flexmark-ext-jekyll-tag/0.34.30/flexmark-ext-jekyll-tag-0.34.30.jar:/Users/ganeshranganathan/.m2/repository/com/vladsch/flexmark/flexmark-ext-media-tags/0.34.30/flexmark-ext-media-tags-0.34.30.jar:/Users/ganeshranganathan/.m2/repository/com/vladsch/flexmark/flexmark-test-util/0.34.30/flexmark-test-util-0.34.30.jar:/Users/ganeshranganathan/.m2/repository/com/vladsch/flexmark/flexmark-ext-ins/0.34.30/flexmark-ext-ins-0.34.30.jar:/Users/ganeshranganathan/.m2/repository/com/vladsch/flexmark/flexmark-ext-xwiki-macros/0.34.30/flexmark-ext-xwiki-macros-0.34.30.jar:/Users/ganeshranganathan/.m2/repository/com/vladsch/flexmark/flexmark-ext-superscript/0.34.30/flexmark-ext-superscript-0.34.30.jar:/Users/ganeshranganathan/.m2/repository/com/vladsch/flexmark/flexmark-ext-tables/0.34.30/flexmark-ext-tables-0.34.30.jar:/Users/ganeshranganathan/.m2/repository/com/vladsch/flexmark/flexmark-ext-toc/0.34.30/flexmark-ext-toc-0.34.30.jar:/Users/ganeshranganathan/.m2/repository/com/vladsch/flexmark/flexmark-ext-typographic/0.34.30/flexmark-ext-typographic-0.34.30.jar:/Users/ganeshranganathan/.m2/repository/com/vladsch/flexmark/flexmark-ext-wikilink/0.34.30/flexmark-ext-wikilink-0.34.30.jar:/Users/ganeshranganathan/.m2/repository/com/vladsch/flexmark/flexmark-ext-yaml-front-matter/0.34.30/flexmark-ext-yaml-front-matter-0.34.30.jar:/Users/ganeshranganathan/.m2/repository/com/vladsch/flexmark/flexmark-ext-youtube-embedded/0.34.30/flexmark-ext-youtube-embedded-0.34.30.jar:/Users/ganeshranganathan/.m2/repository/com/vladsch/flexmark/flexmark-formatter/0.34.30/flexmark-formatter-0.34.30.jar:/Users/ganeshranganathan/.m2/repository/com/vladsch/flexmark/flexmark-html-parser/0.34.30/flexmark-html-parser-0.34.30.jar:/Users/ganeshranganathan/.m2/repository/com/vladsch/flexmark/flexmark-jira-converter/0.34.30/flexmark-jira-converter-0.34.30.jar:/Users/ganeshranganathan/.m2/repository/com/vladsch/flexmark/flexmark-pdf-converter/0.34.30/flexmark-pdf-converter-0.34.30.jar:/Users/ganeshranganathan/.m2/repository/com/openhtmltopdf/openhtmltopdf-core/0.0.1-RC13/openhtmltopdf-core-0.0.1-RC13.jar:/Users/ganeshranganathan/.m2/repository/com/openhtmltopdf/openhtmltopdf-pdfbox/0.0.1-RC13/openhtmltopdf-pdfbox-0.0.1-RC13.jar:/Users/ganeshranganathan/.m2/repository/org/apache/pdfbox/pdfbox/2.0.8/pdfbox-2.0.8.jar:/Users/ganeshranganathan/.m2/repository/org/apache/pdfbox/fontbox/2.0.8/fontbox-2.0.8.jar:/Users/ganeshranganathan/.m2/repository/org/apache/pdfbox/xmpbox/2.0.8/xmpbox-2.0.8.jar:/Users/ganeshranganathan/.m2/repository/de/rototor/pdfbox/graphics2d/0.12/graphics2d-0.12.jar:/Users/ganeshranganathan/.m2/repository/com/openhtmltopdf/openhtmltopdf-rtl-support/0.0.1-RC13/openhtmltopdf-rtl-support-0.0.1-RC13.jar:/Users/ganeshranganathan/.m2/repository/com/ibm/icu/icu4j/59.1/icu4j-59.1.jar:/Users/ganeshranganathan/.m2/repository/com/openhtmltopdf/openhtmltopdf-jsoup-dom-converter/0.0.1-RC13/openhtmltopdf-jsoup-dom-converter-0.0.1-RC13.jar:/Users/ganeshranganathan/.m2/repository/com/vladsch/flexmark/flexmark-profile-pegdown/0.34.30/flexmark-profile-pegdown-0.34.30.jar:/Users/ganeshranganathan/.m2/repository/com/vladsch/flexmark/flexmark-util/0.34.30/flexmark-util-0.34.30.jar:/Users/ganeshranganathan/.m2/repository/com/vladsch/flexmark/flexmark-youtrack-converter/0.34.30/flexmark-youtrack-converter-0.34.30.jar:/Users/ganeshranganathan/.m2/repository/net/serenity-bdd/serenity-rest-assured/2.0.69/serenity-rest-assured-2.0.69.jar:/Users/ganeshranganathan/.m2/repository/io/rest-assured/rest-assured/3.3.0/rest-assured-3.3.0.jar:/Users/ganeshranganathan/.m2/repository/org/ccil/cowan/tagsoup/tagsoup/1.2.1/tagsoup-1.2.1.jar:/Users/ganeshranganathan/.m2/repository/io/rest-assured/json-path/3.3.0/json-path-3.3.0.jar:/Users/ganeshranganathan/.m2/repository/io/rest-assured/rest-assured-common/3.3.0/rest-assured-common-3.3.0.jar:/Users/ganeshranganathan/.m2/repository/io/rest-assured/xml-path/3.3.0/xml-path-3.3.0.jar:/Users/ganeshranganathan/.m2/repository/com/sun/xml/bind/jaxb-osgi/2.2.10/jaxb-osgi-2.2.10.jar:/Users/ganeshranganathan/.m2/repository/org/apache/sling/org.apache.sling.javax.activation/0.1.0/org.apache.sling.javax.activation-0.1.0.jar:/Users/ganeshranganathan/.m2/repository/org/codehaus/groovy/groovy-xml/2.5.5/groovy-xml-2.5.5.jar:/Users/ganeshranganathan/.m2/repository/org/codehaus/groovy/groovy-json/2.5.5/groovy-json-2.5.5.jar:/Users/ganeshranganathan/.m2/repository/net/serenity-bdd/serenity-junit/2.0.69/serenity-junit-2.0.69.jar:/Users/ganeshranganathan/.m2/repository/ch/qos/logback/logback-classic/1.0.13/logback-classic-1.0.13.jar:/Users/ganeshranganathan/.m2/repository/ch/qos/logback/logback-core/1.0.13/logback-core-1.0.13.jar:/Users/ganeshranganathan/.m2/repository/junit/junit/4.12/junit-4.12.jar:/Users/ganeshranganathan/.m2/repository/org/assertj/assertj-core/3.6.2/assertj-core-3.6.2.jar:/Users/ganeshranganathan/.m2/repository/org/hamcrest/hamcrest-all/1.3/hamcrest-all-1.3.jar:"/>
    <property name="sun.cpu.endian" value="little"/>
    <property name="user.home" value="/Users/ganeshranganathan"/>
    <property name="user.language" value="en"/>
    <property name="java.specification.vendor" value="Oracle Corporation"/>
    <property name="java.home" value="/Library/Java/JavaVirtualMachines/jdk1.8.0_211.jdk/Contents/Home/jre"/>
    <property name="basedir" value="/QE_API_CHALLENGE-master"/>
    <property name="file.separator" value="/"/>
    <property name="line.separator" value="&#10;"/>
    <property name="java.vm.specification.vendor" value="Oracle Corporation"/>
    <property name="java.specification.name" value="Java Platform API Specification"/>
    <property name="java.awt.graphicsenv" value="sun.awt.CGraphicsEnvironment"/>
    <property name="surefire.real.class.path" value="/QE_API_CHALLENGE-master/target/surefire/surefirebooter2674417228737379963.jar"/>
    <property name="sun.boot.class.path" value="/Library/Java/JavaVirtualMachines/jdk1.8.0_211.jdk/Contents/Home/jre/lib/resources.jar:/Library/Java/JavaVirtualMachines/jdk1.8.0_211.jdk/Contents/Home/jre/lib/rt.jar:/Library/Java/JavaVirtualMachines/jdk1.8.0_211.jdk/Contents/Home/jre/lib/sunrsasign.jar:/Library/Java/JavaVirtualMachines/jdk1.8.0_211.jdk/Contents/Home/jre/lib/jsse.jar:/Library/Java/JavaVirtualMachines/jdk1.8.0_211.jdk/Contents/Home/jre/lib/jce.jar:/Library/Java/JavaVirtualMachines/jdk1.8.0_211.jdk/Contents/Home/jre/lib/charsets.jar:/Library/Java/JavaVirtualMachines/jdk1.8.0_211.jdk/Contents/Home/jre/lib/jfr.jar:/Library/Java/JavaVirtualMachines/jdk1.8.0_211.jdk/Contents/Home/jre/classes"/>
    <property name="sun.management.compiler" value="HotSpot 64-Bit Tiered Compilers"/>
    <property name="java.runtime.version" value="1.8.0_211-b12"/>
    <property name="user.name" value="ganeshranganathan"/>
    <property name="path.separator" value=":"/>
    <property name="os.version" value="10.14.6"/>
    <property name="java.endorsed.dirs" value="/Library/Java/JavaVirtualMachines/jdk1.8.0_211.jdk/Contents/Home/jre/lib/endorsed"/>
    <property name="java.runtime.name" value="Java(TM) SE Runtime Environment"/>
    <property name="file.encoding" value="UTF-8"/>
    <property name="webdriver.base.url" value=""/>
    <property name="java.vm.name" value="Java HotSpot(TM) 64-Bit Server VM"/>
    <property name="localRepository" value="/Users/ganeshranganathan/.m2/repository"/>
    <property name="java.vendor.url.bug" value="http://bugreport.sun.com/bugreport/"/>
    <property name="java.io.tmpdir" value="/var/folders/lb/71s3yy2n5dz_xckqydzj_lnc0000gp/T/"/>
    <property name="java.version" value="1.8.0_211"/>
    <property name="user.dir" value="/QE_API_CHALLENGE-master"/>
    <property name="os.arch" value="x86_64"/>
    <property name="java.vm.specification.name" value="Java Virtual Machine Specification"/>
    <property name="java.awt.printerjob" value="sun.lwawt.macosx.CPrinterJob"/>
    <property name="sun.os.patch.level" value="unknown"/>
    <property name="java.library.path" value="/Users/ganeshranganathan/Library/Java/Extensions:/Library/Java/Extensions:/Network/Library/Java/Extensions:/System/Library/Java/Extensions:/usr/lib/java:."/>
    <property name="java.vm.info" value="mixed mode"/>
    <property name="java.vendor" value="Oracle Corporation"/>
    <property name="java.vm.version" value="25.211-b12"/>
    <property name="java.ext.dirs" value="/Users/ganeshranganathan/Library/Java/Extensions:/Library/Java/JavaVirtualMachines/jdk1.8.0_211.jdk/Contents/Home/jre/lib/ext:/Library/Java/Extensions:/Network/Library/Java/Extensions:/System/Library/Java/Extensions:/usr/lib/java"/>
    <property name="sun.io.unicode.encoding" value="UnicodeBig"/>
    <property name="java.class.version" value="52.0"/>
  </properties>
  <testcase name="verifyThatUserCanQueryCurrentWeatherWithLocation_paramterized[1]" classname="com.test.rest.api.SerenityTest_lat_long" time="6.185">
    <failure message="1 expectation failed.&#10;JSON path data[0].weather.description doesn&apos;t match.&#10;Expected: is &quot;Few clouds&quot;&#10;  Actual: Overcast clouds&#10;" type="java.lang.AssertionError">java.lang.AssertionError: 
1 expectation failed.
JSON path data[0].weather.description doesn't match.
Expected: is "Few clouds"
  Actual: Overcast clouds

	at com.test.rest.api.SerenityTest_lat_long.verifyThatUserCanQueryCurrentWeatherWithLocation_paramterized(SerenityTest_lat_long.java:42)
</failure>
    <system-out><![CDATA[07:42:22.645 [main] DEBUG n.t.core.reports.ReportService - Reporting formats: [JSON, HTML]
07:42:22.771 [main] DEBUG n.t.core.reports.ReportService - Reporting formats: [JSON, HTML]
07:42:22.792 [main] DEBUG n.t.core.reports.ReportService - Reporting formats: [JSON, HTML]
07:42:22.796 [main] DEBUG n.t.core.reports.ReportService - Reporting formats: [JSON, HTML]
07:42:22.878 [pool-1-thread-1] INFO  n.t.c.steps.ConsoleLoggingListener - 

-------------------------------------------------------------------------------------
     _______. _______ .______       _______ .__   __.  __  .___________.____    ____ 
    /       ||   ____||   _  \     |   ____||  \ |  | |  | |           |\   \  /   / 
   |   (----`|  |__   |  |_)  |    |  |__   |   \|  | |  | `---|  |----` \   \/   /  
    \   \    |   __|  |      /     |   __|  |  . `  | |  |     |  |       \_    _/   
.----)   |   |  |____ |  |\  \----.|  |____ |  |\   | |  |     |  |         |  |     
|_______/    |_______|| _| `._____||_______||__| \__| |__|     |__|         |__|    
                                                                                     
 News and tutorials at http://www.serenity-bdd.info                                  
 Documentation at https://wakaleo.gitbooks.io/the-serenity-book/content/             
 Join the Serenity Community on Rocket Chat at https://serenity-bdd.rocket.chat      
 Serenity BDD Support and Training at http://serenity-bdd.info/#/trainingandsupport  
 Learn Serenity BDD online at http://serenity-dojo.com                               
-------------------------------------------------------------------------------------

07:42:29.178 [pool-1-thread-2] DEBUG n.t.core.requirements.RootDirectory - Resource directories found in /QE_API_CHALLENGE-master in 2 ms: []
07:42:29.199 [pool-1-thread-2] ERROR n.t.c.steps.ConsoleLoggingListener - 
           __  _____ _____ ____ _____   _____ _    ___ _     _____ ____  
  _       / / |_   _| ____/ ___|_   _| |  ___/ \  |_ _| |   | ____|  _ \ 
 (_)_____| |    | | |  _| \___ \ | |   | |_ / _ \  | || |   |  _| | | | |
  _|_____| |    | | | |___ ___) || |   |  _/ ___ \ | || |___| |___| |_| |
 (_)     | |    |_| |_____|____/ |_|   |_|/_/   \_\___|_____|_____|____/ 
          \_\                                                            

TEST FAILED: Verify that user can query current weather with location paramterized
--------------------------------------------------------------------------
07:42:29.204 [pool-1-thread-2] DEBUG n.t.c.steps.ConsoleLoggingListener - RELATED ISSUES: 
07:42:29.317 [pool-1-thread-2] ERROR n.t.c.steps.ConsoleLoggingListener - TEST FAILED AT STEP I should find weather: Few clouds
07:42:29.317 [pool-1-thread-2] ERROR n.t.c.steps.ConsoleLoggingListener - 1 expectation failed.JSON path data[0].weather.description doesn't match.Expected: is "Few clouds"  Actual: Overcast clouds
07:42:31.298 [pool-1-thread-1] ERROR n.t.c.steps.ConsoleLoggingListener - 
           __  _____ _____ ____ _____   _____ _    ___ _     _____ ____  
  _       / / |_   _| ____/ ___|_   _| |  ___/ \  |_ _| |   | ____|  _ \ 
 (_)_____| |    | | |  _| \___ \ | |   | |_ / _ \  | || |   |  _| | | | |
  _|_____| |    | | | |___ ___) || |   |  _/ ___ \ | || |___| |___| |_| |
 (_)     | |    |_| |_____|____/ |_|   |_|/_/   \_\___|_____|_____|____/ 
          \_\                                                            

TEST FAILED: Verify that user can query current weather with location paramterized
--------------------------------------------------------------------------
07:42:31.299 [pool-1-thread-1] DEBUG n.t.c.steps.ConsoleLoggingListener - RELATED ISSUES: 
07:42:31.299 [pool-1-thread-1] ERROR n.t.c.steps.ConsoleLoggingListener - TEST FAILED AT STEP I should find weather: Few clouds
07:42:31.299 [pool-1-thread-1] ERROR n.t.c.steps.ConsoleLoggingListener - 1 expectation failed.JSON path data[0].weather.description doesn't match.Expected: is "Few clouds"  Actual: Overcast clouds
07:42:31.306 [main] DEBUG n.t.core.reports.ReportService - Reporting formats: [JSON, HTML]
07:42:31.307 [main] DEBUG n.t.core.reports.ReportService - Reporting formats: [JSON, HTML]
07:42:31.312 [main] DEBUG n.t.core.reports.ReportService - Generating reports for 1 test outcomes using: net.thucydides.core.reports.json.JSONTestOutcomeReporter@294a6b8e
07:42:31.313 [pool-1-thread-1] DEBUG n.t.core.reports.ReportService - Processing test outcome Serenity test lat long:verifyThatUserCanQueryCurrentWeatherWithLocation_paramterized
07:42:31.313 [pool-1-thread-1] DEBUG n.t.core.reports.ReportService - net.thucydides.core.reports.json.JSONTestOutcomeReporter@294a6b8e: Generating report for test outcome: Serenity test lat long:verifyThatUserCanQueryCurrentWeatherWithLocation_paramterized
07:42:31.321 [pool-1-thread-1] DEBUG n.t.c.r.json.JSONTestOutcomeReporter - Generating JSON report for Verify that user can query current weather with location paramterized to file /QE_API_CHALLENGE-master/target/site/serenity/57fc9ff58e92cc0fdce4bae4065b6934f963d54ad39951328654816ed9bcec13.json (using temp file /QE_API_CHALLENGE-master/target/site/serenity/57fc9ff58e92cc0fdce4bae4065b6934f963d54ad39951328654816ed9bcec13.json99775dc9-9724-4c57-81b8-dec87a2d7a03)
07:42:31.362 [pool-1-thread-1] DEBUG n.t.core.reports.ReportService - Processing test outcome Serenity test lat long:verifyThatUserCanQueryCurrentWeatherWithLocation_paramterized done
07:42:31.363 [main] DEBUG n.t.core.reports.ReportService - Shutting down executor service
07:42:31.363 [main] DEBUG n.t.core.reports.ReportService - Reports generated in: 51 ms
07:42:31.363 [main] DEBUG n.t.core.reports.ReportService - Generating reports for 1 test outcomes using: net.thucydides.core.reports.html.HtmlAcceptanceTestReporter@4b1d6571
07:42:31.363 [pool-2-thread-1] DEBUG n.t.core.reports.ReportService - Processing test outcome Serenity test lat long:verifyThatUserCanQueryCurrentWeatherWithLocation_paramterized
07:42:31.363 [pool-2-thread-1] DEBUG n.t.core.reports.ReportService - net.thucydides.core.reports.html.HtmlAcceptanceTestReporter@4b1d6571: Generating report for test outcome: Serenity test lat long:verifyThatUserCanQueryCurrentWeatherWithLocation_paramterized
07:42:31.364 [pool-2-thread-1] DEBUG n.t.c.r.h.HtmlAcceptanceTestReporter - GENERATE TEST OUTCOME REPORT FOR verifyThatUserCanQueryCurrentWeatherWithLocation_paramterized in 57fc9ff58e92cc0fdce4bae4065b6934f963d54ad39951328654816ed9bcec13
07:42:31.367 [pool-2-thread-1] DEBUG n.t.c.r.RequirementsTagProvider -  found:[]
07:42:31.375 [pool-2-thread-1] DEBUG n.t.c.r.RequirementsTagProvider -  found:[]
07:42:31.445 [pool-2-thread-1] DEBUG n.t.c.r.h.HtmlAcceptanceTestReporter - GENERATING HTML REPORT FOR Serenity test lat long:verifyThatUserCanQueryCurrentWeatherWithLocation_paramterized in 57fc9ff58e92cc0fdce4bae4065b6934f963d54ad39951328654816ed9bcec13.html in directory target/site/serenity  
07:42:31.681 [pool-2-thread-1] DEBUG n.t.c.r.h.HtmlAcceptanceTestReporter - Generating report in 57fc9ff58e92cc0fdce4bae4065b6934f963d54ad39951328654816ed9bcec13.html
07:42:32.032 [pool-2-thread-1] DEBUG n.t.c.r.h.HtmlAcceptanceTestReporter - Generated report 57fc9ff58e92cc0fdce4bae4065b6934f963d54ad39951328654816ed9bcec13.html in 351 ms
07:42:32.033 [pool-2-thread-1] DEBUG n.t.core.reports.ReportService - Processing test outcome Serenity test lat long:verifyThatUserCanQueryCurrentWeatherWithLocation_paramterized done
07:42:32.033 [main] DEBUG n.t.core.reports.ReportService - Shutting down executor service
07:42:32.033 [main] DEBUG n.t.core.reports.ReportService - Reports generated in: 670 ms
07:42:32.199 [main] DEBUG n.t.core.reports.ReportService - Generating report for configuration
07:42:22.978 [pool-1-thread-2] DEBUG n.thucydides.core.steps.StepEventBus - Test suite started for class com.test.rest.api.SerenityTest_lat_long
07:42:22.985 [pool-1-thread-2] INFO  n.t.c.steps.ConsoleLoggingListener - Test Suite Started: Serenity test lat long
07:42:23.037 [pool-1-thread-2] DEBUG n.t.core.requirements.RootDirectory - Resource directories found in  in 10 ms: []
07:42:23.044 [pool-1-thread-2] INFO  n.t.c.steps.ConsoleLoggingListener - 
 _____ _____ ____ _____   ____ _____  _    ____ _____ _____ ____  
|_   _| ____/ ___|_   _| / ___|_   _|/ \  |  _ \_   _| ____|  _ \ 
  | | |  _| \___ \ | |   \___ \ | | / _ \ | |_) || | |  _| | | | |
  | | | |___ ___) || |    ___) || |/ ___ \|  _ < | | | |___| |_| |
  |_| |_____|____/ |_|   |____/ |_/_/   \_\_| \_\|_| |_____|____/ 
                                                                  

TEST STARTED: verifyThatUserCanQueryCurrentWeatherWithLocation_paramterized[1]
-------------------------------------------------------------------
07:42:23.044 [pool-1-thread-2] INFO  net.serenitybdd.core.Serenity - TEST NUMBER: 1
07:42:23.098 [pool-1-thread-2] DEBUG n.t.core.steps.StepInterceptor - STARTING STEP: SerenityTest_lat_long.verifyThatUserCanQueryCurrentWeatherWithLocation_paramterized - I try to search the weather with {0} latitude and {1} longitude
07:42:26.583 [pool-1-thread-2] DEBUG o.a.h.i.c.BasicClientConnectionManager - Get connection for route {s}->https://api.weatherbit.io:443
07:42:26.713 [pool-1-thread-2] DEBUG o.a.h.i.c.DefaultClientConnectionOperator - Connecting to api.weatherbit.io:443
07:42:27.978 [pool-1-thread-2] DEBUG o.a.h.c.protocol.RequestAddCookies - CookieSpec selected: ignoreCookies
07:42:27.979 [pool-1-thread-2] DEBUG o.a.h.c.protocol.RequestAuthCache - Auth cache not set in the context
07:42:27.980 [pool-1-thread-2] DEBUG o.a.h.c.p.RequestTargetAuthentication - Target auth state: UNCHALLENGED
07:42:27.980 [pool-1-thread-2] DEBUG o.a.h.c.p.RequestProxyAuthentication - Proxy auth state: UNCHALLENGED
07:42:27.981 [pool-1-thread-2] DEBUG o.a.h.impl.client.DefaultHttpClient - Attempt 1 to execute request
07:42:27.981 [pool-1-thread-2] DEBUG o.a.h.i.conn.DefaultClientConnection - Sending request: GET /v2.0/current?lat=78.25&lon=40&key=ff3d40689e234c448c6f9efc3c59cb10 HTTP/1.1
07:42:27.981 [pool-1-thread-2] DEBUG org.apache.http.wire -  >> "GET /v2.0/current?lat=78.25&lon=40&key=ff3d40689e234c448c6f9efc3c59cb10 HTTP/1.1[\r][\n]"
07:42:27.982 [pool-1-thread-2] DEBUG org.apache.http.wire -  >> "Accept: */*[\r][\n]"
07:42:27.982 [pool-1-thread-2] DEBUG org.apache.http.wire -  >> "Host: api.weatherbit.io[\r][\n]"
07:42:27.982 [pool-1-thread-2] DEBUG org.apache.http.wire -  >> "Connection: Keep-Alive[\r][\n]"
07:42:27.982 [pool-1-thread-2] DEBUG org.apache.http.wire -  >> "User-Agent: Apache-HttpClient/4.5.5 (Java/1.8.0_211)[\r][\n]"
07:42:27.982 [pool-1-thread-2] DEBUG org.apache.http.wire -  >> "Accept-Encoding: gzip,deflate[\r][\n]"
07:42:27.982 [pool-1-thread-2] DEBUG org.apache.http.wire -  >> "[\r][\n]"
07:42:27.982 [pool-1-thread-2] DEBUG org.apache.http.headers - >> GET /v2.0/current?lat=78.25&lon=40&key=ff3d40689e234c448c6f9efc3c59cb10 HTTP/1.1
07:42:27.982 [pool-1-thread-2] DEBUG org.apache.http.headers - >> Accept: */*
07:42:27.982 [pool-1-thread-2] DEBUG org.apache.http.headers - >> Host: api.weatherbit.io
07:42:27.982 [pool-1-thread-2] DEBUG org.apache.http.headers - >> Connection: Keep-Alive
07:42:27.982 [pool-1-thread-2] DEBUG org.apache.http.headers - >> User-Agent: Apache-HttpClient/4.5.5 (Java/1.8.0_211)
07:42:27.982 [pool-1-thread-2] DEBUG org.apache.http.headers - >> Accept-Encoding: gzip,deflate
07:42:28.316 [pool-1-thread-2] DEBUG org.apache.http.wire -  << "HTTP/1.1 200 OK[\r][\n]"
07:42:28.317 [pool-1-thread-2] DEBUG org.apache.http.wire -  << "Server: openresty/1.11.2.2[\r][\n]"
07:42:28.317 [pool-1-thread-2] DEBUG org.apache.http.wire -  << "Date: Fri, 22 Nov 2019 20:42:28 GMT[\r][\n]"
07:42:28.318 [pool-1-thread-2] DEBUG org.apache.http.wire -  << "Content-Type: application/json; charset=utf-8[\r][\n]"
07:42:28.318 [pool-1-thread-2] DEBUG org.apache.http.wire -  << "Transfer-Encoding: chunked[\r][\n]"
07:42:28.318 [pool-1-thread-2] DEBUG org.apache.http.wire -  << "X-RateLimit-Limit: 500[\r][\n]"
07:42:28.318 [pool-1-thread-2] DEBUG org.apache.http.wire -  << "X-RateLimit-Remaining: 488[\r][\n]"
07:42:28.318 [pool-1-thread-2] DEBUG org.apache.http.wire -  << "X-RateLimit-Reset: 1574486497[\r][\n]"
07:42:28.318 [pool-1-thread-2] DEBUG org.apache.http.wire -  << "X-Proxy-Cache: MISS[\r][\n]"
07:42:28.318 [pool-1-thread-2] DEBUG org.apache.http.wire -  << "Access-Control-Allow-Origin: *[\r][\n]"
07:42:28.318 [pool-1-thread-2] DEBUG org.apache.http.wire -  << "Access-Control-Allow-Methods: GET, OPTIONS, POST[\r][\n]"
07:42:28.318 [pool-1-thread-2] DEBUG org.apache.http.wire -  << "Access-Control-Allow-Headers: DNT,X-CustomHeader,Keep-Alive,User-Agent,X-Requested-With,If-Modified-Since,Cache-Control,Content-Type,Content-Range,Range[\r][\n]"
07:42:28.318 [pool-1-thread-2] DEBUG org.apache.http.wire -  << "Access-Control-Expose-Headers: DNT,X-CustomHeader,Keep-Alive,User-Agent,X-Requested-With,If-Modified-Since,Cache-Control,Content-Type,Content-Range,Range[\r][\n]"
07:42:28.318 [pool-1-thread-2] DEBUG org.apache.http.wire -  << "X-Cache-Key: api.weatherbit.io/v2.0/current?lat=78.25&lon=40&key=ff3d40689e234c448c6f9efc3c59cb10[\r][\n]"
07:42:28.318 [pool-1-thread-2] DEBUG org.apache.http.wire -  << "Content-Encoding: gzip[\r][\n]"
07:42:28.318 [pool-1-thread-2] DEBUG org.apache.http.wire -  << "[\r][\n]"
07:42:28.318 [pool-1-thread-2] DEBUG o.a.h.i.conn.DefaultClientConnection - Receiving response: HTTP/1.1 200 OK
07:42:28.319 [pool-1-thread-2] DEBUG org.apache.http.headers - << HTTP/1.1 200 OK
07:42:28.319 [pool-1-thread-2] DEBUG org.apache.http.headers - << Server: openresty/1.11.2.2
07:42:28.319 [pool-1-thread-2] DEBUG org.apache.http.headers - << Date: Fri, 22 Nov 2019 20:42:28 GMT
07:42:28.319 [pool-1-thread-2] DEBUG org.apache.http.headers - << Content-Type: application/json; charset=utf-8
07:42:28.319 [pool-1-thread-2] DEBUG org.apache.http.headers - << Transfer-Encoding: chunked
07:42:28.319 [pool-1-thread-2] DEBUG org.apache.http.headers - << X-RateLimit-Limit: 500
07:42:28.319 [pool-1-thread-2] DEBUG org.apache.http.headers - << X-RateLimit-Remaining: 488
07:42:28.319 [pool-1-thread-2] DEBUG org.apache.http.headers - << X-RateLimit-Reset: 1574486497
07:42:28.319 [pool-1-thread-2] DEBUG org.apache.http.headers - << X-Proxy-Cache: MISS
07:42:28.319 [pool-1-thread-2] DEBUG org.apache.http.headers - << Access-Control-Allow-Origin: *
07:42:28.319 [pool-1-thread-2] DEBUG org.apache.http.headers - << Access-Control-Allow-Methods: GET, OPTIONS, POST
07:42:28.319 [pool-1-thread-2] DEBUG org.apache.http.headers - << Access-Control-Allow-Headers: DNT,X-CustomHeader,Keep-Alive,User-Agent,X-Requested-With,If-Modified-Since,Cache-Control,Content-Type,Content-Range,Range
07:42:28.319 [pool-1-thread-2] DEBUG org.apache.http.headers - << Access-Control-Expose-Headers: DNT,X-CustomHeader,Keep-Alive,User-Agent,X-Requested-With,If-Modified-Since,Cache-Control,Content-Type,Content-Range,Range
07:42:28.319 [pool-1-thread-2] DEBUG org.apache.http.headers - << X-Cache-Key: api.weatherbit.io/v2.0/current?lat=78.25&lon=40&key=ff3d40689e234c448c6f9efc3c59cb10
07:42:28.319 [pool-1-thread-2] DEBUG org.apache.http.headers - << Content-Encoding: gzip
07:42:28.323 [pool-1-thread-2] DEBUG o.a.h.impl.client.DefaultHttpClient - Connection can be kept alive indefinitely
07:42:28.337 [pool-1-thread-2] DEBUG i.r.i.RequestSpecificationImpl$RestAssuredHttpBuilder - Parsing response as: application/json; charset=utf-8
07:42:28.338 [pool-1-thread-2] DEBUG org.apache.http.wire -  << "1ab[\r][\n]"
07:42:28.338 [pool-1-thread-2] DEBUG org.apache.http.wire -  << "[0x1f][0x8b][0x8][0x0][0x0][0x0][0x0][0x0][0x0][0x3]mR[0xc1]n[0xdc] [0x14][0xbc][0xe7]+V[0x9c]m[0x7][0xb3]x[0xd7][0xe6][0xd6]COU[0x15][0xa9]I[0xd4]C[0x12]![0x8a]i[0x8c]D[0x80][0x2][0xb6][0x95][0xae][0xf6][0xdf][0xf3]`[0xbd]R[0xa4][0xf6][0x4]z[0xf3][0xe6][0xcd]0[0x8f][0x13][0x1a]E[0x12][0x88]=[0x9d]P[0x98][0x10];[0xe][0x15][0xf2]nD[0xc]YT![0xe3],b[0x14]C)[0xa8][0x88]X[0x8b][0xdb][0xa1]i[0xbb][\n]"
07:42:28.338 [pool-1-thread-2] DEBUG org.apache.http.wire -  << "%[0xfd][0xa6][0xfe]:[0xab][0xa0][0xed][0xeb][0x1c][0x9c]W[0xcf][0xb7][0xdf]][0x94]n[0x5][0x8e][0xfb][0xc5]3[0xc][0x10][0x81][0xf6][0xba]mkBv[0x4]3J[0x0][0x94]n[0xb6])[0xbc]s[0xe9][0xc6][0xdc][0xf1][0xe3]1[0xd7][0x8c][0x9b][0xc7]2[0x1d][0x84]R[0xbe]tGJ[0xbb]nO[0xfb][\n]"
07:42:28.338 [pool-1-thread-2] DEBUG org.apache.http.wire -  << "EgD[0xe0]A[0x80]#@c[0x12]I][0xc9]t[0xc8]d[0x9d][0xde][0xb9][0x15]E[0xef].[0xa6][0xe0][0x96][0xdd][0xb7]I[0x4][0xe3][0x16][0x0]WmG[0x1e]=p[0xf7][0xcd]a[0xe8]z[0x98]gDL[0xfc][0x16][0x1f][0xc0]"[0xe9][0x18][0xc6]W[0x9e][0x1c]u[0xe0][0xbf]gc[0xa0]-[0xba]9M[0xab][0x8a][0xe9]3[0x8][0xf5][0xfb][0x9f]P[0x88][0xc6]o[0xd1][0x10][0x88]f[0xd1][0xf0][0x2]B[0x9b]vO![0xca][0x89][0xb][0xfb]j@[0xc9][0xc2] h[0x9d]mT[0x9][0x88][0xc3][0xc0][0x86]l[0xb4][0xba]<lT[0xab][0x87]z}h[0x80][0x14]-[0x4][0x99][0xab][0xf3]R[0xe][0x8]_j_[0xae]E[0xbc]h[0x93][0xf6]P[0xe6][0x5][0x1d][0xf3]C0[0xbe]X[0x9d][0xb6][0x81][0xdb])[0xfe][0xe8][0xab][0xb8][0x11][0xa0]p[0xec][0x8b][0xcb]U[0x89]4)[0x18]sBZ[0xe6]%#[0x89]i[0xde][0xf8][0x96]m[0x8f]iv[0xa7][0xa2][0xc][0xda]']:[0xee][0x16][0x15]$[0xc4][0xb7][0xdb][0x16]v[0xae][0xf2][0xd7]Q[0xff]$[0xc9]H6[0x92][0xd4][0x1b]X[0xae][0xf7][0xcd][0xf1][0xb2][0xb6][0xcb][0x8c]/[0x8f]}[0xdb][0x1][0xaa][0x8c]Z[0xae][0xd1][0xd4][0x4][0x92][0x83].[0xe1]=[0xdf]XCs8[0xbf]l[0xbf][0x5][0xb2]=[0xdf]|[0x0][0xad][0x14]|[0xf1][0xa6][0x2][0x0][0x0]"
07:42:28.338 [pool-1-thread-2] DEBUG org.apache.http.wire -  << "[\r][\n]"
07:42:28.338 [pool-1-thread-2] DEBUG org.apache.http.wire -  << "0[\r][\n]"
07:42:28.339 [pool-1-thread-2] DEBUG org.apache.http.wire -  << "[\r][\n]"
07:42:28.339 [pool-1-thread-2] DEBUG i.r.i.RequestSpecificationImpl$RestAssuredHttpBuilder - Parsed data to instance of: class org.apache.http.conn.EofSensorInputStream
07:42:28.394 [pool-1-thread-2] DEBUG o.a.h.i.c.BasicClientConnectionManager - Releasing connection org.apache.http.impl.conn.ManagedClientConnectionImpl@4dc4e2d6
07:42:28.394 [pool-1-thread-2] DEBUG o.a.h.i.c.BasicClientConnectionManager - Connection can be kept alive indefinitely
07:42:28.503 [pool-1-thread-2] DEBUG n.t.core.steps.StepInterceptor - STEP DONE: I try to search the weather with {0} latitude and {1} longitude
07:42:28.507 [pool-1-thread-2] DEBUG n.t.core.steps.StepInterceptor - STARTING STEP: SerenityTest_lat_long.verifyThatUserCanQueryCurrentWeatherWithLocation_paramterized - then I should get status code {0}
07:42:28.554 [pool-1-thread-2] DEBUG n.t.core.steps.StepInterceptor - STEP DONE: then I should get status code {0}
07:42:28.556 [pool-1-thread-2] DEBUG n.t.core.steps.StepInterceptor - STARTING STEP: SerenityTest_lat_long.verifyThatUserCanQueryCurrentWeatherWithLocation_paramterized - iShouldFindWeather
07:42:29.154 [pool-1-thread-2] DEBUG n.t.core.steps.StepInterceptor - STEP FAILED: iShouldFindWeather - 1 expectation failed.
JSON path data[0].weather.description doesn't match.
Expected: is "Few clouds"
  Actual: Overcast clouds

]]></system-out>
  </testcase>
  <testcase name="verifyThatUserCanQueryCurrentWeatherWithLocation_paramterized[0]" classname="com.test.rest.api.SerenityTest_lat_long" time="8.25">
    <failure message="1 expectation failed.&#10;JSON path data[0].weather.description doesn&apos;t match.&#10;Expected: is &quot;Few clouds&quot;&#10;  Actual: Overcast clouds&#10;" type="java.lang.AssertionError">java.lang.AssertionError: 
1 expectation failed.
JSON path data[0].weather.description doesn't match.
Expected: is "Few clouds"
  Actual: Overcast clouds

	at com.test.rest.api.SerenityTest_lat_long.verifyThatUserCanQueryCurrentWeatherWithLocation_paramterized(SerenityTest_lat_long.java:42)
</failure>
    <system-out><![CDATA[07:42:23.046 [pool-1-thread-1] DEBUG n.thucydides.core.steps.StepEventBus - Test suite started for class com.test.rest.api.SerenityTest_lat_long
07:42:23.047 [pool-1-thread-1] INFO  n.t.c.steps.ConsoleLoggingListener - Test Suite Started: Serenity test lat long
07:42:23.049 [pool-1-thread-1] INFO  n.t.c.steps.ConsoleLoggingListener - 
 _____ _____ ____ _____   ____ _____  _    ____ _____ _____ ____  
|_   _| ____/ ___|_   _| / ___|_   _|/ \  |  _ \_   _| ____|  _ \ 
  | | |  _| \___ \ | |   \___ \ | | / _ \ | |_) || | |  _| | | | |
  | | | |___ ___) || |    ___) || |/ ___ \|  _ < | | | |___| |_| |
  |_| |_____|____/ |_|   |____/ |_/_/   \_\_| \_\|_| |_____|____/ 
                                                                  

TEST STARTED: verifyThatUserCanQueryCurrentWeatherWithLocation_paramterized[0]
-------------------------------------------------------------------
07:42:23.049 [pool-1-thread-1] INFO  net.serenitybdd.core.Serenity - TEST NUMBER: 2
07:42:23.098 [pool-1-thread-1] DEBUG n.t.core.steps.StepInterceptor - STARTING STEP: SerenityTest_lat_long.verifyThatUserCanQueryCurrentWeatherWithLocation_paramterized - I try to search the weather with {0} latitude and {1} longitude
07:42:26.583 [pool-1-thread-1] DEBUG o.a.h.i.c.BasicClientConnectionManager - Get connection for route {s}->https://api.weatherbit.io:443
07:42:26.713 [pool-1-thread-1] DEBUG o.a.h.i.c.DefaultClientConnectionOperator - Connecting to api.weatherbit.io:443
07:42:27.978 [pool-1-thread-1] DEBUG o.a.h.c.protocol.RequestAddCookies - CookieSpec selected: ignoreCookies
07:42:27.979 [pool-1-thread-1] DEBUG o.a.h.c.protocol.RequestAuthCache - Auth cache not set in the context
07:42:27.980 [pool-1-thread-1] DEBUG o.a.h.c.p.RequestTargetAuthentication - Target auth state: UNCHALLENGED
07:42:27.980 [pool-1-thread-1] DEBUG o.a.h.c.p.RequestProxyAuthentication - Proxy auth state: UNCHALLENGED
07:42:27.981 [pool-1-thread-1] DEBUG o.a.h.impl.client.DefaultHttpClient - Attempt 1 to execute request
07:42:27.981 [pool-1-thread-1] DEBUG o.a.h.i.conn.DefaultClientConnection - Sending request: GET /v2.0/current?lat=78.25&lon=38&key=ff3d40689e234c448c6f9efc3c59cb10 HTTP/1.1
07:42:27.981 [pool-1-thread-1] DEBUG org.apache.http.wire -  >> "GET /v2.0/current?lat=78.25&lon=38&key=ff3d40689e234c448c6f9efc3c59cb10 HTTP/1.1[\r][\n]"
07:42:27.982 [pool-1-thread-1] DEBUG org.apache.http.wire -  >> "Accept: */*[\r][\n]"
07:42:27.982 [pool-1-thread-1] DEBUG org.apache.http.wire -  >> "Host: api.weatherbit.io[\r][\n]"
07:42:27.982 [pool-1-thread-1] DEBUG org.apache.http.wire -  >> "Connection: Keep-Alive[\r][\n]"
07:42:27.982 [pool-1-thread-1] DEBUG org.apache.http.wire -  >> "User-Agent: Apache-HttpClient/4.5.5 (Java/1.8.0_211)[\r][\n]"
07:42:27.982 [pool-1-thread-1] DEBUG org.apache.http.wire -  >> "Accept-Encoding: gzip,deflate[\r][\n]"
07:42:27.982 [pool-1-thread-1] DEBUG org.apache.http.wire -  >> "[\r][\n]"
07:42:27.982 [pool-1-thread-1] DEBUG org.apache.http.headers - >> GET /v2.0/current?lat=78.25&lon=38&key=ff3d40689e234c448c6f9efc3c59cb10 HTTP/1.1
07:42:27.982 [pool-1-thread-1] DEBUG org.apache.http.headers - >> Accept: */*
07:42:27.982 [pool-1-thread-1] DEBUG org.apache.http.headers - >> Host: api.weatherbit.io
07:42:27.982 [pool-1-thread-1] DEBUG org.apache.http.headers - >> Connection: Keep-Alive
07:42:27.982 [pool-1-thread-1] DEBUG org.apache.http.headers - >> User-Agent: Apache-HttpClient/4.5.5 (Java/1.8.0_211)
07:42:27.982 [pool-1-thread-1] DEBUG org.apache.http.headers - >> Accept-Encoding: gzip,deflate
07:42:31.268 [pool-1-thread-1] DEBUG org.apache.http.wire -  << "HTTP/1.1 200 OK[\r][\n]"
07:42:31.268 [pool-1-thread-1] DEBUG org.apache.http.wire -  << "Server: openresty/1.11.2.2[\r][\n]"
07:42:31.268 [pool-1-thread-1] DEBUG org.apache.http.wire -  << "Date: Fri, 22 Nov 2019 20:42:31 GMT[\r][\n]"
07:42:31.268 [pool-1-thread-1] DEBUG org.apache.http.wire -  << "Content-Type: application/json; charset=utf-8[\r][\n]"
07:42:31.268 [pool-1-thread-1] DEBUG org.apache.http.wire -  << "Transfer-Encoding: chunked[\r][\n]"
07:42:31.268 [pool-1-thread-1] DEBUG org.apache.http.wire -  << "X-RateLimit-Limit: 500[\r][\n]"
07:42:31.268 [pool-1-thread-1] DEBUG org.apache.http.wire -  << "X-RateLimit-Remaining: 487[\r][\n]"
07:42:31.268 [pool-1-thread-1] DEBUG org.apache.http.wire -  << "X-RateLimit-Reset: 1574486497[\r][\n]"
07:42:31.268 [pool-1-thread-1] DEBUG org.apache.http.wire -  << "X-Proxy-Cache: MISS[\r][\n]"
07:42:31.268 [pool-1-thread-1] DEBUG org.apache.http.wire -  << "Access-Control-Allow-Origin: *[\r][\n]"
07:42:31.268 [pool-1-thread-1] DEBUG org.apache.http.wire -  << "Access-Control-Allow-Methods: GET, OPTIONS, POST[\r][\n]"
07:42:31.268 [pool-1-thread-1] DEBUG org.apache.http.wire -  << "Access-Control-Allow-Headers: DNT,X-CustomHeader,Keep-Alive,User-Agent,X-Requested-With,If-Modified-Since,Cache-Control,Content-Type,Content-Range,Range[\r][\n]"
07:42:31.268 [pool-1-thread-1] DEBUG org.apache.http.wire -  << "Access-Control-Expose-Headers: DNT,X-CustomHeader,Keep-Alive,User-Agent,X-Requested-With,If-Modified-Since,Cache-Control,Content-Type,Content-Range,Range[\r][\n]"
07:42:31.269 [pool-1-thread-1] DEBUG org.apache.http.wire -  << "X-Cache-Key: api.weatherbit.io/v2.0/current?lat=78.25&lon=38&key=ff3d40689e234c448c6f9efc3c59cb10[\r][\n]"
07:42:31.269 [pool-1-thread-1] DEBUG org.apache.http.wire -  << "Content-Encoding: gzip[\r][\n]"
07:42:31.269 [pool-1-thread-1] DEBUG org.apache.http.wire -  << "[\r][\n]"
07:42:31.269 [pool-1-thread-1] DEBUG o.a.h.i.conn.DefaultClientConnection - Receiving response: HTTP/1.1 200 OK
07:42:31.269 [pool-1-thread-1] DEBUG org.apache.http.headers - << HTTP/1.1 200 OK
07:42:31.269 [pool-1-thread-1] DEBUG org.apache.http.headers - << Server: openresty/1.11.2.2
07:42:31.269 [pool-1-thread-1] DEBUG org.apache.http.headers - << Date: Fri, 22 Nov 2019 20:42:31 GMT
07:42:31.269 [pool-1-thread-1] DEBUG org.apache.http.headers - << Content-Type: application/json; charset=utf-8
07:42:31.269 [pool-1-thread-1] DEBUG org.apache.http.headers - << Transfer-Encoding: chunked
07:42:31.269 [pool-1-thread-1] DEBUG org.apache.http.headers - << X-RateLimit-Limit: 500
07:42:31.269 [pool-1-thread-1] DEBUG org.apache.http.headers - << X-RateLimit-Remaining: 487
07:42:31.269 [pool-1-thread-1] DEBUG org.apache.http.headers - << X-RateLimit-Reset: 1574486497
07:42:31.269 [pool-1-thread-1] DEBUG org.apache.http.headers - << X-Proxy-Cache: MISS
07:42:31.269 [pool-1-thread-1] DEBUG org.apache.http.headers - << Access-Control-Allow-Origin: *
07:42:31.269 [pool-1-thread-1] DEBUG org.apache.http.headers - << Access-Control-Allow-Methods: GET, OPTIONS, POST
07:42:31.269 [pool-1-thread-1] DEBUG org.apache.http.headers - << Access-Control-Allow-Headers: DNT,X-CustomHeader,Keep-Alive,User-Agent,X-Requested-With,If-Modified-Since,Cache-Control,Content-Type,Content-Range,Range
07:42:31.269 [pool-1-thread-1] DEBUG org.apache.http.headers - << Access-Control-Expose-Headers: DNT,X-CustomHeader,Keep-Alive,User-Agent,X-Requested-With,If-Modified-Since,Cache-Control,Content-Type,Content-Range,Range
07:42:31.269 [pool-1-thread-1] DEBUG org.apache.http.headers - << X-Cache-Key: api.weatherbit.io/v2.0/current?lat=78.25&lon=38&key=ff3d40689e234c448c6f9efc3c59cb10
07:42:31.269 [pool-1-thread-1] DEBUG org.apache.http.headers - << Content-Encoding: gzip
07:42:31.270 [pool-1-thread-1] DEBUG o.a.h.impl.client.DefaultHttpClient - Connection can be kept alive indefinitely
07:42:31.270 [pool-1-thread-1] DEBUG i.r.i.RequestSpecificationImpl$RestAssuredHttpBuilder - Parsing response as: application/json; charset=utf-8
07:42:31.270 [pool-1-thread-1] DEBUG org.apache.http.wire -  << "1b8[\r][\n]"
07:42:31.270 [pool-1-thread-1] DEBUG org.apache.http.wire -  << "[0x1f][0x8b][0x8][0x0][0x0][0x0][0x0][0x0][0x0][0x3]mR[0xdb][0xaa][0xdc] [0x14]}[0xef]W[0xc]>'[0xa9]:[0xa6][0x13]};[0xd0][0xc7]B[0xa1][0xed][0xa1][0xd0][0xb][0xe2]1v"x4U3C:[0xc][0xf4]7[0xfa]{[0xfd][0x92]n[0x9d][0xc][0x14][0xda]'e[0xb9][0xf6]Zk[0xef][0xed][0x5][0x8d]*+$>_P[0x9c][0x90][0x18]H[0x83][0xe6]0"[0x81]<j[0x90][0xb][0x1e][0x89][0xfd][0x0]P4[0x9][0x9][0x82][0xc9][0xd0]q`d[0xfb]l~[0x4]o[0x80][0xf6][0x10]u[0xb6][0xfa][0xcb][0xcb]7[0xc1][0x1f]W[0xa3][0xe2][0xd3]jJex[0x92][0x85][0x4][0x4][0x8a][0x9]o[0x9]i)[0xdd]Q,[0x18][0x85]G[0x1d][0x16][0x9f][0xe3]*u[0x18][0xb][0xe3][0xdd]c[0xc1]\X[0xc6][0xea][0x81]A[0xbf]\[0xfa][0x3]c}[0xbf][0xef][0xc1]/[0x5][0xa7][0xa2][0x8c][\n]"
07:42:31.270 [pool-1-thread-1] DEBUG org.apache.http.wire -  << "r[0xc1]k[0xca]*[0x9b]{1[0xe3][0xa5][0xd8][0xe6]UzU[0xfd]^+[0xf7][0xfb][0xe7]/oW[0xb3][0xfb]d[0x9c][0xf1]9[0xad][0xc0]8[?[0xca]4[0x83][0x0][0xeb]0#[0x94]As*e[0xf9][0xbf][0x9c][0x1f] '[0xed][0x5][0xc6][0xf7]:=[0xda]([0xbf]-[0xce][0x1]-[0x85]%Og[0x93][0xf2][0xdf][0x8f][0x80][0xbf][0xff][0x8]@r[0xf3]6[0xa5][0x3]o[0xd0][0xc9]B[0x1b][0x94]t[0x3]![0xfb][0x6]MR[0xf9][0xa3][0x3]'[0xf]B@]|2[0x19][\n]"
07:42:31.270 [pool-1-thread-1] DEBUG org.apache.http.wire -  << "9[0x17][0xbc][0xf4]0z[[0xbb][0x1b][0xcd]y[0x6][0xbc]}[0xd5]AQ[0xf2][0xe1]\[0xd1][0xe5]T[0xf][0xd8][0x83][0xb6]s[0xbd]V[0xf3][0xea]M[0x9][0xaf]z[0xd1][0xa6][0xd2][0x8][0xc6][0xb7][0xe8][0xc7]i[0x13][0xdc]N[0xf5][0xdd][0xde][0xcd][0x9d][0x2][0x87][0xc3][0xd0][0xd1][0x1e]t[0x8c][0xca][0x93][0x1][0x99][0xb][0xb2][0xba][0xec][0x1b]i[0xcc][0xca][\n]"
07:42:31.270 [pool-1-thread-1] DEBUG org.apache.http.wire -  << "[0xb7][0x1][0xf][0x98][0x95]t&[0xe9]h[0xe7]l+[0xe3][0xed][0xc9]D[\r][0xe3][0xdb]m[[0xbb]6[0xe5][0x17][0x99]&)h[0x9][0x92][0xcd]3Dn[0xf7][0x1d][0xbb][0xed][0xee][0xa6][0xf1][0xf0]8[0x90][0x1e]^aG[0xa7][0xfb]hZ[0xca];z[0x80][0xa8][0xf3],[0xb7]*[0x0][0xae]_[0xb7]/[0x3][0xb3][0xbd][0xbe][0xf8][0x3]_[0xc3]\[0x9d][0xb1][0x2][0x0][0x0]"
07:42:31.270 [pool-1-thread-1] DEBUG org.apache.http.wire -  << "[\r][\n]"
07:42:31.271 [pool-1-thread-1] DEBUG org.apache.http.wire -  << "0[\r][\n]"
07:42:31.271 [pool-1-thread-1] DEBUG org.apache.http.wire -  << "[\r][\n]"
07:42:31.271 [pool-1-thread-1] DEBUG i.r.i.RequestSpecificationImpl$RestAssuredHttpBuilder - Parsed data to instance of: class org.apache.http.conn.EofSensorInputStream
07:42:31.274 [pool-1-thread-1] DEBUG o.a.h.i.c.BasicClientConnectionManager - Releasing connection org.apache.http.impl.conn.ManagedClientConnectionImpl@7e69c551
07:42:31.274 [pool-1-thread-1] DEBUG o.a.h.i.c.BasicClientConnectionManager - Connection can be kept alive indefinitely
07:42:31.277 [pool-1-thread-1] DEBUG n.t.core.steps.StepInterceptor - STEP DONE: I try to search the weather with {0} latitude and {1} longitude
07:42:31.278 [pool-1-thread-1] DEBUG n.t.core.steps.StepInterceptor - STARTING STEP: SerenityTest_lat_long.verifyThatUserCanQueryCurrentWeatherWithLocation_paramterized - then I should get status code {0}
07:42:31.279 [pool-1-thread-1] DEBUG n.t.core.steps.StepInterceptor - STEP DONE: then I should get status code {0}
07:42:31.280 [pool-1-thread-1] DEBUG n.t.core.steps.StepInterceptor - STARTING STEP: SerenityTest_lat_long.verifyThatUserCanQueryCurrentWeatherWithLocation_paramterized - iShouldFindWeather
07:42:31.295 [pool-1-thread-1] DEBUG n.t.core.steps.StepInterceptor - STEP FAILED: iShouldFindWeather - 1 expectation failed.
JSON path data[0].weather.description doesn't match.
Expected: is "Few clouds"
  Actual: Overcast clouds

]]></system-out>
  </testcase>
</testsuite>